#
# A fatal error has been detected by the Java Runtime Environment:
#
#  EXCEPTION_ACCESS_VIOLATION (0xc0000005) at pc=0x00007ffbd8b9aca8, pid=11388, tid=0x0000000000000ff0
#
# JRE version: Java(TM) SE Runtime Environment (8.0_221-b11) (build 1.8.0_221-b11)
# Java VM: Java HotSpot(TM) 64-Bit Server VM (25.221-b11 mixed mode windows-amd64 compressed oops)
# Problematic frame:
# C  [MSCTF.dll+0x2aca8]
#
# Failed to write core dump. Minidumps are not enabled by default on client versions of Windows
#
# If you would like to submit a bug report, please visit:
#   http://bugreport.java.com/bugreport/crash.jsp
# The crash happened outside the Java Virtual Machine in native code.
# See problematic frame for where to report the bug.
#

---------------  T H R E A D  ---------------

Current thread (0x0000000002b53000):  JavaThread "main" [_thread_in_native, id=4080, stack(0x0000000000840000,0x0000000000940000)]

siginfo: ExceptionCode=0xc0000005, reading address 0x0000000000000020

Registers:
RAX=0x0000000000000000, RBX=0x00000000202c38c0, RCX=0x000000003240d450, RDX=0x0000000000000002
RSP=0x000000000093da30, RBP=0x0000000000000000, RSI=0x0000000000000000, RDI=0x0000000040000000
R8 =0x0000000000aea0f0, R9 =0x0000000000000000, R10=0x00000000012556a0, R11=0x0000000000000000
R12=0x00000000ffffffff, R13=0x0000000000000000, R14=0x0000000000000000, R15=0x0000000000000000
RIP=0x00007ffbd8b9aca8, EFLAGS=0x0000000000010206

Top of Stack: (sp=0x000000000093da30)
0x000000000093da30:   0000000002e808da 000000000093e1b8
0x000000000093da40:   000000001a2008b0 0000000000000001
0x000000000093da50:   000000001a2008b0 0000000000000000
0x000000000093da60:   00007ffb00000000 cafebabe00000000
0x000000000093da70:   0000000000000000 0000000000000000
0x000000000093da80:   00005f05ca736d99 0000000000000000
0x000000000093da90:   0000000000000001 00000000cc72524e
0x000000000093daa0:   0000000000000000 0000000000000002
0x000000000093dab0:   00000000202c38f8 00007ffbd8b9a6cd
0x000000000093dac0:   0000000000000000 0000000000000002
0x000000000093dad0:   0000000000000000 0000000000000000
0x000000000093dae0:   0000000000000000 00000000cb5b8a10
0x000000000093daf0:   0000000000000000 00000000cb5b8b90
0x000000000093db00:   0000000000000000 000000002f3e2390
0x000000000093db10:   0000000000000013 00000000202c3350
0x000000000093db20:   0000000000411aba 000000000093dc90 

Instructions: (pc=0x00007ffbd8b9aca8)
0x00007ffbd8b9ac88:   c9 74 0d 48 8b 01 48 8b 40 10 ff 15 30 0e 0d 00
0x00007ffbd8b9ac98:   ff c6 3b 77 38 0f 8d 8e fd ff ff eb bb 48 8b 01
0x00007ffbd8b9aca8:   48 8b 40 20 e9 05 ff ff ff 4d 8b 66 48 4d 85 e4
0x00007ffbd8b9acb8:   0f 85 c0 f5 02 00 4d 8b 76 18 4d 85 f6 0f 84 5d 


Register to memory mapping:

RAX=0x0000000000000000 is an unknown value
RBX=0x00000000202c38c0 is an unknown value
RCX=0x000000003240d450 is an unknown value
RDX=0x0000000000000002 is an unknown value
RSP=0x000000000093da30 is pointing into the stack for thread: 0x0000000002b53000
RBP=0x0000000000000000 is an unknown value
RSI=0x0000000000000000 is an unknown value
RDI=0x0000000040000000 is an unknown value
R8 =0x0000000000aea0f0 is an unknown value
R9 =0x0000000000000000 is an unknown value
R10=0x00000000012556a0 is an unknown value
R11=0x0000000000000000 is an unknown value
R12=
[error occurred during error reporting (printing register info), id 0xc0000005]

Stack: [0x0000000000840000,0x0000000000940000],  sp=0x000000000093da30,  free space=1014k
Native frames: (J=compiled Java code, j=interpreted, Vv=VM code, C=native code)

Java frames: (J=compiled Java code, j=interpreted, Vv=VM code)
J 11607  org.eclipse.swt.internal.win32.OS.DispatchMessage(Lorg/eclipse/swt/internal/win32/MSG;)J (0 bytes) @ 0x000000000475df12 [0x000000000475dec0+0x52]
J 18309 C2 org.eclipse.swt.widgets.Display.readAndDispatch()Z (94 bytes) @ 0x000000000362e3cc [0x000000000362e220+0x1ac]
J 25963% C2 org.eclipse.e4.ui.internal.workbench.swt.PartRenderingEngine$5.run()V (690 bytes) @ 0x0000000007a61a30 [0x0000000007a61800+0x230]
j  org.eclipse.core.databinding.observable.Realm.runWithDefault(Lorg/eclipse/core/databinding/observable/Realm;Ljava/lang/Runnable;)V+12
j  org.eclipse.e4.ui.internal.workbench.swt.PartRenderingEngine.run(Lorg/eclipse/e4/ui/model/application/MApplicationElement;Lorg/eclipse/e4/core/contexts/IEclipseContext;)Ljava/lang/Object;+57
j  org.eclipse.e4.ui.internal.workbench.E4Workbench.createAndRunUI(Lorg/eclipse/e4/ui/model/application/MApplicationElement;)V+20
j  org.eclipse.ui.internal.Workbench.lambda$3(Lorg/eclipse/swt/widgets/Display;Lorg/eclipse/ui/application/WorkbenchAdvisor;[I)V+379
j  org.eclipse.ui.internal.Workbench$$Lambda$25.run()V+12
j  org.eclipse.core.databinding.observable.Realm.runWithDefault(Lorg/eclipse/core/databinding/observable/Realm;Ljava/lang/Runnable;)V+12
j  org.eclipse.ui.internal.Workbench.createAndRunWorkbench(Lorg/eclipse/swt/widgets/Display;Lorg/eclipse/ui/application/WorkbenchAdvisor;)I+16
j  org.eclipse.ui.PlatformUI.createAndRunWorkbench(Lorg/eclipse/swt/widgets/Display;Lorg/eclipse/ui/application/WorkbenchAdvisor;)I+2
j  org.eclipse.ui.internal.ide.application.IDEApplication.start(Lorg/eclipse/equinox/app/IApplicationContext;)Ljava/lang/Object;+113
j  org.eclipse.equinox.internal.app.EclipseAppHandle.run(Ljava/lang/Object;)Ljava/lang/Object;+138
j  org.eclipse.core.runtime.internal.adaptor.EclipseAppLauncher.runApplication(Ljava/lang/Object;)Ljava/lang/Object;+85
j  org.eclipse.core.runtime.internal.adaptor.EclipseAppLauncher.start(Ljava/lang/Object;)Ljava/lang/Object;+82
j  org.eclipse.core.runtime.adaptor.EclipseStarter.run(Ljava/lang/Object;)Ljava/lang/Object;+105
j  org.eclipse.core.runtime.adaptor.EclipseStarter.run([Ljava/lang/String;Ljava/lang/Runnable;)Ljava/lang/Object;+132
v  ~StubRoutines::call_stub
j  sun.reflect.NativeMethodAccessorImpl.invoke0(Ljava/lang/reflect/Method;Ljava/lang/Object;[Ljava/lang/Object;)Ljava/lang/Object;+0
j  sun.reflect.NativeMethodAccessorImpl.invoke(Ljava/lang/Object;[Ljava/lang/Object;)Ljava/lang/Object;+100
j  sun.reflect.DelegatingMethodAccessorImpl.invoke(Ljava/lang/Object;[Ljava/lang/Object;)Ljava/lang/Object;+6
j  java.lang.reflect.Method.invoke(Ljava/lang/Object;[Ljava/lang/Object;)Ljava/lang/Object;+56
j  org.eclipse.equinox.launcher.Main.invokeFramework([Ljava/lang/String;[Ljava/net/URL;)V+201
j  org.eclipse.equinox.launcher.Main.basicRun([Ljava/lang/String;)V+159
j  org.eclipse.equinox.launcher.Main.run([Ljava/lang/String;)I+4
v  ~StubRoutines::call_stub

---------------  P R O C E S S  ---------------

Java Threads: ( => current thread )
  0x000000001b4d3800 JavaThread "org.eclipse.jdt.internal.ui.text.JavaReconciler" daemon [_thread_blocked, id=4564, stack(0x0000000039440000,0x0000000039540000)]
  0x000000002b92a800 JavaThread "Worker-15" [_thread_blocked, id=11800, stack(0x0000000039540000,0x0000000039640000)]
  0x000000001e2e6800 JavaThread "org.eclipse.jdt.internal.ui.text.JavaReconciler" daemon [_thread_blocked, id=2148, stack(0x0000000039140000,0x0000000039240000)]
  0x000000001e2ea800 JavaThread "org.eclipse.jdt.internal.ui.text.JavaReconciler" daemon [_thread_blocked, id=9348, stack(0x0000000037370000,0x0000000037470000)]
  0x000000001e2ef800 JavaThread "Worker-13" [_thread_blocked, id=5552, stack(0x000000002ae60000,0x000000002af60000)]
  0x000000001e2f5000 JavaThread "Worker-12" [_thread_blocked, id=3956, stack(0x000000002ac60000,0x000000002ad60000)]
  0x000000001e2ec800 JavaThread "org.eclipse.jdt.internal.ui.text.JavaReconciler" daemon [_thread_blocked, id=7864, stack(0x0000000032ab0000,0x0000000032bb0000)]
  0x000000002b92d800 JavaThread "Dali Event Handler" [_thread_blocked, id=9976, stack(0x0000000031d70000,0x0000000031e70000)]
  0x000000001fb52800 JavaThread "JavaScript indexing" daemon [_thread_blocked, id=7976, stack(0x0000000030dc0000,0x0000000030ec0000)]
  0x000000001aea2000 JavaThread "org.eclipse.jdt.internal.ui.text.JavaReconciler" daemon [_thread_blocked, id=8604, stack(0x0000000030700000,0x0000000030800000)]
  0x000000001ae97800 JavaThread "Provisioning Event Dispatcher" daemon [_thread_blocked, id=11032, stack(0x00000000308c0000,0x00000000309c0000)]
  0x0000000020a28000 JavaThread "Worker-10" [_thread_blocked, id=12092, stack(0x0000000034a70000,0x0000000034b70000)]
  0x0000000020a24800 JavaThread "Timer-2" daemon [_thread_blocked, id=2144, stack(0x000000002d7d0000,0x000000002d8d0000)]
  0x0000000021113000 JavaThread "AWT-Windows" daemon [_thread_in_native, id=10628, stack(0x000000002da00000,0x000000002db00000)]
  0x0000000021113800 JavaThread "Java2D Disposer" daemon [_thread_blocked, id=11304, stack(0x000000002d0c0000,0x000000002d1c0000)]
  0x0000000021107000 JavaThread "Thread-10" [_thread_blocked, id=7084, stack(0x000000002c920000,0x000000002ca20000)]
  0x0000000021110000 JavaThread "Worker-7" [_thread_blocked, id=12236, stack(0x000000002b160000,0x000000002b260000)]
  0x0000000021108800 JavaThread "EventAdmin Async Event Dispatcher Thread" daemon [_thread_blocked, id=4204, stack(0x000000002a960000,0x000000002aa60000)]
  0x000000001b4ea800 JavaThread "Java indexing" daemon [_thread_blocked, id=9768, stack(0x0000000025590000,0x0000000025690000)]
  0x000000001b4eb000 JavaThread "Bundle File Closer" daemon [_thread_blocked, id=3400, stack(0x000000001cc40000,0x000000001cd40000)]
  0x000000001b4ed800 JavaThread "Gogo shell" [_thread_blocked, id=11476, stack(0x000000001cd40000,0x000000001ce40000)]
  0x000000001b63b000 JavaThread "EMF Reference Cleaner" daemon [_thread_blocked, id=3116, stack(0x000000001c940000,0x000000001ca40000)]
  0x000000001b2c4000 JavaThread "Worker-JM" [_thread_blocked, id=11824, stack(0x000000001c640000,0x000000001c740000)]
  0x0000000019dbb000 JavaThread "SCR Component Actor" daemon [_thread_blocked, id=6816, stack(0x000000001c0e0000,0x000000001c1e0000)]
  0x0000000019fc9000 JavaThread "Start Level: Equinox Container: 646cdd50-2be7-4250-a099-fe839b4ac200" daemon [_thread_blocked, id=9484, stack(0x000000001bde0000,0x000000001bee0000)]
  0x000000001adc8800 JavaThread "Framework Event Dispatcher: Equinox Container: 646cdd50-2be7-4250-a099-fe839b4ac200" daemon [_thread_blocked, id=1360, stack(0x000000001bce0000,0x000000001bde0000)]
  0x000000001a0a5000 JavaThread "Active Thread: Equinox Container: 646cdd50-2be7-4250-a099-fe839b4ac200" [_thread_blocked, id=2788, stack(0x000000001bbe0000,0x000000001bce0000)]
  0x0000000018af9800 JavaThread "Service Thread" daemon [_thread_blocked, id=1232, stack(0x00000000196d0000,0x00000000197d0000)]
  0x0000000018a7b800 JavaThread "C1 CompilerThread2" daemon [_thread_blocked, id=10744, stack(0x00000000195d0000,0x00000000196d0000)]
  0x0000000018a76800 JavaThread "C2 CompilerThread1" daemon [_thread_blocked, id=1688, stack(0x00000000194d0000,0x00000000195d0000)]
  0x0000000018a70000 JavaThread "C2 CompilerThread0" daemon [_thread_blocked, id=10128, stack(0x00000000193d0000,0x00000000194d0000)]
  0x0000000018a6f800 JavaThread "Attach Listener" daemon [_thread_blocked, id=9012, stack(0x00000000192d0000,0x00000000193d0000)]
  0x0000000018a6c800 JavaThread "Signal Dispatcher" daemon [_thread_blocked, id=9388, stack(0x00000000191d0000,0x00000000192d0000)]
  0x0000000018a6b800 JavaThread "Surrogate Locker Thread (Concurrent GC)" daemon [_thread_blocked, id=1432, stack(0x00000000190d0000,0x00000000191d0000)]
  0x0000000018a0b800 JavaThread "Finalizer" daemon [_thread_blocked, id=8244, stack(0x0000000018ec0000,0x0000000018fc0000)]
  0x0000000018a03000 JavaThread "Reference Handler" daemon [_thread_blocked, id=12040, stack(0x0000000018dc0000,0x0000000018ec0000)]
=>0x0000000002b53000 JavaThread "main" [_thread_in_native, id=4080, stack(0x0000000000840000,0x0000000000940000)]

Other Threads:
  0x0000000017d9d800 VMThread [stack: 0x0000000018cc0000,0x0000000018dc0000] [id=3424]
  0x0000000018b25000 WatcherThread [stack: 0x00000000197d0000,0x00000000198d0000] [id=7368]

VM state:not at safepoint (normal execution)

VM Mutex/Monitor currently owned by a thread: None

heap address: 0x00000000c0000000, size: 1024 MB, Compressed Oops mode: 32-bit
Narrow klass base: 0x0000000000000000, Narrow klass shift: 3
Compressed class space size: 1073741824 Address: 0x0000000100000000

Heap:
 garbage-first heap   total 262144K, used 227837K [0x00000000c0000000, 0x00000000c0100800, 0x0000000100000000)
  region size 1024K, 75 young (76800K), 2 survivors (2048K)
 Metaspace       used 143774K, capacity 159180K, committed 159484K, reserved 1187840K
  class space    used 17156K, capacity 21241K, committed 21296K, reserved 1048576K

Heap Regions: (Y=young(eden), SU=young(survivor), HS=humongous(starts), HC=humongous(continues), CS=collection set, F=free, TS=gc time stamp, PTAMS=previous top-at-mark-start, NTAMS=next top-at-mark-start)
AC   0  O    TS     0 PTAMS 0x00000000c0100000 NTAMS 0x00000000c0100000 space 1024K, 100% used [0x00000000c0000000, 0x00000000c0100000)
AC   0  O    TS     0 PTAMS 0x00000000c0200000 NTAMS 0x00000000c0200000 space 1024K, 100% used [0x00000000c0100000, 0x00000000c0200000)
AC   0  O    TS     0 PTAMS 0x00000000c0300000 NTAMS 0x00000000c0300000 space 1024K, 100% used [0x00000000c0200000, 0x00000000c0300000)
AC   0  O    TS     0 PTAMS 0x00000000c0400000 NTAMS 0x00000000c0400000 space 1024K, 100% used [0x00000000c0300000, 0x00000000c0400000)
AC   0  O    TS     0 PTAMS 0x00000000c0500000 NTAMS 0x00000000c0500000 space 1024K, 100% used [0x00000000c0400000, 0x00000000c0500000)
AC   0  O    TS     0 PTAMS 0x00000000c0600000 NTAMS 0x00000000c0600000 space 1024K, 100% used [0x00000000c0500000, 0x00000000c0600000)
AC   0  O    TS     0 PTAMS 0x00000000c0700000 NTAMS 0x00000000c0700000 space 1024K, 100% used [0x00000000c0600000, 0x00000000c0700000)
AC   0  O    TS     0 PTAMS 0x00000000c0800000 NTAMS 0x00000000c0800000 space 1024K, 100% used [0x00000000c0700000, 0x00000000c0800000)
AC   0  O    TS     0 PTAMS 0x00000000c0900000 NTAMS 0x00000000c0900000 space 1024K, 100% used [0x00000000c0800000, 0x00000000c0900000)
AC   0  O    TS     0 PTAMS 0x00000000c0a00000 NTAMS 0x00000000c0a00000 space 1024K, 100% used [0x00000000c0900000, 0x00000000c0a00000)
AC   0  O    TS     0 PTAMS 0x00000000c0b00000 NTAMS 0x00000000c0b00000 space 1024K, 100% used [0x00000000c0a00000, 0x00000000c0b00000)
AC   0  O    TS     0 PTAMS 0x00000000c0c00000 NTAMS 0x00000000c0c00000 space 1024K, 100% used [0x00000000c0b00000, 0x00000000c0c00000)
AC   0  O    TS     0 PTAMS 0x00000000c0d00000 NTAMS 0x00000000c0d00000 space 1024K, 100% used [0x00000000c0c00000, 0x00000000c0d00000)
AC   0  O    TS     0 PTAMS 0x00000000c0e00000 NTAMS 0x00000000c0e00000 space 1024K, 100% used [0x00000000c0d00000, 0x00000000c0e00000)
AC   0  O    TS     0 PTAMS 0x00000000c0f00000 NTAMS 0x00000000c0f00000 space 1024K, 100% used [0x00000000c0e00000, 0x00000000c0f00000)
AC   0  O    TS     0 PTAMS 0x00000000c1000000 NTAMS 0x00000000c1000000 space 1024K, 100% used [0x00000000c0f00000, 0x00000000c1000000)
AC   0  F    TS     0 PTAMS 0x00000000c1000000 NTAMS 0x00000000c1000000 space 1024K,   0% used [0x00000000c1000000, 0x00000000c1100000)
AC   0  O    TS     0 PTAMS 0x00000000c1200000 NTAMS 0x00000000c1200000 space 1024K, 100% used [0x00000000c1100000, 0x00000000c1200000)
AC   0  O    TS     0 PTAMS 0x00000000c1300000 NTAMS 0x00000000c1300000 space 1024K, 100% used [0x00000000c1200000, 0x00000000c1300000)
AC   0  O    TS     0 PTAMS 0x00000000c1400000 NTAMS 0x00000000c1400000 space 1024K, 100% used [0x00000000c1300000, 0x00000000c1400000)
AC   0  O    TS     0 PTAMS 0x00000000c1500000 NTAMS 0x00000000c1500000 space 1024K, 100% used [0x00000000c1400000, 0x00000000c1500000)
AC   0  O    TS     0 PTAMS 0x00000000c1600000 NTAMS 0x00000000c1600000 space 1024K, 100% used [0x00000000c1500000, 0x00000000c1600000)
AC   0  O    TS     0 PTAMS 0x00000000c1700000 NTAMS 0x00000000c1700000 space 1024K, 100% used [0x00000000c1600000, 0x00000000c1700000)
AC   0  O    TS     0 PTAMS 0x00000000c1800000 NTAMS 0x00000000c1800000 space 1024K, 100% used [0x00000000c1700000, 0x00000000c1800000)
AC   0  O    TS     0 PTAMS 0x00000000c1900000 NTAMS 0x00000000c1900000 space 1024K, 100% used [0x00000000c1800000, 0x00000000c1900000)
AC   0  O    TS     0 PTAMS 0x00000000c1a00000 NTAMS 0x00000000c1a00000 space 1024K, 100% used [0x00000000c1900000, 0x00000000c1a00000)
AC   0  O    TS     0 PTAMS 0x00000000c1b00000 NTAMS 0x00000000c1b00000 space 1024K, 100% used [0x00000000c1a00000, 0x00000000c1b00000)
AC   0  O    TS     0 PTAMS 0x00000000c1c00000 NTAMS 0x00000000c1c00000 space 1024K, 100% used [0x00000000c1b00000, 0x00000000c1c00000)
AC   0  O    TS     0 PTAMS 0x00000000c1d00000 NTAMS 0x00000000c1d00000 space 1024K, 100% used [0x00000000c1c00000, 0x00000000c1d00000)
AC   0  O    TS     0 PTAMS 0x00000000c1e00000 NTAMS 0x00000000c1e00000 space 1024K, 100% used [0x00000000c1d00000, 0x00000000c1e00000)
AC   0  O    TS     0 PTAMS 0x00000000c1f00000 NTAMS 0x00000000c1f00000 space 1024K, 100% used [0x00000000c1e00000, 0x00000000c1f00000)
AC   0  O    TS     0 PTAMS 0x00000000c2000000 NTAMS 0x00000000c2000000 space 1024K, 100% used [0x00000000c1f00000, 0x00000000c2000000)
AC   0  O    TS     0 PTAMS 0x00000000c2100000 NTAMS 0x00000000c2100000 space 1024K, 100% used [0x00000000c2000000, 0x00000000c2100000)
AC   0  O    TS     0 PTAMS 0x00000000c2200000 NTAMS 0x00000000c2200000 space 1024K, 100% used [0x00000000c2100000, 0x00000000c2200000)
AC   0  O    TS     0 PTAMS 0x00000000c2300000 NTAMS 0x00000000c2300000 space 1024K, 100% used [0x00000000c2200000, 0x00000000c2300000)
AC   0  O    TS     0 PTAMS 0x00000000c2400000 NTAMS 0x00000000c2400000 space 1024K, 100% used [0x00000000c2300000, 0x00000000c2400000)
AC   0  O    TS     0 PTAMS 0x00000000c2500000 NTAMS 0x00000000c2500000 space 1024K, 100% used [0x00000000c2400000, 0x00000000c2500000)
AC   0  O    TS     0 PTAMS 0x00000000c2600000 NTAMS 0x00000000c2600000 space 1024K, 100% used [0x00000000c2500000, 0x00000000c2600000)
AC   0  O    TS     0 PTAMS 0x00000000c2700000 NTAMS 0x00000000c2700000 space 1024K, 100% used [0x00000000c2600000, 0x00000000c2700000)
AC   0  O    TS     0 PTAMS 0x00000000c2800000 NTAMS 0x00000000c2800000 space 1024K, 100% used [0x00000000c2700000, 0x00000000c2800000)
AC   0  O    TS     0 PTAMS 0x00000000c2900000 NTAMS 0x00000000c2900000 space 1024K, 100% used [0x00000000c2800000, 0x00000000c2900000)
AC   0  O    TS     0 PTAMS 0x00000000c2a00000 NTAMS 0x00000000c2a00000 space 1024K, 100% used [0x00000000c2900000, 0x00000000c2a00000)
AC   0  F    TS     0 PTAMS 0x00000000c2a00000 NTAMS 0x00000000c2a00000 space 1024K,   0% used [0x00000000c2a00000, 0x00000000c2b00000)
AC   0  O    TS     0 PTAMS 0x00000000c2c00000 NTAMS 0x00000000c2c00000 space 1024K, 100% used [0x00000000c2b00000, 0x00000000c2c00000)
AC   0  F    TS     0 PTAMS 0x00000000c2c00000 NTAMS 0x00000000c2c00000 space 1024K,   0% used [0x00000000c2c00000, 0x00000000c2d00000)
AC   0  O    TS     0 PTAMS 0x00000000c2e00000 NTAMS 0x00000000c2e00000 space 1024K, 100% used [0x00000000c2d00000, 0x00000000c2e00000)
AC   0  O    TS     0 PTAMS 0x00000000c2f00000 NTAMS 0x00000000c2f00000 space 1024K, 100% used [0x00000000c2e00000, 0x00000000c2f00000)
AC   0  O    TS     0 PTAMS 0x00000000c3000000 NTAMS 0x00000000c3000000 space 1024K, 100% used [0x00000000c2f00000, 0x00000000c3000000)
AC   0  O    TS     0 PTAMS 0x00000000c3100000 NTAMS 0x00000000c3100000 space 1024K, 100% used [0x00000000c3000000, 0x00000000c3100000)
AC   0  O    TS     0 PTAMS 0x00000000c3200000 NTAMS 0x00000000c3200000 space 1024K, 100% used [0x00000000c3100000, 0x00000000c3200000)
AC   0  O    TS     0 PTAMS 0x00000000c3300000 NTAMS 0x00000000c3300000 space 1024K, 100% used [0x00000000c3200000, 0x00000000c3300000)
AC   0  O    TS     0 PTAMS 0x00000000c3400000 NTAMS 0x00000000c3400000 space 1024K, 100% used [0x00000000c3300000, 0x00000000c3400000)
AC   0  O    TS     0 PTAMS 0x00000000c3500000 NTAMS 0x00000000c3500000 space 1024K, 100% used [0x00000000c3400000, 0x00000000c3500000)
AC   0  O    TS     0 PTAMS 0x00000000c3600000 NTAMS 0x00000000c3600000 space 1024K, 100% used [0x00000000c3500000, 0x00000000c3600000)
AC   0  O    TS     0 PTAMS 0x00000000c3700000 NTAMS 0x00000000c3700000 space 1024K, 100% used [0x00000000c3600000, 0x00000000c3700000)
AC   0  O    TS     0 PTAMS 0x00000000c3800000 NTAMS 0x00000000c3800000 space 1024K, 100% used [0x00000000c3700000, 0x00000000c3800000)
AC   0  O    TS     0 PTAMS 0x00000000c3900000 NTAMS 0x00000000c3900000 space 1024K, 100% used [0x00000000c3800000, 0x00000000c3900000)
AC   0  O    TS     0 PTAMS 0x00000000c3a00000 NTAMS 0x00000000c3a00000 space 1024K, 100% used [0x00000000c3900000, 0x00000000c3a00000)
AC   0  O    TS     0 PTAMS 0x00000000c3b00000 NTAMS 0x00000000c3b00000 space 1024K, 100% used [0x00000000c3a00000, 0x00000000c3b00000)
AC   0  O    TS     0 PTAMS 0x00000000c3c00000 NTAMS 0x00000000c3c00000 space 1024K, 100% used [0x00000000c3b00000, 0x00000000c3c00000)
AC   0  O    TS     0 PTAMS 0x00000000c3d00000 NTAMS 0x00000000c3d00000 space 1024K, 100% used [0x00000000c3c00000, 0x00000000c3d00000)
AC   0  O    TS     0 PTAMS 0x00000000c3e00000 NTAMS 0x00000000c3e00000 space 1024K, 100% used [0x00000000c3d00000, 0x00000000c3e00000)
AC   0  O    TS     0 PTAMS 0x00000000c3f00000 NTAMS 0x00000000c3f00000 space 1024K, 100% used [0x00000000c3e00000, 0x00000000c3f00000)
AC   0  O    TS     0 PTAMS 0x00000000c4000000 NTAMS 0x00000000c4000000 space 1024K, 100% used [0x00000000c3f00000, 0x00000000c4000000)
AC   0  O    TS     0 PTAMS 0x00000000c4100000 NTAMS 0x00000000c4100000 space 1024K, 100% used [0x00000000c4000000, 0x00000000c4100000)
AC   0  O    TS     0 PTAMS 0x00000000c4200000 NTAMS 0x00000000c4200000 space 1024K, 100% used [0x00000000c4100000, 0x00000000c4200000)
AC   0  O    TS     0 PTAMS 0x00000000c4300000 NTAMS 0x00000000c4300000 space 1024K, 100% used [0x00000000c4200000, 0x00000000c4300000)
AC   0  O    TS     0 PTAMS 0x00000000c4400000 NTAMS 0x00000000c4400000 space 1024K, 100% used [0x00000000c4300000, 0x00000000c4400000)
AC   0  O    TS     0 PTAMS 0x00000000c4500000 NTAMS 0x00000000c4500000 space 1024K, 100% used [0x00000000c4400000, 0x00000000c4500000)
AC   0  O    TS     3 PTAMS 0x00000000c4500000 NTAMS 0x00000000c4500000 space 1024K, 100% used [0x00000000c4500000, 0x00000000c4600000)
AC   0  O    TS     0 PTAMS 0x00000000c4700000 NTAMS 0x00000000c4700000 space 1024K, 100% used [0x00000000c4600000, 0x00000000c4700000)
AC   0  O    TS     0 PTAMS 0x00000000c4800000 NTAMS 0x00000000c4800000 space 1024K, 100% used [0x00000000c4700000, 0x00000000c4800000)
AC   0  O    TS     0 PTAMS 0x00000000c4900000 NTAMS 0x00000000c4900000 space 1024K, 100% used [0x00000000c4800000, 0x00000000c4900000)
AC   0  O    TS     0 PTAMS 0x00000000c4a00000 NTAMS 0x00000000c4a00000 space 1024K, 100% used [0x00000000c4900000, 0x00000000c4a00000)
AC   0  O    TS     0 PTAMS 0x00000000c4b00000 NTAMS 0x00000000c4b00000 space 1024K, 100% used [0x00000000c4a00000, 0x00000000c4b00000)
AC   0  O    TS     0 PTAMS 0x00000000c4c00000 NTAMS 0x00000000c4c00000 space 1024K, 100% used [0x00000000c4b00000, 0x00000000c4c00000)
AC   0  O    TS     0 PTAMS 0x00000000c4d00000 NTAMS 0x00000000c4d00000 space 1024K, 100% used [0x00000000c4c00000, 0x00000000c4d00000)
AC   0  O    TS     0 PTAMS 0x00000000c4e00000 NTAMS 0x00000000c4e00000 space 1024K, 100% used [0x00000000c4d00000, 0x00000000c4e00000)
AC   0  O    TS     0 PTAMS 0x00000000c4f00000 NTAMS 0x00000000c4f00000 space 1024K, 100% used [0x00000000c4e00000, 0x00000000c4f00000)
AC   0  F    TS     0 PTAMS 0x00000000c4f00000 NTAMS 0x00000000c4f00000 space 1024K,   0% used [0x00000000c4f00000, 0x00000000c5000000)
AC   0  O    TS     0 PTAMS 0x00000000c5100000 NTAMS 0x00000000c5100000 space 1024K, 100% used [0x00000000c5000000, 0x00000000c5100000)
AC   0  O    TS     0 PTAMS 0x00000000c5200000 NTAMS 0x00000000c5200000 space 1024K, 100% used [0x00000000c5100000, 0x00000000c5200000)
AC   0 HS    TS     0 PTAMS 0x00000000c5280010 NTAMS 0x00000000c5280010 space 1024K,  50% used [0x00000000c5200000, 0x00000000c5300000)
AC   0  O    TS     0 PTAMS 0x00000000c5400000 NTAMS 0x00000000c5400000 space 1024K, 100% used [0x00000000c5300000, 0x00000000c5400000)
AC   0  O    TS     0 PTAMS 0x00000000c5500000 NTAMS 0x00000000c5500000 space 1024K, 100% used [0x00000000c5400000, 0x00000000c5500000)
AC   0  O    TS     0 PTAMS 0x00000000c5600000 NTAMS 0x00000000c5600000 space 1024K, 100% used [0x00000000c5500000, 0x00000000c5600000)
AC   0  O    TS     0 PTAMS 0x00000000c5700000 NTAMS 0x00000000c5700000 space 1024K, 100% used [0x00000000c5600000, 0x00000000c5700000)
AC   0  O    TS     0 PTAMS 0x00000000c5800000 NTAMS 0x00000000c5800000 space 1024K, 100% used [0x00000000c5700000, 0x00000000c5800000)
AC   0  O    TS     0 PTAMS 0x00000000c5900000 NTAMS 0x00000000c5900000 space 1024K, 100% used [0x00000000c5800000, 0x00000000c5900000)
AC   0  O    TS     0 PTAMS 0x00000000c5a00000 NTAMS 0x00000000c5a00000 space 1024K, 100% used [0x00000000c5900000, 0x00000000c5a00000)
AC   0  O    TS     0 PTAMS 0x00000000c5b00000 NTAMS 0x00000000c5b00000 space 1024K, 100% used [0x00000000c5a00000, 0x00000000c5b00000)
AC   0  O    TS     0 PTAMS 0x00000000c5c00000 NTAMS 0x00000000c5c00000 space 1024K, 100% used [0x00000000c5b00000, 0x00000000c5c00000)
AC   0  O    TS     0 PTAMS 0x00000000c5d00000 NTAMS 0x00000000c5d00000 space 1024K, 100% used [0x00000000c5c00000, 0x00000000c5d00000)
AC   0  O    TS     0 PTAMS 0x00000000c5e00000 NTAMS 0x00000000c5e00000 space 1024K, 100% used [0x00000000c5d00000, 0x00000000c5e00000)
AC   0  O    TS     0 PTAMS 0x00000000c5f00000 NTAMS 0x00000000c5f00000 space 1024K, 100% used [0x00000000c5e00000, 0x00000000c5f00000)
AC   0  O    TS     0 PTAMS 0x00000000c6000000 NTAMS 0x00000000c6000000 space 1024K, 100% used [0x00000000c5f00000, 0x00000000c6000000)
AC   0  O    TS     0 PTAMS 0x00000000c6100000 NTAMS 0x00000000c6100000 space 1024K, 100% used [0x00000000c6000000, 0x00000000c6100000)
AC   0  F    TS     0 PTAMS 0x00000000c6100000 NTAMS 0x00000000c6100000 space 1024K,   0% used [0x00000000c6100000, 0x00000000c6200000)
AC   0  O    TS     0 PTAMS 0x00000000c6300000 NTAMS 0x00000000c6300000 space 1024K, 100% used [0x00000000c6200000, 0x00000000c6300000)
AC   0  O    TS     0 PTAMS 0x00000000c6400000 NTAMS 0x00000000c6400000 space 1024K, 100% used [0x00000000c6300000, 0x00000000c6400000)
AC   0  O    TS     0 PTAMS 0x00000000c6500000 NTAMS 0x00000000c6500000 space 1024K, 100% used [0x00000000c6400000, 0x00000000c6500000)
AC   0  O    TS     0 PTAMS 0x00000000c6600000 NTAMS 0x00000000c6600000 space 1024K, 100% used [0x00000000c6500000, 0x00000000c6600000)
AC   0  O    TS     0 PTAMS 0x00000000c6700000 NTAMS 0x00000000c6700000 space 1024K, 100% used [0x00000000c6600000, 0x00000000c6700000)
AC   0  O    TS     0 PTAMS 0x00000000c6800000 NTAMS 0x00000000c6800000 space 1024K, 100% used [0x00000000c6700000, 0x00000000c6800000)
AC   0  O    TS     0 PTAMS 0x00000000c6900000 NTAMS 0x00000000c6900000 space 1024K, 100% used [0x00000000c6800000, 0x00000000c6900000)
AC   0  O    TS     0 PTAMS 0x00000000c6a00000 NTAMS 0x00000000c6a00000 space 1024K, 100% used [0x00000000c6900000, 0x00000000c6a00000)
AC   0  O    TS     0 PTAMS 0x00000000c6b00000 NTAMS 0x00000000c6b00000 space 1024K, 100% used [0x00000000c6a00000, 0x00000000c6b00000)
AC   0  O    TS     0 PTAMS 0x00000000c6c00000 NTAMS 0x00000000c6c00000 space 1024K, 100% used [0x00000000c6b00000, 0x00000000c6c00000)
AC   0  O    TS     3 PTAMS 0x00000000c6c00000 NTAMS 0x00000000c6c00000 space 1024K, 100% used [0x00000000c6c00000, 0x00000000c6d00000)
AC   0  F    TS     0 PTAMS 0x00000000c6d00000 NTAMS 0x00000000c6d00000 space 1024K,   0% used [0x00000000c6d00000, 0x00000000c6e00000)
AC   0  O    TS     0 PTAMS 0x00000000c6f00000 NTAMS 0x00000000c6f00000 space 1024K, 100% used [0x00000000c6e00000, 0x00000000c6f00000)
AC   0  O    TS     0 PTAMS 0x00000000c7000000 NTAMS 0x00000000c7000000 space 1024K, 100% used [0x00000000c6f00000, 0x00000000c7000000)
AC   0  O    TS     0 PTAMS 0x00000000c7100000 NTAMS 0x00000000c7100000 space 1024K, 100% used [0x00000000c7000000, 0x00000000c7100000)
AC   0  O    TS     0 PTAMS 0x00000000c7200000 NTAMS 0x00000000c7200000 space 1024K, 100% used [0x00000000c7100000, 0x00000000c7200000)
AC   0  O    TS     0 PTAMS 0x00000000c7300000 NTAMS 0x00000000c7300000 space 1024K, 100% used [0x00000000c7200000, 0x00000000c7300000)
AC   0  O    TS     3 PTAMS 0x00000000c7300000 NTAMS 0x00000000c7300000 space 1024K, 100% used [0x00000000c7300000, 0x00000000c7400000)
AC   0  O    TS     0 PTAMS 0x00000000c7500000 NTAMS 0x00000000c7500000 space 1024K, 100% used [0x00000000c7400000, 0x00000000c7500000)
AC   0  O    TS     0 PTAMS 0x00000000c7600000 NTAMS 0x00000000c7600000 space 1024K, 100% used [0x00000000c7500000, 0x00000000c7600000)
AC   0  O    TS     0 PTAMS 0x00000000c7700000 NTAMS 0x00000000c7700000 space 1024K, 100% used [0x00000000c7600000, 0x00000000c7700000)
AC   0  O    TS     0 PTAMS 0x00000000c7800000 NTAMS 0x00000000c7800000 space 1024K, 100% used [0x00000000c7700000, 0x00000000c7800000)
AC   0  O    TS     0 PTAMS 0x00000000c7900000 NTAMS 0x00000000c7900000 space 1024K, 100% used [0x00000000c7800000, 0x00000000c7900000)
AC   0  O    TS     3 PTAMS 0x00000000c7900000 NTAMS 0x00000000c7900000 space 1024K, 100% used [0x00000000c7900000, 0x00000000c7a00000)
AC   0  O    TS     0 PTAMS 0x00000000c7b00000 NTAMS 0x00000000c7b00000 space 1024K, 100% used [0x00000000c7a00000, 0x00000000c7b00000)
AC   0  O    TS     0 PTAMS 0x00000000c7c00000 NTAMS 0x00000000c7c00000 space 1024K, 100% used [0x00000000c7b00000, 0x00000000c7c00000)
AC   0  O    TS     0 PTAMS 0x00000000c7d00000 NTAMS 0x00000000c7d00000 space 1024K, 100% used [0x00000000c7c00000, 0x00000000c7d00000)
AC   0  O    TS     0 PTAMS 0x00000000c7e00000 NTAMS 0x00000000c7e00000 space 1024K, 100% used [0x00000000c7d00000, 0x00000000c7e00000)
AC   0  O    TS     0 PTAMS 0x00000000c7f00000 NTAMS 0x00000000c7f00000 space 1024K, 100% used [0x00000000c7e00000, 0x00000000c7f00000)
AC   0  O    TS     0 PTAMS 0x00000000c8000000 NTAMS 0x00000000c8000000 space 1024K, 100% used [0x00000000c7f00000, 0x00000000c8000000)
AC   0  O    TS     0 PTAMS 0x00000000c8100000 NTAMS 0x00000000c8100000 space 1024K, 100% used [0x00000000c8000000, 0x00000000c8100000)
AC   0  O    TS     0 PTAMS 0x00000000c8200000 NTAMS 0x00000000c8200000 space 1024K, 100% used [0x00000000c8100000, 0x00000000c8200000)
AC   0  O    TS     0 PTAMS 0x00000000c8300000 NTAMS 0x00000000c8300000 space 1024K, 100% used [0x00000000c8200000, 0x00000000c8300000)
AC   0  F    TS     0 PTAMS 0x00000000c8300000 NTAMS 0x00000000c8300000 space 1024K,   0% used [0x00000000c8300000, 0x00000000c8400000)
AC   0  O    TS     0 PTAMS 0x00000000c8500000 NTAMS 0x00000000c8500000 space 1024K, 100% used [0x00000000c8400000, 0x00000000c8500000)
AC   0  O    TS     0 PTAMS 0x00000000c8600000 NTAMS 0x00000000c8600000 space 1024K, 100% used [0x00000000c8500000, 0x00000000c8600000)
AC   0  O    TS     0 PTAMS 0x00000000c8700000 NTAMS 0x00000000c8700000 space 1024K, 100% used [0x00000000c8600000, 0x00000000c8700000)
AC   0  O    TS     0 PTAMS 0x00000000c8800000 NTAMS 0x00000000c8800000 space 1024K, 100% used [0x00000000c8700000, 0x00000000c8800000)
AC   0  O    TS     0 PTAMS 0x00000000c8900000 NTAMS 0x00000000c8900000 space 1024K, 100% used [0x00000000c8800000, 0x00000000c8900000)
AC   0  O    TS     3 PTAMS 0x00000000c8900000 NTAMS 0x00000000c8900000 space 1024K, 100% used [0x00000000c8900000, 0x00000000c8a00000)
AC   0  O    TS     3 PTAMS 0x00000000c8a00000 NTAMS 0x00000000c8a00000 space 1024K, 100% used [0x00000000c8a00000, 0x00000000c8b00000)
AC   0  O    TS     0 PTAMS 0x00000000c8c00000 NTAMS 0x00000000c8c00000 space 1024K, 100% used [0x00000000c8b00000, 0x00000000c8c00000)
AC   0  O    TS     0 PTAMS 0x00000000c8d00000 NTAMS 0x00000000c8d00000 space 1024K, 100% used [0x00000000c8c00000, 0x00000000c8d00000)
AC   0  O    TS     0 PTAMS 0x00000000c8e00000 NTAMS 0x00000000c8e00000 space 1024K, 100% used [0x00000000c8d00000, 0x00000000c8e00000)
AC   0  O    TS     0 PTAMS 0x00000000c8f00000 NTAMS 0x00000000c8f00000 space 1024K, 100% used [0x00000000c8e00000, 0x00000000c8f00000)
AC   0  F    TS     0 PTAMS 0x00000000c8f00000 NTAMS 0x00000000c8f00000 space 1024K,   0% used [0x00000000c8f00000, 0x00000000c9000000)
AC   0  O    TS     0 PTAMS 0x00000000c9100000 NTAMS 0x00000000c9100000 space 1024K, 100% used [0x00000000c9000000, 0x00000000c9100000)
AC   0  O    TS     0 PTAMS 0x00000000c9200000 NTAMS 0x00000000c9200000 space 1024K, 100% used [0x00000000c9100000, 0x00000000c9200000)
AC   0  O    TS     3 PTAMS 0x00000000c9200000 NTAMS 0x00000000c9200000 space 1024K, 100% used [0x00000000c9200000, 0x00000000c9300000)
AC   0  O    TS     0 PTAMS 0x00000000c9400000 NTAMS 0x00000000c9400000 space 1024K, 100% used [0x00000000c9300000, 0x00000000c9400000)
AC   0  O    TS     3 PTAMS 0x00000000c9400000 NTAMS 0x00000000c9400000 space 1024K, 100% used [0x00000000c9400000, 0x00000000c9500000)
AC   0  O    TS     3 PTAMS 0x00000000c9500000 NTAMS 0x00000000c9500000 space 1024K, 100% used [0x00000000c9500000, 0x00000000c9600000)
AC   0  O    TS     3 PTAMS 0x00000000c9600000 NTAMS 0x00000000c9600000 space 1024K, 100% used [0x00000000c9600000, 0x00000000c9700000)
AC   0  O    TS     3 PTAMS 0x00000000c9700000 NTAMS 0x00000000c9700000 space 1024K,  99% used [0x00000000c9700000, 0x00000000c9800000)
AC   0  F    TS     0 PTAMS 0x00000000c9800000 NTAMS 0x00000000c9800000 space 1024K,   0% used [0x00000000c9800000, 0x00000000c9900000)
AC   0  F    TS     0 PTAMS 0x00000000c9900000 NTAMS 0x00000000c9900000 space 1024K,   0% used [0x00000000c9900000, 0x00000000c9a00000)
AC   0  F    TS     0 PTAMS 0x00000000c9a00000 NTAMS 0x00000000c9a00000 space 1024K,   0% used [0x00000000c9a00000, 0x00000000c9b00000)
AC   0  F    TS     0 PTAMS 0x00000000c9b00000 NTAMS 0x00000000c9b00000 space 1024K,   0% used [0x00000000c9b00000, 0x00000000c9c00000)
AC   0  F    TS     0 PTAMS 0x00000000c9c00000 NTAMS 0x00000000c9c00000 space 1024K,   0% used [0x00000000c9c00000, 0x00000000c9d00000)
AC   0  O    TS     0 PTAMS 0x00000000c9e00000 NTAMS 0x00000000c9e00000 space 1024K, 100% used [0x00000000c9d00000, 0x00000000c9e00000)
AC   0  O    TS     0 PTAMS 0x00000000c9f00000 NTAMS 0x00000000c9f00000 space 1024K, 100% used [0x00000000c9e00000, 0x00000000c9f00000)
AC   0  O    TS     0 PTAMS 0x00000000ca000000 NTAMS 0x00000000ca000000 space 1024K, 100% used [0x00000000c9f00000, 0x00000000ca000000)
AC   0  F    TS     0 PTAMS 0x00000000ca000000 NTAMS 0x00000000ca000000 space 1024K,   0% used [0x00000000ca000000, 0x00000000ca100000)
AC   0  O    TS     0 PTAMS 0x00000000ca200000 NTAMS 0x00000000ca200000 space 1024K, 100% used [0x00000000ca100000, 0x00000000ca200000)
AC   0  F    TS     0 PTAMS 0x00000000ca200000 NTAMS 0x00000000ca200000 space 1024K,   0% used [0x00000000ca200000, 0x00000000ca300000)
AC   0  F    TS     0 PTAMS 0x00000000ca300000 NTAMS 0x00000000ca300000 space 1024K,   0% used [0x00000000ca300000, 0x00000000ca400000)
AC   0  F    TS     0 PTAMS 0x00000000ca400000 NTAMS 0x00000000ca400000 space 1024K,   0% used [0x00000000ca400000, 0x00000000ca500000)
AC   0  F    TS     0 PTAMS 0x00000000ca500000 NTAMS 0x00000000ca500000 space 1024K,   0% used [0x00000000ca500000, 0x00000000ca600000)
AC   0  F    TS     0 PTAMS 0x00000000ca600000 NTAMS 0x00000000ca600000 space 1024K,   0% used [0x00000000ca600000, 0x00000000ca700000)
AC   0  F    TS     0 PTAMS 0x00000000ca700000 NTAMS 0x00000000ca700000 space 1024K,   0% used [0x00000000ca700000, 0x00000000ca800000)
AC   0  F    TS     0 PTAMS 0x00000000ca800000 NTAMS 0x00000000ca800000 space 1024K,   0% used [0x00000000ca800000, 0x00000000ca900000)
AC   0  O    TS     0 PTAMS 0x00000000caa00000 NTAMS 0x00000000caa00000 space 1024K, 100% used [0x00000000ca900000, 0x00000000caa00000)
AC   0  F    TS     0 PTAMS 0x00000000caa00000 NTAMS 0x00000000caa00000 space 1024K,   0% used [0x00000000caa00000, 0x00000000cab00000)
AC   0  F    TS     0 PTAMS 0x00000000cab00000 NTAMS 0x00000000cab00000 space 1024K,   0% used [0x00000000cab00000, 0x00000000cac00000)
AC   0  F    TS     0 PTAMS 0x00000000cac00000 NTAMS 0x00000000cac00000 space 1024K,   0% used [0x00000000cac00000, 0x00000000cad00000)
AC   0  F    TS     0 PTAMS 0x00000000cad00000 NTAMS 0x00000000cad00000 space 1024K,   0% used [0x00000000cad00000, 0x00000000cae00000)
AC   0  F    TS     1 PTAMS 0x00000000cae00000 NTAMS 0x00000000cae00000 space 1024K,   0% used [0x00000000cae00000, 0x00000000caf00000)
AC   0  F    TS     1 PTAMS 0x00000000caf00000 NTAMS 0x00000000caf00000 space 1024K,   0% used [0x00000000caf00000, 0x00000000cb000000)
AC   0  F    TS     1 PTAMS 0x00000000cb000000 NTAMS 0x00000000cb000000 space 1024K,   0% used [0x00000000cb000000, 0x00000000cb100000)
AC   0  F    TS     1 PTAMS 0x00000000cb100000 NTAMS 0x00000000cb100000 space 1024K,   0% used [0x00000000cb100000, 0x00000000cb200000)
AC   0  F    TS     1 PTAMS 0x00000000cb200000 NTAMS 0x00000000cb200000 space 1024K,   0% used [0x00000000cb200000, 0x00000000cb300000)
AC   0  F    TS     1 PTAMS 0x00000000cb300000 NTAMS 0x00000000cb300000 space 1024K,   0% used [0x00000000cb300000, 0x00000000cb400000)
AC   0  F    TS     1 PTAMS 0x00000000cb400000 NTAMS 0x00000000cb400000 space 1024K,   0% used [0x00000000cb400000, 0x00000000cb500000)
AC   0  E    TS     0 PTAMS 0x00000000cb500000 NTAMS 0x00000000cb500000 space 1024K, 100% used [0x00000000cb500000, 0x00000000cb600000)
AC   0  E CS TS     0 PTAMS 0x00000000cb600000 NTAMS 0x00000000cb600000 space 1024K, 100% used [0x00000000cb600000, 0x00000000cb700000)
AC   0  E CS TS     0 PTAMS 0x00000000cb700000 NTAMS 0x00000000cb700000 space 1024K, 100% used [0x00000000cb700000, 0x00000000cb800000)
AC   0  E CS TS     0 PTAMS 0x00000000cb800000 NTAMS 0x00000000cb800000 space 1024K, 100% used [0x00000000cb800000, 0x00000000cb900000)
AC   0  E CS TS     0 PTAMS 0x00000000cb900000 NTAMS 0x00000000cb900000 space 1024K, 100% used [0x00000000cb900000, 0x00000000cba00000)
AC   0  E CS TS     0 PTAMS 0x00000000cba00000 NTAMS 0x00000000cba00000 space 1024K, 100% used [0x00000000cba00000, 0x00000000cbb00000)
AC   0  E CS TS     0 PTAMS 0x00000000cbb00000 NTAMS 0x00000000cbb00000 space 1024K, 100% used [0x00000000cbb00000, 0x00000000cbc00000)
AC   0  E CS TS     0 PTAMS 0x00000000cbc00000 NTAMS 0x00000000cbc00000 space 1024K, 100% used [0x00000000cbc00000, 0x00000000cbd00000)
AC   0  E CS TS     0 PTAMS 0x00000000cbd00000 NTAMS 0x00000000cbd00000 space 1024K, 100% used [0x00000000cbd00000, 0x00000000cbe00000)
AC   0  E CS TS     0 PTAMS 0x00000000cbe00000 NTAMS 0x00000000cbe00000 space 1024K, 100% used [0x00000000cbe00000, 0x00000000cbf00000)
AC   0  E CS TS     0 PTAMS 0x00000000cbf00000 NTAMS 0x00000000cbf00000 space 1024K, 100% used [0x00000000cbf00000, 0x00000000cc000000)
AC   0  E CS TS     0 PTAMS 0x00000000cc000000 NTAMS 0x00000000cc000000 space 1024K, 100% used [0x00000000cc000000, 0x00000000cc100000)
AC   0  E CS TS     0 PTAMS 0x00000000cc100000 NTAMS 0x00000000cc100000 space 1024K, 100% used [0x00000000cc100000, 0x00000000cc200000)
AC   0  E CS TS     0 PTAMS 0x00000000cc200000 NTAMS 0x00000000cc200000 space 1024K, 100% used [0x00000000cc200000, 0x00000000cc300000)
AC   0  E CS TS     0 PTAMS 0x00000000cc300000 NTAMS 0x00000000cc300000 space 1024K, 100% used [0x00000000cc300000, 0x00000000cc400000)
AC   0  E CS TS     0 PTAMS 0x00000000cc400000 NTAMS 0x00000000cc400000 space 1024K, 100% used [0x00000000cc400000, 0x00000000cc500000)
AC   0  E CS TS     0 PTAMS 0x00000000cc500000 NTAMS 0x00000000cc500000 space 1024K, 100% used [0x00000000cc500000, 0x00000000cc600000)
AC   0  E CS TS     0 PTAMS 0x00000000cc600000 NTAMS 0x00000000cc600000 space 1024K, 100% used [0x00000000cc600000, 0x00000000cc700000)
AC   0  E CS TS     0 PTAMS 0x00000000cc700000 NTAMS 0x00000000cc700000 space 1024K, 100% used [0x00000000cc700000, 0x00000000cc800000)
AC   0  E CS TS     0 PTAMS 0x00000000cc800000 NTAMS 0x00000000cc800000 space 1024K, 100% used [0x00000000cc800000, 0x00000000cc900000)
AC   0  E CS TS     0 PTAMS 0x00000000cc900000 NTAMS 0x00000000cc900000 space 1024K, 100% used [0x00000000cc900000, 0x00000000cca00000)
AC   0  E CS TS     0 PTAMS 0x00000000cca00000 NTAMS 0x00000000cca00000 space 1024K, 100% used [0x00000000cca00000, 0x00000000ccb00000)
AC   0  E CS TS     0 PTAMS 0x00000000ccb00000 NTAMS 0x00000000ccb00000 space 1024K, 100% used [0x00000000ccb00000, 0x00000000ccc00000)
AC   0  E CS TS     0 PTAMS 0x00000000ccc00000 NTAMS 0x00000000ccc00000 space 1024K, 100% used [0x00000000ccc00000, 0x00000000ccd00000)
AC   0  E CS TS     0 PTAMS 0x00000000ccd00000 NTAMS 0x00000000ccd00000 space 1024K, 100% used [0x00000000ccd00000, 0x00000000cce00000)
AC   0  E CS TS     0 PTAMS 0x00000000cce00000 NTAMS 0x00000000cce00000 space 1024K, 100% used [0x00000000cce00000, 0x00000000ccf00000)
AC   0  E CS TS     0 PTAMS 0x00000000ccf00000 NTAMS 0x00000000ccf00000 space 1024K, 100% used [0x00000000ccf00000, 0x00000000cd000000)
AC   0  E CS TS     0 PTAMS 0x00000000cd000000 NTAMS 0x00000000cd000000 space 1024K, 100% used [0x00000000cd000000, 0x00000000cd100000)
AC   0  E CS TS     0 PTAMS 0x00000000cd100000 NTAMS 0x00000000cd100000 space 1024K, 100% used [0x00000000cd100000, 0x00000000cd200000)
AC   0  E CS TS     0 PTAMS 0x00000000cd200000 NTAMS 0x00000000cd200000 space 1024K, 100% used [0x00000000cd200000, 0x00000000cd300000)
AC   0  E CS TS     0 PTAMS 0x00000000cd300000 NTAMS 0x00000000cd300000 space 1024K, 100% used [0x00000000cd300000, 0x00000000cd400000)
AC   0  E CS TS     0 PTAMS 0x00000000cd400000 NTAMS 0x00000000cd400000 space 1024K, 100% used [0x00000000cd400000, 0x00000000cd500000)
AC   0  E CS TS     0 PTAMS 0x00000000cd500000 NTAMS 0x00000000cd500000 space 1024K, 100% used [0x00000000cd500000, 0x00000000cd600000)
AC   0  E CS TS     0 PTAMS 0x00000000cd600000 NTAMS 0x00000000cd600000 space 1024K, 100% used [0x00000000cd600000, 0x00000000cd700000)
AC   0  E CS TS     0 PTAMS 0x00000000cd700000 NTAMS 0x00000000cd700000 space 1024K, 100% used [0x00000000cd700000, 0x00000000cd800000)
AC   0  E CS TS     0 PTAMS 0x00000000cd800000 NTAMS 0x00000000cd800000 space 1024K, 100% used [0x00000000cd800000, 0x00000000cd900000)
AC   0  E CS TS     0 PTAMS 0x00000000cd900000 NTAMS 0x00000000cd900000 space 1024K, 100% used [0x00000000cd900000, 0x00000000cda00000)
AC   0  E CS TS     0 PTAMS 0x00000000cda00000 NTAMS 0x00000000cda00000 space 1024K, 100% used [0x00000000cda00000, 0x00000000cdb00000)
AC   0  E CS TS     0 PTAMS 0x00000000cdb00000 NTAMS 0x00000000cdb00000 space 1024K, 100% used [0x00000000cdb00000, 0x00000000cdc00000)
AC   0  E CS TS     0 PTAMS 0x00000000cdc00000 NTAMS 0x00000000cdc00000 space 1024K, 100% used [0x00000000cdc00000, 0x00000000cdd00000)
AC   0  E CS TS     0 PTAMS 0x00000000cdd00000 NTAMS 0x00000000cdd00000 space 1024K, 100% used [0x00000000cdd00000, 0x00000000cde00000)
AC   0  E CS TS     0 PTAMS 0x00000000cde00000 NTAMS 0x00000000cde00000 space 1024K, 100% used [0x00000000cde00000, 0x00000000cdf00000)
AC   0  E CS TS     0 PTAMS 0x00000000cdf00000 NTAMS 0x00000000cdf00000 space 1024K, 100% used [0x00000000cdf00000, 0x00000000ce000000)
AC   0  E CS TS     0 PTAMS 0x00000000ce000000 NTAMS 0x00000000ce000000 space 1024K, 100% used [0x00000000ce000000, 0x00000000ce100000)
AC   0  E CS TS     0 PTAMS 0x00000000ce100000 NTAMS 0x00000000ce100000 space 1024K, 100% used [0x00000000ce100000, 0x00000000ce200000)
AC   0  E CS TS     0 PTAMS 0x00000000ce200000 NTAMS 0x00000000ce200000 space 1024K, 100% used [0x00000000ce200000, 0x00000000ce300000)
AC   0  E CS TS     0 PTAMS 0x00000000ce300000 NTAMS 0x00000000ce300000 space 1024K, 100% used [0x00000000ce300000, 0x00000000ce400000)
AC   0  E CS TS     0 PTAMS 0x00000000ce400000 NTAMS 0x00000000ce400000 space 1024K, 100% used [0x00000000ce400000, 0x00000000ce500000)
AC   0  E CS TS     0 PTAMS 0x00000000ce500000 NTAMS 0x00000000ce500000 space 1024K, 100% used [0x00000000ce500000, 0x00000000ce600000)
AC   0  E CS TS     0 PTAMS 0x00000000ce600000 NTAMS 0x00000000ce600000 space 1024K, 100% used [0x00000000ce600000, 0x00000000ce700000)
AC   0  E CS TS     0 PTAMS 0x00000000ce700000 NTAMS 0x00000000ce700000 space 1024K, 100% used [0x00000000ce700000, 0x00000000ce800000)
AC   0  E CS TS     0 PTAMS 0x00000000ce800000 NTAMS 0x00000000ce800000 space 1024K, 100% used [0x00000000ce800000, 0x00000000ce900000)
AC   0  E CS TS     0 PTAMS 0x00000000ce900000 NTAMS 0x00000000ce900000 space 1024K, 100% used [0x00000000ce900000, 0x00000000cea00000)
AC   0  E CS TS     0 PTAMS 0x00000000cea00000 NTAMS 0x00000000cea00000 space 1024K, 100% used [0x00000000cea00000, 0x00000000ceb00000)
AC   0  E CS TS     0 PTAMS 0x00000000ceb00000 NTAMS 0x00000000ceb00000 space 1024K, 100% used [0x00000000ceb00000, 0x00000000cec00000)
AC   0  E CS TS     0 PTAMS 0x00000000cec00000 NTAMS 0x00000000cec00000 space 1024K, 100% used [0x00000000cec00000, 0x00000000ced00000)
AC   0  E CS TS     0 PTAMS 0x00000000ced00000 NTAMS 0x00000000ced00000 space 1024K, 100% used [0x00000000ced00000, 0x00000000cee00000)
AC   0  E CS TS     0 PTAMS 0x00000000cee00000 NTAMS 0x00000000cee00000 space 1024K, 100% used [0x00000000cee00000, 0x00000000cef00000)
AC   0  E CS TS     0 PTAMS 0x00000000cef00000 NTAMS 0x00000000cef00000 space 1024K, 100% used [0x00000000cef00000, 0x00000000cf000000)
AC   0  E CS TS     0 PTAMS 0x00000000cf000000 NTAMS 0x00000000cf000000 space 1024K, 100% used [0x00000000cf000000, 0x00000000cf100000)
AC   0  E CS TS     0 PTAMS 0x00000000cf100000 NTAMS 0x00000000cf100000 space 1024K, 100% used [0x00000000cf100000, 0x00000000cf200000)
AC   0  E CS TS     0 PTAMS 0x00000000cf200000 NTAMS 0x00000000cf200000 space 1024K, 100% used [0x00000000cf200000, 0x00000000cf300000)
AC   0  E CS TS     0 PTAMS 0x00000000cf300000 NTAMS 0x00000000cf300000 space 1024K, 100% used [0x00000000cf300000, 0x00000000cf400000)
AC   0  E CS TS     0 PTAMS 0x00000000cf400000 NTAMS 0x00000000cf400000 space 1024K, 100% used [0x00000000cf400000, 0x00000000cf500000)
AC   0  E CS TS     0 PTAMS 0x00000000cf500000 NTAMS 0x00000000cf500000 space 1024K, 100% used [0x00000000cf500000, 0x00000000cf600000)
AC   0  E CS TS     0 PTAMS 0x00000000cf600000 NTAMS 0x00000000cf600000 space 1024K, 100% used [0x00000000cf600000, 0x00000000cf700000)
AC   0  E CS TS     0 PTAMS 0x00000000cf700000 NTAMS 0x00000000cf700000 space 1024K, 100% used [0x00000000cf700000, 0x00000000cf800000)
AC   0  E CS TS     0 PTAMS 0x00000000cf800000 NTAMS 0x00000000cf800000 space 1024K, 100% used [0x00000000cf800000, 0x00000000cf900000)
AC   0  S CS TS     3 PTAMS 0x00000000cf900000 NTAMS 0x00000000cf900000 space 1024K,  99% used [0x00000000cf900000, 0x00000000cfa00000)
AC   0  S CS TS     3 PTAMS 0x00000000cfa00000 NTAMS 0x00000000cfa00000 space 1024K, 100% used [0x00000000cfa00000, 0x00000000cfb00000)
AC   0  E CS TS     0 PTAMS 0x00000000cfb00000 NTAMS 0x00000000cfb00000 space 1024K, 100% used [0x00000000cfb00000, 0x00000000cfc00000)
AC   0  E CS TS     0 PTAMS 0x00000000cfc00000 NTAMS 0x00000000cfc00000 space 1024K, 100% used [0x00000000cfc00000, 0x00000000cfd00000)
AC   0  E CS TS     0 PTAMS 0x00000000cfd00000 NTAMS 0x00000000cfd00000 space 1024K, 100% used [0x00000000cfd00000, 0x00000000cfe00000)
AC   0  E CS TS     0 PTAMS 0x00000000cfe00000 NTAMS 0x00000000cfe00000 space 1024K, 100% used [0x00000000cfe00000, 0x00000000cff00000)
AC   0  E CS TS     0 PTAMS 0x00000000cff00000 NTAMS 0x00000000cff00000 space 1024K, 100% used [0x00000000cff00000, 0x00000000d0000000)

Card table byte_map: [0x0000000013380000,0x0000000013580000] byte_map_base: 0x0000000012d80000

Marking Bits (Prev, Next): (CMBitMap*) 0x0000000002b89c68, (CMBitMap*) 0x0000000002b89cc0
 Prev Bits: [0x0000000013780000, 0x0000000014780000)
 Next Bits: [0x0000000014780000, 0x0000000015780000)

Polling page: 0x00000000009e0000

CodeCache: size=245760Kb used=80630Kb max_used=80641Kb free=165129Kb
 bounds [0x0000000002e80000, 0x0000000007dc0000, 0x0000000011e80000]
 total_blobs=21234 nmethods=20224 adapters=915
 compilation: enabled

Compilation events (10 events):
Event: 863.142 Thread 0x0000000018a7b800 27201       3       org.eclipse.wb.internal.draw2d.CustomTooltipManager::hideTooltip (42 bytes)
Event: 863.144 Thread 0x0000000018a7b800 nmethod 27201 0x000000000601ad50 code [0x000000000601af00, 0x000000000601b5c8]
Event: 863.511 Thread 0x0000000018a70000 27202  s!   4       org.eclipse.core.internal.jobs.WorkerPool::sleep (137 bytes)
Event: 863.520 Thread 0x0000000018a70000 nmethod 27202 0x00000000060191d0 code [0x0000000006019340, 0x00000000060196f8]
Event: 863.565 Thread 0x0000000018a7b800 27203       3       java.util.Calendar::aggregateStamp (21 bytes)
Event: 863.566 Thread 0x0000000018a7b800 nmethod 27203 0x00000000050dae50 code [0x00000000050dafa0, 0x00000000050db1b0]
Event: 863.566 Thread 0x0000000018a7b800 27204       3       sun.util.calendar.ZoneInfo::getOffsets (8 bytes)
Event: 863.567 Thread 0x0000000018a7b800 nmethod 27204 0x0000000006b7ccd0 code [0x0000000006b7ce40, 0x0000000006b7cfc8]
Event: 863.927 Thread 0x0000000018a7b800 27205       1       org.eclipse.core.internal.resources.BuildConfiguration::getName (5 bytes)
Event: 863.928 Thread 0x0000000018a7b800 nmethod 27205 0x0000000007d9dcd0 code [0x0000000007d9de20, 0x0000000007d9df30]

GC Heap History (10 events):
Event: 817.934 GC heap before
{Heap before GC invocations=89 (full 0):
 garbage-first heap   total 262144K, used 169211K [0x00000000c0000000, 0x00000000c0100800, 0x0000000100000000)
  region size 1024K, 12 young (12288K), 6 survivors (6144K)
 Metaspace       used 143502K, capacity 158896K, committed 159228K, reserved 1187840K
  class space    used 17151K, capacity 21237K, committed 21296K, reserved 1048576K
Event: 817.974 GC heap after
Heap after GC invocations=90 (full 0):
 garbage-first heap   total 262144K, used 153088K [0x00000000c0000000, 0x00000000c0100800, 0x0000000100000000)
  region size 1024K, 2 young (2048K), 2 survivors (2048K)
 Metaspace       used 143502K, capacity 158896K, committed 159228K, reserved 1187840K
  class space    used 17151K, capacity 21237K, committed 21296K, reserved 1048576K
}
Event: 818.625 GC heap before
{Heap before GC invocations=90 (full 0):
 garbage-first heap   total 262144K, used 163328K [0x00000000c0000000, 0x00000000c0100800, 0x0000000100000000)
  region size 1024K, 12 young (12288K), 2 survivors (2048K)
 Metaspace       used 143514K, capacity 159024K, committed 159228K, reserved 1187840K
  class space    used 17151K, capacity 21237K, committed 21296K, reserved 1048576K
Event: 818.648 GC heap after
Heap after GC invocations=91 (full 0):
 garbage-first heap   total 262144K, used 153930K [0x00000000c0000000, 0x00000000c0100800, 0x0000000100000000)
  region size 1024K, 2 young (2048K), 2 survivors (2048K)
 Metaspace       used 143514K, capacity 159024K, committed 159228K, reserved 1187840K
  class space    used 17151K, capacity 21237K, committed 21296K, reserved 1048576K
}
Event: 827.703 GC heap before
{Heap before GC invocations=91 (full 0):
 garbage-first heap   total 262144K, used 200010K [0x00000000c0000000, 0x00000000c0100800, 0x0000000100000000)
  region size 1024K, 48 young (49152K), 2 survivors (2048K)
 Metaspace       used 143604K, capacity 159030K, committed 159228K, reserved 1187840K
  class space    used 17152K, capacity 21239K, committed 21296K, reserved 1048576K
Event: 827.721 GC heap after
Heap after GC invocations=92 (full 0):
 garbage-first heap   total 262144K, used 156447K [0x00000000c0000000, 0x00000000c0100800, 0x0000000100000000)
  region size 1024K, 5 young (5120K), 5 survivors (5120K)
 Metaspace       used 143604K, capacity 159030K, committed 159228K, reserved 1187840K
  class space    used 17152K, capacity 21239K, committed 21296K, reserved 1048576K
}
Event: 844.897 GC heap before
{Heap before GC invocations=93 (full 0):
 garbage-first heap   total 262144K, used 228702K [0x00000000c0000000, 0x00000000c0100800, 0x0000000100000000)
  region size 1024K, 75 young (76800K), 5 survivors (5120K)
 Metaspace       used 143659K, capacity 159044K, committed 159228K, reserved 1187840K
  class space    used 17154K, capacity 21241K, committed 21296K, reserved 1048576K
Event: 844.925 GC heap after
Heap after GC invocations=94 (full 0):
 garbage-first heap   total 262144K, used 158720K [0x00000000c0000000, 0x00000000c0100800, 0x0000000100000000)
  region size 1024K, 7 young (7168K), 7 survivors (7168K)
 Metaspace       used 143659K, capacity 159044K, committed 159228K, reserved 1187840K
  class space    used 17154K, capacity 21241K, committed 21296K, reserved 1048576K
}
Event: 845.657 GC heap before
{Heap before GC invocations=94 (full 0):
 garbage-first heap   total 262144K, used 163840K [0x00000000c0000000, 0x00000000c0100800, 0x0000000100000000)
  region size 1024K, 12 young (12288K), 7 survivors (7168K)
 Metaspace       used 143664K, capacity 159044K, committed 159228K, reserved 1187840K
  class space    used 17154K, capacity 21241K, committed 21296K, reserved 1048576K
Event: 845.684 GC heap after
Heap after GC invocations=95 (full 0):
 garbage-first heap   total 262144K, used 154109K [0x00000000c0000000, 0x00000000c0100800, 0x0000000100000000)
  region size 1024K, 2 young (2048K), 2 survivors (2048K)
 Metaspace       used 143664K, capacity 159044K, committed 159228K, reserved 1187840K
  class space    used 17154K, capacity 21241K, committed 21296K, reserved 1048576K
}

Deoptimization events (10 events):
Event: 791.824 Thread 0x0000000002b53000 Uncommon trap: reason=null_check action=make_not_entrant pc=0x00000000078a5c00 method=org.eclipse.wb.core.eval.ExecutionFlowUtils$ExecutionFlowFrame.getReferences(Lorg/eclipse/jdt/core/dom/Expression;)Ljava/util/List; @ 15
Event: 792.386 Thread 0x000000001e2ec800 Uncommon trap: reason=unstable_if action=reinterpret pc=0x000000000564b3e4 method=org.eclipse.jdt.internal.compiler.codegen.ConstantPool.literalIndexForLdc([C)I @ 365
Event: 792.386 Thread 0x000000001e2ec800 Uncommon trap: reason=unstable_if action=reinterpret pc=0x0000000007306430 method=org.eclipse.jdt.internal.compiler.codegen.CodeStream.iconst_0()V @ 43
Event: 793.410 Thread 0x000000001db24000 Uncommon trap: reason=unstable_if action=reinterpret pc=0x00000000072f9fa0 method=org.eclipse.jdt.internal.compiler.codegen.CodeStream.iconst_0()V @ 43
Event: 799.431 Thread 0x0000000002b53000 Uncommon trap: reason=bimorphic action=maybe_recompile pc=0x0000000003cd7f00 method=org.eclipse.swt.widgets.Control.windowProc(JIJJ)J @ 1162
Event: 799.701 Thread 0x0000000002b53000 Uncommon trap: reason=bimorphic action=maybe_recompile pc=0x0000000003cd7f00 method=org.eclipse.swt.widgets.Control.windowProc(JIJJ)J @ 1162
Event: 799.883 Thread 0x0000000002b53000 Uncommon trap: reason=null_check action=make_not_entrant pc=0x00000000066d88f0 method=org.eclipse.wb.internal.core.model.JavaInfoUtils.isExposedType([Ljava/lang/Class;Ljava/lang/Class;)Z @ 19
Event: 800.497 Thread 0x000000001e2ec800 Uncommon trap: reason=unstable_if action=reinterpret pc=0x000000000618edc8 method=org.eclipse.jdt.internal.ui.javaeditor.HighlightedPositionCore.isEqual(IILjava/lang/Object;)Z @ 28
Event: 825.017 Thread 0x0000000002b53000 Uncommon trap: reason=class_check action=maybe_recompile pc=0x00000000054c2a10 method=org.eclipse.emf.ecore.util.EcoreEList.contains(Ljava/lang/Object;)Z @ 53
Event: 860.113 Thread 0x000000002b926800 Uncommon trap: reason=unstable_if action=reinterpret pc=0x00000000078bacec method=org.eclipse.jdt.internal.compiler.codegen.CodeStream.aload(I)V @ 139

Classes redefined (0 events):
No events

Internal exceptions (10 events):
Event: 844.307 Thread 0x0000000002b53000 Exception <a 'java/lang/IllegalArgumentException'> (0x00000000cb838d18) thrown at [C:\re\workspace\8-2-build-windows-amd64-cygwin\jdk8u221\13320\hotspot\src\share\vm\prims\jni.cpp, line 710]
Event: 844.307 Thread 0x0000000002b53000 Exception <a 'java/lang/IllegalArgumentException'> (0x00000000cb83bd18) thrown at [C:\re\workspace\8-2-build-windows-amd64-cygwin\jdk8u221\13320\hotspot\src\share\vm\prims\jni.cpp, line 710]
Event: 844.307 Thread 0x0000000002b53000 Exception <a 'java/lang/IllegalArgumentException'> (0x00000000cb83ed08) thrown at [C:\re\workspace\8-2-build-windows-amd64-cygwin\jdk8u221\13320\hotspot\src\share\vm\prims\jni.cpp, line 710]
Event: 844.307 Thread 0x0000000002b53000 Exception <a 'java/lang/IllegalArgumentException'> (0x00000000cb841cf8) thrown at [C:\re\workspace\8-2-build-windows-amd64-cygwin\jdk8u221\13320\hotspot\src\share\vm\prims\jni.cpp, line 710]
Event: 844.307 Thread 0x0000000002b53000 Exception <a 'java/lang/IllegalArgumentException'> (0x00000000cb8464e8) thrown at [C:\re\workspace\8-2-build-windows-amd64-cygwin\jdk8u221\13320\hotspot\src\share\vm\prims\jni.cpp, line 710]
Event: 844.307 Thread 0x0000000002b53000 Exception <a 'java/lang/IllegalArgumentException'> (0x00000000cb849b80) thrown at [C:\re\workspace\8-2-build-windows-amd64-cygwin\jdk8u221\13320\hotspot\src\share\vm\prims\jni.cpp, line 710]
Event: 844.307 Thread 0x0000000002b53000 Exception <a 'java/lang/IllegalArgumentException'> (0x00000000cb84d110) thrown at [C:\re\workspace\8-2-build-windows-amd64-cygwin\jdk8u221\13320\hotspot\src\share\vm\prims\jni.cpp, line 710]
Event: 844.307 Thread 0x0000000002b53000 Exception <a 'java/lang/IllegalArgumentException'> (0x00000000cb850610) thrown at [C:\re\workspace\8-2-build-windows-amd64-cygwin\jdk8u221\13320\hotspot\src\share\vm\prims\jni.cpp, line 710]
Event: 844.307 Thread 0x0000000002b53000 Exception <a 'java/lang/IllegalArgumentException'> (0x00000000cb853678) thrown at [C:\re\workspace\8-2-build-windows-amd64-cygwin\jdk8u221\13320\hotspot\src\share\vm\prims\jni.cpp, line 710]
Event: 859.855 Thread 0x0000000002b53000 Exception <a 'sun/nio/fs/WindowsException'> (0x00000000ccb5f030) thrown at [C:\re\workspace\8-2-build-windows-amd64-cygwin\jdk8u221\13320\hotspot\src\share\vm\prims\jni.cpp, line 710]

Events (10 events):
Event: 860.172 Thread 0x000000002b926800 Thread added: 0x000000002b926800
Event: 860.174 Executing VM operation: RevokeBias
Event: 860.174 Executing VM operation: RevokeBias done
Event: 860.175 Thread 0x000000002b926800 Thread exited: 0x000000002b926800
Event: 860.722 Thread 0x000000002b926800 Thread added: 0x000000002b926800
Event: 860.724 Executing VM operation: RevokeBias
Event: 860.724 Executing VM operation: RevokeBias done
Event: 860.724 Executing VM operation: RevokeBias
Event: 860.724 Executing VM operation: RevokeBias done
Event: 860.725 Thread 0x000000002b926800 Thread exited: 0x000000002b926800


Dynamic libraries:
0x00007ff62cd10000 - 0x00007ff62cd7a000 	C:\Users\Joao\eclipse\jee-2019-09\eclipse\eclipse.exe
0x00007ffbd9a20000 - 0x00007ffbd9c10000 	C:\WINDOWS\SYSTEM32\ntdll.dll
0x00007ffbd91a0000 - 0x00007ffbd9252000 	C:\WINDOWS\System32\KERNEL32.DLL
0x00007ffbd7740000 - 0x00007ffbd79e3000 	C:\WINDOWS\System32\KERNELBASE.dll
0x00007ffbd8cb0000 - 0x00007ffbd8e44000 	C:\WINDOWS\System32\USER32.dll
0x00007ffbd7470000 - 0x00007ffbd7491000 	C:\WINDOWS\System32\win32u.dll
0x00007ffbd9950000 - 0x00007ffbd9976000 	C:\WINDOWS\System32\GDI32.dll
0x00007ffbd75a0000 - 0x00007ffbd7734000 	C:\WINDOWS\System32\gdi32full.dll
0x00007ffbd73d0000 - 0x00007ffbd746e000 	C:\WINDOWS\System32\msvcp_win.dll
0x00007ffbd69b0000 - 0x00007ffbd6aaa000 	C:\WINDOWS\System32\ucrtbase.dll
0x00007ffbc3020000 - 0x00007ffbc32a5000 	C:\WINDOWS\WinSxS\amd64_microsoft.windows.common-controls_6595b64144ccf1df_6.0.18362.418_none_e6c6b287130d565d\COMCTL32.dll
0x00007ffbd7c40000 - 0x00007ffbd7cde000 	C:\WINDOWS\System32\msvcrt.dll
0x00007ffbd7fc0000 - 0x00007ffbd82f6000 	C:\WINDOWS\System32\combase.dll
0x00007ffbd8910000 - 0x00007ffbd8a30000 	C:\WINDOWS\System32\RPCRT4.dll
0x00007ffbd7a50000 - 0x00007ffbd7ad0000 	C:\WINDOWS\System32\bcryptPrimitives.dll
0x00007ffbd8800000 - 0x00007ffbd882e000 	C:\WINDOWS\System32\IMM32.DLL
0x00007ffbcb240000 - 0x00007ffbcb269000 	C:\Users\Joao\.p2\pool\plugins\org.eclipse.equinox.launcher.win32.win32.x86_64_1.1.1100.v20190907-0426\eclipse_1902.dll
0x00007ffbd8e50000 - 0x00007ffbd8ef3000 	C:\WINDOWS\System32\ADVAPI32.dll
0x00007ffbd7cf0000 - 0x00007ffbd7d87000 	C:\WINDOWS\System32\sechost.dll
0x00007ffbd1b20000 - 0x00007ffbd1b2a000 	C:\WINDOWS\SYSTEM32\VERSION.dll
0x000000006a230000 - 0x000000006aad5000 	C:\Program Files\Java\jdk1.8.0_221\jre\bin\server\jvm.dll
0x00007ffbd7ce0000 - 0x00007ffbd7ce8000 	C:\WINDOWS\System32\PSAPI.DLL
0x00007ffbd2840000 - 0x00007ffbd2849000 	C:\WINDOWS\SYSTEM32\WSOCK32.dll
0x00007ffbd4a70000 - 0x00007ffbd4a94000 	C:\WINDOWS\SYSTEM32\WINMM.dll
0x000000006a150000 - 0x000000006a222000 	C:\WINDOWS\SYSTEM32\MSVCR100.dll
0x00007ffbd8f80000 - 0x00007ffbd8fef000 	C:\WINDOWS\System32\WS2_32.dll
0x00007ffbd4a40000 - 0x00007ffbd4a6d000 	C:\WINDOWS\SYSTEM32\winmmbase.dll
0x00007ffbd74a0000 - 0x00007ffbd74ea000 	C:\WINDOWS\System32\cfgmgr32.dll
0x00007ffbd1c30000 - 0x00007ffbd1c3f000 	C:\Program Files\Java\jdk1.8.0_221\jre\bin\verify.dll
0x00007ffbc8d30000 - 0x00007ffbc8d59000 	C:\Program Files\Java\jdk1.8.0_221\jre\bin\java.dll
0x00007ffbca530000 - 0x00007ffbca546000 	C:\Program Files\Java\jdk1.8.0_221\jre\bin\zip.dll
0x00007ffbd9260000 - 0x00007ffbd9945000 	C:\WINDOWS\System32\SHELL32.dll
0x00007ffbd7f10000 - 0x00007ffbd7fb9000 	C:\WINDOWS\System32\shcore.dll
0x00007ffbd6c50000 - 0x00007ffbd73cf000 	C:\WINDOWS\System32\windows.storage.dll
0x00007ffbd6990000 - 0x00007ffbd69af000 	C:\WINDOWS\System32\profapi.dll
0x00007ffbd6940000 - 0x00007ffbd698a000 	C:\WINDOWS\System32\powrprof.dll
0x00007ffbd68f0000 - 0x00007ffbd6900000 	C:\WINDOWS\System32\UMPDC.dll
0x00007ffbd88b0000 - 0x00007ffbd8902000 	C:\WINDOWS\System32\shlwapi.dll
0x00007ffbd6900000 - 0x00007ffbd6911000 	C:\WINDOWS\System32\kernel.appcore.dll
0x00007ffbd6c30000 - 0x00007ffbd6c47000 	C:\WINDOWS\System32\cryptsp.dll
0x00007ffbd5cd0000 - 0x00007ffbd5d03000 	C:\WINDOWS\system32\rsaenh.dll
0x00007ffbd6c00000 - 0x00007ffbd6c26000 	C:\WINDOWS\System32\bcrypt.dll
0x00007ffbd67e0000 - 0x00007ffbd6805000 	C:\WINDOWS\SYSTEM32\USERENV.dll
0x00007ffbd6330000 - 0x00007ffbd633c000 	C:\WINDOWS\SYSTEM32\CRYPTBASE.dll
0x00007ffbc9e70000 - 0x00007ffbc9e8a000 	C:\Program Files\Java\jdk1.8.0_221\jre\bin\net.dll
0x00007ffbc95f0000 - 0x00007ffbc97c6000 	C:\WINDOWS\SYSTEM32\urlmon.dll
0x00007ffbc98f0000 - 0x00007ffbc9b96000 	C:\WINDOWS\SYSTEM32\iertutil.dll
0x00007ffbd6160000 - 0x00007ffbd61c7000 	C:\WINDOWS\system32\mswsock.dll
0x00007ffbd5e70000 - 0x00007ffbd5eaa000 	C:\WINDOWS\SYSTEM32\IPHLPAPI.DLL
0x00007ffbd87f0000 - 0x00007ffbd87f8000 	C:\WINDOWS\System32\NSI.dll
0x00007ffbd0250000 - 0x00007ffbd0266000 	C:\WINDOWS\SYSTEM32\dhcpcsvc6.DLL
0x00007ffbd0140000 - 0x00007ffbd015c000 	C:\WINDOWS\SYSTEM32\dhcpcsvc.DLL
0x00007ffbd5eb0000 - 0x00007ffbd5f7a000 	C:\WINDOWS\SYSTEM32\DNSAPI.dll
0x00007ffbc4780000 - 0x00007ffbc4792000 	C:\Program Files\Java\jdk1.8.0_221\jre\bin\nio.dll
0x00007ffbd4f00000 - 0x00007ffbd4f99000 	C:\WINDOWS\system32\uxtheme.dll
0x00007ffbd8b70000 - 0x00007ffbd8ca6000 	C:\WINDOWS\System32\MSCTF.dll
0x00007ffbd7d90000 - 0x00007ffbd7e54000 	C:\WINDOWS\System32\OLEAUT32.dll
0x00007ffbca750000 - 0x00007ffbca7ee000 	C:\WINDOWS\System32\TextInputFramework.dll
0x00007ffbd2aa0000 - 0x00007ffbd2dca000 	C:\WINDOWS\System32\CoreUIComponents.dll
0x00007ffbd4270000 - 0x00007ffbd4344000 	C:\WINDOWS\System32\CoreMessaging.dll
0x00007ffbd5950000 - 0x00007ffbd5981000 	C:\WINDOWS\SYSTEM32\ntmarta.dll
0x00007ffbd2940000 - 0x00007ffbd2a93000 	C:\WINDOWS\SYSTEM32\wintypes.dll
0x00007ffbbf6c0000 - 0x00007ffbbf756000 	C:\Users\Joao\eclipse\jee-2019-09\eclipse\configuration\org.eclipse.osgi\732\0\.cp\swt-win32-4928r15.dll
0x00007ffbd7ae0000 - 0x00007ffbd7c36000 	C:\WINDOWS\System32\ole32.dll
0x00007ffbd8a30000 - 0x00007ffbd8b00000 	C:\WINDOWS\System32\COMDLG32.dll
0x00007ffbd6ab0000 - 0x00007ffbd6bf9000 	C:\WINDOWS\System32\CRYPT32.dll
0x00007ffbd6920000 - 0x00007ffbd6932000 	C:\WINDOWS\System32\MSASN1.dll
0x00007ffbc4930000 - 0x00007ffbc49b9000 	C:\WINDOWS\SYSTEM32\WINSPOOL.DRV
0x00007ffbc9eb0000 - 0x00007ffbc9ec9000 	C:\WINDOWS\SYSTEM32\USP10.dll
0x00007ffbbe1a0000 - 0x00007ffbbe676000 	C:\WINDOWS\SYSTEM32\WININET.dll
0x00007ffbd3860000 - 0x00007ffbd394f000 	C:\WINDOWS\SYSTEM32\PROPSYS.dll
0x00007ffbd30f0000 - 0x00007ffbd30f7000 	C:\WINDOWS\SYSTEM32\MSIMG32.dll
0x00007ffbd7e60000 - 0x00007ffbd7f02000 	C:\WINDOWS\System32\clbcatq.dll
0x00007ffbcb480000 - 0x00007ffbcb48d000 	C:\WINDOWS\SYSTEM32\LINKINFO.dll
0x00007ffbd47f0000 - 0x00007ffbd487a000 	C:\Windows\System32\msvcp110_win.dll
0x00007ffbc1ad0000 - 0x00007ffbc1af6000 	C:\Users\Joao\eclipse\jee-2019-09\eclipse\configuration\org.eclipse.osgi\732\0\.cp\swt-gdip-win32-4928r15.dll
0x00007ffbc3700000 - 0x00007ffbc38a3000 	C:\WINDOWS\WinSxS\amd64_microsoft.windows.gdiplus_6595b64144ccf1df_1.1.18362.418_none_17b1a56c6d9fd02b\gdiplus.dll
0x00007ffbd2690000 - 0x00007ffbd283f000 	C:\WINDOWS\SYSTEM32\WindowsCodecs.dll
0x0000000180000000 - 0x0000000180012000 	C:\Users\Joao\eclipse\jee-2019-09\eclipse\configuration\org.eclipse.osgi\120\0\.cp\os\win32\x86_64\localfile_1_0_0.dll
0x00007ffbc1ab0000 - 0x00007ffbc1ac6000 	C:\WINDOWS\system32\napinsp.dll
0x00007ffbc1440000 - 0x00007ffbc145a000 	C:\WINDOWS\system32\pnrpnsp.dll
0x00007ffbcb6f0000 - 0x00007ffbcb6fe000 	C:\WINDOWS\System32\winrnr.dll
0x00007ffbd3070000 - 0x00007ffbd308c000 	C:\WINDOWS\system32\NLAapi.dll
0x00007ffbbdc70000 - 0x00007ffbbdc85000 	C:\WINDOWS\system32\wshbth.dll
0x00007ffbce330000 - 0x00007ffbce33a000 	C:\Windows\System32\rasadhlp.dll
0x00007ffbcfa00000 - 0x00007ffbcfa77000 	C:\WINDOWS\System32\fwpuclnt.dll
0x00007ffbc4570000 - 0x00007ffbc4581000 	C:\Users\Joao\eclipse\jee-2019-09\eclipse\configuration\org.eclipse.osgi\123\0\.cp\jWinHttp-1.0.0.dll
0x00007ffbce480000 - 0x00007ffbce570000 	C:\WINDOWS\SYSTEM32\WINHTTP.dll
0x00007ffbcfc80000 - 0x00007ffbcfce5000 	C:\WINDOWS\SYSTEM32\oleacc.dll
0x00007ffbbe010000 - 0x00007ffbbe034000 	C:\Program Files\Java\jdk1.8.0_221\jre\bin\sunec.dll
0x00007ffbbdc90000 - 0x00007ffbbdcca000 	C:\WINDOWS\system32\dataexchange.dll
0x00007ffbd4040000 - 0x00007ffbd421b000 	C:\WINDOWS\system32\dcomp.dll
0x00007ffbd3950000 - 0x00007ffbd3bab000 	C:\WINDOWS\system32\d3d11.dll
0x00007ffbd55f0000 - 0x00007ffbd56db000 	C:\WINDOWS\system32\dxgi.dll
0x00007ffbd5560000 - 0x00007ffbd5580000 	C:\WINDOWS\SYSTEM32\dxcore.dll
0x00007ffbd4bb0000 - 0x00007ffbd4e0a000 	C:\WINDOWS\system32\twinapi.appcore.dll
0x00007ffbd50b0000 - 0x00007ffbd50d9000 	C:\WINDOWS\system32\RMCLIENT.dll
0x00007ffbcf9b0000 - 0x00007ffbcf9f1000 	C:\WINDOWS\system32\mlang.dll
0x00007ffbc92f0000 - 0x00007ffbc95ee000 	C:\WINDOWS\SYSTEM32\DWrite.dll
0x00007ffbbae00000 - 0x00007ffbbb005000 	C:\WINDOWS\system32\explorerframe.dll
0x00007ffbba040000 - 0x00007ffbba0be000 	C:\WINDOWS\SYSTEM32\ntshrui.dll
0x00007ffbd6810000 - 0x00007ffbd683f000 	C:\WINDOWS\SYSTEM32\SspiCli.dll
0x00007ffbc5d10000 - 0x00007ffbc5d36000 	C:\WINDOWS\SYSTEM32\srvcli.dll
0x00007ffbbb060000 - 0x00007ffbbb072000 	C:\WINDOWS\SYSTEM32\cscapi.dll
0x00007ffbd0a00000 - 0x00007ffbd0a86000 	C:\WINDOWS\SYSTEM32\policymanager.dll
0x00007ffbc0c20000 - 0x00007ffbc0c43000 	C:\WINDOWS\SYSTEM32\edputil.dll
0x00007ffba9640000 - 0x00007ffba97d9000 	C:\Program Files\Java\jdk1.8.0_221\jre\bin\awt.dll
0x00007ffbd4950000 - 0x00007ffbd49df000 	C:\WINDOWS\SYSTEM32\apphelp.dll
0x00007ffbd4fd0000 - 0x00007ffbd4ffd000 	C:\WINDOWS\system32\DWMAPI.DLL
0x000000002d9d0000 - 0x000000002d9e2000 	C:\Users\Joao\eclipse\jee-2019-09\eclipse\configuration\org.eclipse.osgi\971\0\.cp\os\win32\x86_64\wbp.dll
0x00007ffb98ce0000 - 0x00007ffb993ca000 	C:\Windows\System32\ieframe.dll
0x00007ffbc5f50000 - 0x00007ffbc5f67000 	C:\Windows\System32\NETAPI32.dll
0x00007ffbd2400000 - 0x00007ffbd2417000 	C:\Windows\System32\WKSCLI.DLL
0x00007ffbd5f80000 - 0x00007ffbd5f8c000 	C:\Windows\System32\NETUTILS.DLL
0x00007ffbd8f00000 - 0x00007ffbd8f76000 	C:\WINDOWS\System32\coml2.dll
0x00007ffbd6740000 - 0x00007ffbd67dd000 	C:\WINDOWS\SYSTEM32\sxs.dll
0x00007ffbb38f0000 - 0x00007ffbb3941000 	C:\WINDOWS\SYSTEM32\msIso.dll
0x00007ffb81ac0000 - 0x00007ffb83071000 	C:\Windows\System32\mshtml.dll
0x00007ffbb8190000 - 0x00007ffbb81bc000 	C:\Windows\System32\srpapi.dll
0x00007ffb98670000 - 0x00007ffb98b1b000 	C:\Windows\System32\jscript9.dll
0x00007ffbbc530000 - 0x00007ffbbc53c000 	C:\WINDOWS\SYSTEM32\Secur32.dll
0x00007ffbd32a0000 - 0x00007ffbd3860000 	C:\Windows\System32\d2d1.dll
0x00007ffbb9ec0000 - 0x00007ffbb9ed6000 	C:\WINDOWS\SYSTEM32\ondemandconnroutehelper.dll
0x00007ffbd0270000 - 0x00007ffbd027b000 	C:\WINDOWS\SYSTEM32\WINNSI.DLL
0x00007ffbbcf00000 - 0x00007ffbbcf5e000 	C:\Windows\System32\thumbcache.dll
0x00007ffbb4a30000 - 0x00007ffbb4a42000 	C:\WINDOWS\system32\msimtf.dll
0x00007ffbd63c0000 - 0x00007ffbd63e9000 	C:\WINDOWS\SYSTEM32\WLDP.DLL
0x00007ffbd79f0000 - 0x00007ffbd7a4c000 	C:\WINDOWS\System32\WINTRUST.dll

VM Arguments:
jvm_args: -Dosgi.requiredJavaVersion=1.8 -Dosgi.instance.area.default=@user.home/eclipse-workspace -XX:+UseG1GC -XX:+UseStringDeduplication -Dosgi.requiredJavaVersion=1.8 -Dosgi.dataAreaRequiresExplicitInit=true -Xms256m -Xmx1024m -Declipse.p2.max.threads=10 -Doomph.update.url=http://download.eclipse.org/oomph/updates/milestone/latest -Doomph.redirection.index.redirection=index:/->http://git.eclipse.org/c/oomph/org.eclipse.oomph.git/plain/setups/ 
java_command: <unknown>
java_class_path (initial): C:\Users\Joao\eclipse\jee-2019-09\eclipse\\plugins/org.eclipse.equinox.launcher_1.5.500.v20190715-1310.jar
Launcher Type: generic

Environment Variables:
JAVA_HOME=C:\Program Files\Java\jdk1.8.0_221
CLASSPATH=.;
PATH=C:/Program Files/Java/jdk1.8.0_221/bin/../jre/bin/server;C:/Program Files/Java/jdk1.8.0_221/bin/../jre/bin;C:/Program Files/Java/jdk1.8.0_221/bin/../jre/lib/amd64;C:\Python27\;C:\Python27\Scripts;C:\Windows\system32;C:\Windows;C:\Windows\System32\Wbem;C:\Windows\System32\WindowsPowerShell\v1.0\;C:\Program Files (x86)\NVIDIA Corporation\PhysX\Common;C:\Program Files\NVIDIA Corporation\NVIDIA NvDLISR;C:\ProgramData\chocolatey\bin;C:\Program Files\Git\cmd;C:\Program Files\Java\jdk1.8.0_221\bin;C:\WINDOWS\system32;C:\WINDOWS;C:\WINDOWS\System32\Wbem;C:\WINDOWS\System32\WindowsPowerShell\v1.0\;C:\WINDOWS\System32\OpenSSH\;C:\Program Files\nodejs\;C:\Program Files\Java\jdk1.8.0_221\bin;C:\Users\Joao\AppData\Local\Microsoft\WindowsApps;C:\Users\Joao\AppData\Local\Programs\Microsoft VS Code\bin;c:\Users\Joao\AppData\Local\Android\Sdk\platform-tools;C:\Users\Joao\AppData\Roaming\npm;;C:\Users\Joao\Desktop;
USERNAME=Joao
OS=Windows_NT
PROCESSOR_IDENTIFIER=Intel64 Family 6 Model 60 Stepping 3, GenuineIntel



---------------  S Y S T E M  ---------------

OS: Windows 10.0 , 64 bit Build 18362 (10.0.18362.329)

CPU:total 4 (initial active 4) (2 cores per cpu, 2 threads per core) family 6 model 60 stepping 3, cmov, cx8, fxsr, mmx, sse, sse2, sse3, ssse3, sse4.1, sse4.2, popcnt, avx, avx2, aes, clmul, erms, lzcnt, ht, tsc, tscinvbit, bmi1, bmi2

Memory: 4k page, physical 8256180k(4462752k free), swap 13236916k(7045552k free)

vm_info: Java HotSpot(TM) 64-Bit Server VM (25.221-b11) for windows-amd64 JRE (1.8.0_221-b11), built on Jul  4 2019 04:39:29 by "java_re" with MS VC++ 10.0 (VS2010)

time: Wed Nov 06 05:23:01 2019
timezone: Hora oficial do Brasil
elapsed time: 863 seconds (0d 0h 14m 23s)

