#
# A fatal error has been detected by the Java Runtime Environment:
#
#  EXCEPTION_ACCESS_VIOLATION (0xc0000005) at pc=0x00007ffbd8b9aca8, pid=5320, tid=0x0000000000001638
#
# JRE version: Java(TM) SE Runtime Environment (8.0_221-b11) (build 1.8.0_221-b11)
# Java VM: Java HotSpot(TM) 64-Bit Server VM (25.221-b11 mixed mode windows-amd64 compressed oops)
# Problematic frame:
# C  [MSCTF.dll+0x2aca8]
#
# Failed to write core dump. Minidumps are not enabled by default on client versions of Windows
#
# If you would like to submit a bug report, please visit:
#   http://bugreport.java.com/bugreport/crash.jsp
# The crash happened outside the Java Virtual Machine in native code.
# See problematic frame for where to report the bug.
#

---------------  T H R E A D  ---------------

Current thread (0x0000000002853000):  JavaThread "main" [_thread_in_native, id=5688, stack(0x0000000000a00000,0x0000000000b00000)]

siginfo: ExceptionCode=0xc0000005, reading address 0x0000000000000020

Registers:
RAX=0x0000000000000000, RBX=0x0000000024e33860, RCX=0x0000000032de7330, RDX=0x0000000000000002
RSP=0x0000000000af90a0, RBP=0x0000000000000000, RSI=0x0000000000000000, RDI=0x0000000040000000
R8 =0x0000000024e15bd0, R9 =0x0000000000000000, R10=0x0000000001519ff0, R11=0x0000000000000000
R12=0x00000000ffffffff, R13=0x0000000001cf0f5b, R14=0x0000000000000000, R15=0x0000000000000000
RIP=0x00007ffbd8b9aca8, EFLAGS=0x0000000000010206

Top of Stack: (sp=0x0000000000af90a0)
0x0000000000af90a0:   0000000000af9630 0000000000af98a4
0x0000000000af90b0:   0000000b0000000a 0000000100000000
0x0000000000af90c0:   0000000000000000 0000000023360001
0x0000000000af90d0:   0000000000000000 0000000000000000
0x0000000000af90e0:   00000000234168f6 0000000023410088
0x0000000000af90f0:   0000bd484203e0c8 0000000000af9590
0x0000000000af9100:   0000000000000001 0000000023410000
0x0000000000af9110:   0000000000000000 0000000000000002
0x0000000000af9120:   0000000024e33898 00007ffbd8b9a6cd
0x0000000000af9130:   0000000024ded0e6 0000000000000002
0x0000000000af9140:   0000000000000000 0000000000000000
0x0000000000af9150:   0000000023410000 000000002336f620
0x0000000000af9160:   0000000023410060 0000000000d75b88
0x0000000000af9170:   0000000000af9590 0000000200110001
0x0000000000af9180:   000000000000000f 0000000024e332f0
0x0000000000af9190:   00000000000e0310 0000000000af9300 

Instructions: (pc=0x00007ffbd8b9aca8)
0x00007ffbd8b9ac88:   c9 74 0d 48 8b 01 48 8b 40 10 ff 15 30 0e 0d 00
0x00007ffbd8b9ac98:   ff c6 3b 77 38 0f 8d 8e fd ff ff eb bb 48 8b 01
0x00007ffbd8b9aca8:   48 8b 40 20 e9 05 ff ff ff 4d 8b 66 48 4d 85 e4
0x00007ffbd8b9acb8:   0f 85 c0 f5 02 00 4d 8b 76 18 4d 85 f6 0f 84 5d 


Register to memory mapping:

RAX=0x0000000000000000 is an unknown value
RBX=0x0000000024e33860 is an unknown value
RCX=0x0000000032de7330 is an unknown value
RDX=0x0000000000000002 is an unknown value
RSP=0x0000000000af90a0 is pointing into the stack for thread: 0x0000000002853000
RBP=0x0000000000000000 is an unknown value
RSI=0x0000000000000000 is an unknown value
RDI=0x0000000040000000 is an unknown value
R8 =0x0000000024e15bd0 is an unknown value
R9 =0x0000000000000000 is an unknown value
R10=0x0000000001519ff0 is an unknown value
R11=0x0000000000000000 is an unknown value
R12=
[error occurred during error reporting (printing register info), id 0xc0000005]

Stack: [0x0000000000a00000,0x0000000000b00000],  sp=0x0000000000af90a0,  free space=996k
Native frames: (J=compiled Java code, j=interpreted, Vv=VM code, C=native code)

Java frames: (J=compiled Java code, j=interpreted, Vv=VM code)
J 4862  org.eclipse.swt.internal.win32.OS.DefWindowProc(JIJJ)J (0 bytes) @ 0x0000000003cd50ce [0x0000000003cd5080+0x4e]
J 9823 C2 org.eclipse.swt.widgets.Scrollable.callWindowProc(JIJJ)J (21 bytes) @ 0x00000000049bc3e8 [0x00000000049bc3a0+0x48]
J 22487 C2 org.eclipse.swt.widgets.Control.windowProc(JIJJ)J (1980 bytes) @ 0x00000000065fa1d0 [0x00000000065f9b60+0x670]
J 11966 C2 org.eclipse.swt.widgets.Canvas.windowProc(JIJJ)J (50 bytes) @ 0x0000000004f9dd28 [0x0000000004f9dce0+0x48]
J 6485 C2 org.eclipse.swt.widgets.Display.windowProc(JJJJ)J (108 bytes) @ 0x000000000321c370 [0x000000000321c300+0x70]
v  ~StubRoutines::call_stub
J 4862  org.eclipse.swt.internal.win32.OS.DefWindowProc(JIJJ)J (0 bytes) @ 0x0000000003cd50ce [0x0000000003cd5080+0x4e]
J 9823 C2 org.eclipse.swt.widgets.Scrollable.callWindowProc(JIJJ)J (21 bytes) @ 0x00000000049bc3e8 [0x00000000049bc3a0+0x48]
J 22487 C2 org.eclipse.swt.widgets.Control.windowProc(JIJJ)J (1980 bytes) @ 0x00000000065fa1d0 [0x00000000065f9b60+0x670]
J 11966 C2 org.eclipse.swt.widgets.Canvas.windowProc(JIJJ)J (50 bytes) @ 0x0000000004f9dd28 [0x0000000004f9dce0+0x48]
J 6485 C2 org.eclipse.swt.widgets.Display.windowProc(JJJJ)J (108 bytes) @ 0x000000000321c370 [0x000000000321c300+0x70]
v  ~StubRoutines::call_stub
j  org.eclipse.swt.internal.win32.OS.ImmSetCompositionFont(JLorg/eclipse/swt/internal/win32/LOGFONT;)Z+0
j  org.eclipse.swt.widgets.Caret.setIMEFont()V+109
j  org.eclipse.swt.widgets.Caret.setFocus()V+84
j  org.eclipse.swt.widgets.Canvas.WM_SETFOCUS(JJ)Lorg/eclipse/swt/internal/win32/LRESULT;+29
J 22487 C2 org.eclipse.swt.widgets.Control.windowProc(JIJJ)J (1980 bytes) @ 0x00000000065faa28 [0x00000000065f9b60+0xec8]
J 11966 C2 org.eclipse.swt.widgets.Canvas.windowProc(JIJJ)J (50 bytes) @ 0x0000000004f9dd28 [0x0000000004f9dce0+0x48]
J 6485 C2 org.eclipse.swt.widgets.Display.windowProc(JJJJ)J (108 bytes) @ 0x000000000321c370 [0x000000000321c300+0x70]
v  ~StubRoutines::call_stub
j  org.eclipse.swt.internal.win32.OS.SetFocus(J)J+0
J 13814 C1 org.eclipse.swt.widgets.Control.forceFocus()Z (92 bytes) @ 0x00000000044aecdc [0x00000000044ae560+0x77c]
J 12450 C1 org.eclipse.swt.widgets.Composite.setFocus()Z (69 bytes) @ 0x00000000041514f4 [0x0000000004150e40+0x6b4]
j  org.eclipse.swt.widgets.Decorations.restoreFocus()Z+45
j  org.eclipse.swt.widgets.Decorations.WM_ACTIVATE(JJ)Lorg/eclipse/swt/internal/win32/LRESULT;+171
j  org.eclipse.swt.widgets.Shell.WM_ACTIVATE(JJ)Lorg/eclipse/swt/internal/win32/LRESULT;+47
J 22487 C2 org.eclipse.swt.widgets.Control.windowProc(JIJJ)J (1980 bytes) @ 0x00000000065faacc [0x00000000065f9b60+0xf6c]
J 17073 C2 org.eclipse.swt.widgets.Shell.windowProc(JIJJ)J (267 bytes) @ 0x0000000005f288a8 [0x0000000005f28780+0x128]
J 6485 C2 org.eclipse.swt.widgets.Display.windowProc(JJJJ)J (108 bytes) @ 0x000000000321c370 [0x000000000321c300+0x70]
v  ~StubRoutines::call_stub
j  org.eclipse.swt.internal.win32.OS.SetForegroundWindow(J)Z+0
j  org.eclipse.swt.widgets.Shell.forceActive()V+16
j  org.eclipse.wb.internal.swt.model.widgets.CompositeTopBoundsSupport.showAfter()V+21
j  org.eclipse.wb.internal.swt.model.widgets.CompositeTopBoundsSupport.show(Lorg/eclipse/wb/core/model/AbstractComponentInfo;Ljava/lang/Object;)V+16
j  org.eclipse.wb.internal.swt.model.widgets.CompositeTopBoundsSupport.show()Z+13
j  org.eclipse.wb.internal.core.editor.actions.TestAction.run0()V+24
j  org.eclipse.wb.internal.core.editor.actions.TestAction.access$0(Lorg/eclipse/wb/internal/core/editor/actions/TestAction;)V+1
j  org.eclipse.wb.internal.core.editor.actions.TestAction$1$1.run()V+7
j  org.eclipse.wb.internal.core.utils.execution.ExecutionUtils.runDesignTime(Lorg/eclipse/wb/internal/core/utils/execution/RunnableEx;)V+9
j  org.eclipse.wb.internal.core.editor.actions.TestAction$1.run()V+8
J 16285 C1 org.eclipse.wb.internal.core.utils.execution.ExecutionUtils.runLog(Lorg/eclipse/wb/internal/core/utils/execution/RunnableEx;)Z (15 bytes) @ 0x0000000005cf3de4 [0x0000000005cf3d00+0xe4]
j  org.eclipse.wb.internal.core.editor.actions.TestAction.run()V+8
j  org.eclipse.jface.action.Action.runWithEvent(Lorg/eclipse/swt/widgets/Event;)V+1
j  org.eclipse.jface.action.ActionContributionItem.handleWidgetSelection(Lorg/eclipse/swt/widgets/Event;Z)V+352
J 24573 C2 org.eclipse.jface.action.ActionContributionItem$$Lambda$213.handleEvent(Lorg/eclipse/swt/widgets/Event;)V (9 bytes) @ 0x00000000075d06c4 [0x00000000075d0640+0x84]
J 11434 C2 org.eclipse.swt.widgets.EventTable.sendEvent(Lorg/eclipse/swt/widgets/Event;)V (592 bytes) @ 0x0000000004dbe890 [0x0000000004dbe7e0+0xb0]
J 22191 C2 org.eclipse.swt.widgets.Display.readAndDispatch()Z (94 bytes) @ 0x0000000006fa9504 [0x0000000006fa9160+0x3a4]
J 22671% C1 org.eclipse.e4.ui.internal.workbench.swt.PartRenderingEngine$5.run()V (690 bytes) @ 0x00000000068bc0dc [0x00000000068b5720+0x69bc]
j  org.eclipse.core.databinding.observable.Realm.runWithDefault(Lorg/eclipse/core/databinding/observable/Realm;Ljava/lang/Runnable;)V+12
j  org.eclipse.e4.ui.internal.workbench.swt.PartRenderingEngine.run(Lorg/eclipse/e4/ui/model/application/MApplicationElement;Lorg/eclipse/e4/core/contexts/IEclipseContext;)Ljava/lang/Object;+57
j  org.eclipse.e4.ui.internal.workbench.E4Workbench.createAndRunUI(Lorg/eclipse/e4/ui/model/application/MApplicationElement;)V+20
j  org.eclipse.ui.internal.Workbench.lambda$3(Lorg/eclipse/swt/widgets/Display;Lorg/eclipse/ui/application/WorkbenchAdvisor;[I)V+379
j  org.eclipse.ui.internal.Workbench$$Lambda$25.run()V+12
j  org.eclipse.core.databinding.observable.Realm.runWithDefault(Lorg/eclipse/core/databinding/observable/Realm;Ljava/lang/Runnable;)V+12
j  org.eclipse.ui.internal.Workbench.createAndRunWorkbench(Lorg/eclipse/swt/widgets/Display;Lorg/eclipse/ui/application/WorkbenchAdvisor;)I+16
j  org.eclipse.ui.PlatformUI.createAndRunWorkbench(Lorg/eclipse/swt/widgets/Display;Lorg/eclipse/ui/application/WorkbenchAdvisor;)I+2
j  org.eclipse.ui.internal.ide.application.IDEApplication.start(Lorg/eclipse/equinox/app/IApplicationContext;)Ljava/lang/Object;+113
j  org.eclipse.equinox.internal.app.EclipseAppHandle.run(Ljava/lang/Object;)Ljava/lang/Object;+138
j  org.eclipse.core.runtime.internal.adaptor.EclipseAppLauncher.runApplication(Ljava/lang/Object;)Ljava/lang/Object;+85
j  org.eclipse.core.runtime.internal.adaptor.EclipseAppLauncher.start(Ljava/lang/Object;)Ljava/lang/Object;+82
j  org.eclipse.core.runtime.adaptor.EclipseStarter.run(Ljava/lang/Object;)Ljava/lang/Object;+105
j  org.eclipse.core.runtime.adaptor.EclipseStarter.run([Ljava/lang/String;Ljava/lang/Runnable;)Ljava/lang/Object;+132
v  ~StubRoutines::call_stub
j  sun.reflect.NativeMethodAccessorImpl.invoke0(Ljava/lang/reflect/Method;Ljava/lang/Object;[Ljava/lang/Object;)Ljava/lang/Object;+0
j  sun.reflect.NativeMethodAccessorImpl.invoke(Ljava/lang/Object;[Ljava/lang/Object;)Ljava/lang/Object;+100
j  sun.reflect.DelegatingMethodAccessorImpl.invoke(Ljava/lang/Object;[Ljava/lang/Object;)Ljava/lang/Object;+6
j  java.lang.reflect.Method.invoke(Ljava/lang/Object;[Ljava/lang/Object;)Ljava/lang/Object;+56
j  org.eclipse.equinox.launcher.Main.invokeFramework([Ljava/lang/String;[Ljava/net/URL;)V+201
j  org.eclipse.equinox.launcher.Main.basicRun([Ljava/lang/String;)V+159
j  org.eclipse.equinox.launcher.Main.run([Ljava/lang/String;)I+4
v  ~StubRoutines::call_stub

---------------  P R O C E S S  ---------------

Java Threads: ( => current thread )
  0x0000000020f3a800 JavaThread "Timer-5" daemon [_thread_blocked, id=9816, stack(0x0000000025710000,0x0000000025810000)]
  0x000000002245e800 JavaThread "org.eclipse.jdt.internal.ui.text.JavaReconciler" daemon [_thread_blocked, id=10428, stack(0x000000002ff40000,0x0000000030040000)]
  0x000000002245d000 JavaThread "AWT-Windows" daemon [_thread_in_native, id=11260, stack(0x000000002fc40000,0x000000002fd40000)]
  0x0000000022461800 JavaThread "Java2D Disposer" daemon [_thread_blocked, id=9232, stack(0x000000002f0d0000,0x000000002f1d0000)]
  0x0000000022461000 JavaThread "Dali Event Handler" [_thread_blocked, id=5784, stack(0x0000000029710000,0x0000000029810000)]
  0x000000001f284000 JavaThread "JavaScript indexing" daemon [_thread_blocked, id=3648, stack(0x000000002f740000,0x000000002f840000)]
  0x000000001f289800 JavaThread "org.eclipse.jdt.internal.ui.text.JavaReconciler" daemon [_thread_blocked, id=3068, stack(0x000000002ea40000,0x000000002eb40000)]
  0x000000001f286800 JavaThread "org.eclipse.jdt.internal.ui.text.JavaReconciler" daemon [_thread_blocked, id=6424, stack(0x000000002e940000,0x000000002ea40000)]
  0x000000001f285000 JavaThread "Provisioning Event Dispatcher" daemon [_thread_blocked, id=6172, stack(0x000000002e540000,0x000000002e640000)]
  0x000000001f27c800 JavaThread "Worker-10" [_thread_blocked, id=564, stack(0x000000002dff0000,0x000000002e0f0000)]
  0x000000001f283800 JavaThread "Thread-11" [_thread_blocked, id=7576, stack(0x000000002c5e0000,0x000000002c6e0000)]
  0x000000001f282800 JavaThread "Worker-9" [_thread_blocked, id=11736, stack(0x000000002afa0000,0x000000002b0a0000)]
  0x000000001f280800 JavaThread "Worker-7" [_thread_blocked, id=9480, stack(0x000000002aba0000,0x000000002aca0000)]
  0x000000001f27b000 JavaThread "Worker-6: Requesting Java AST from selection" [_thread_blocked, id=8400, stack(0x000000002b810000,0x000000002b910000)]
  0x000000001f282000 JavaThread "Worker-5" [_thread_blocked, id=9680, stack(0x000000002b710000,0x000000002b810000)]
  0x000000001f27d800 JavaThread "Worker-4" [_thread_blocked, id=8516, stack(0x000000002b610000,0x000000002b710000)]
  0x000000001f27f800 JavaThread "Worker-3" [_thread_blocked, id=12144, stack(0x000000002b510000,0x000000002b610000)]
  0x000000001f281000 JavaThread "Worker-2" [_thread_blocked, id=9176, stack(0x000000002b410000,0x000000002b510000)]
  0x000000001f27a800 JavaThread "Worker-1" [_thread_blocked, id=11416, stack(0x000000002b310000,0x000000002b410000)]
  0x000000001b539800 JavaThread "EventAdmin Async Event Dispatcher Thread" daemon [_thread_blocked, id=12252, stack(0x000000002b110000,0x000000002b210000)]
  0x000000001b53a800 JavaThread "org.eclipse.jdt.internal.ui.text.JavaReconciler" daemon [_thread_blocked, id=5328, stack(0x00000000274b0000,0x00000000275b0000)]
  0x000000001b538000 JavaThread "Java indexing" daemon [_thread_blocked, id=8456, stack(0x0000000024fe0000,0x00000000250e0000)]
  0x000000001b53b000 JavaThread "Bundle File Closer" daemon [_thread_blocked, id=3980, stack(0x000000001cc20000,0x000000001cd20000)]
  0x000000001b539000 JavaThread "Worker-0" [_thread_blocked, id=9568, stack(0x000000001e880000,0x000000001e980000)]
  0x000000001b53c000 JavaThread "Gogo shell" [_thread_blocked, id=6336, stack(0x000000001cd20000,0x000000001ce20000)]
  0x000000001b233000 JavaThread "EMF Reference Cleaner" daemon [_thread_blocked, id=8840, stack(0x000000001c920000,0x000000001ca20000)]
  0x000000001b441000 JavaThread "Worker-JM" [_thread_blocked, id=5008, stack(0x000000001c620000,0x000000001c720000)]
  0x000000001b109800 JavaThread "SCR Component Actor" daemon [_thread_blocked, id=12192, stack(0x000000001c0c0000,0x000000001c1c0000)]
  0x0000000019d0b800 JavaThread "Start Level: Equinox Container: 48e901f9-3e4b-42bd-b0bb-b4f3e9767deb" daemon [_thread_blocked, id=6780, stack(0x000000001bdc0000,0x000000001bec0000)]
  0x000000001afa7800 JavaThread "Framework Event Dispatcher: Equinox Container: 48e901f9-3e4b-42bd-b0bb-b4f3e9767deb" daemon [_thread_blocked, id=12124, stack(0x000000001bcc0000,0x000000001bdc0000)]
  0x0000000019e73000 JavaThread "Active Thread: Equinox Container: 48e901f9-3e4b-42bd-b0bb-b4f3e9767deb" [_thread_blocked, id=11668, stack(0x000000001bbc0000,0x000000001bcc0000)]
  0x0000000018ae8800 JavaThread "Service Thread" daemon [_thread_blocked, id=9444, stack(0x00000000196c0000,0x00000000197c0000)]
  0x0000000018a69800 JavaThread "C1 CompilerThread2" daemon [_thread_blocked, id=5292, stack(0x00000000195c0000,0x00000000196c0000)]
  0x0000000018a68800 JavaThread "C2 CompilerThread1" daemon [_thread_blocked, id=10944, stack(0x00000000194c0000,0x00000000195c0000)]
  0x0000000018a62000 JavaThread "C2 CompilerThread0" daemon [_thread_blocked, id=3372, stack(0x00000000193c0000,0x00000000194c0000)]
  0x0000000018a61000 JavaThread "Attach Listener" daemon [_thread_blocked, id=3828, stack(0x00000000192c0000,0x00000000193c0000)]
  0x0000000018a5c000 JavaThread "Signal Dispatcher" daemon [_thread_blocked, id=6456, stack(0x00000000191c0000,0x00000000192c0000)]
  0x0000000018a5b800 JavaThread "Surrogate Locker Thread (Concurrent GC)" daemon [_thread_blocked, id=7864, stack(0x00000000190c0000,0x00000000191c0000)]
  0x00000000189fa000 JavaThread "Finalizer" daemon [_thread_blocked, id=7228, stack(0x0000000018eb0000,0x0000000018fb0000)]
  0x00000000189f3000 JavaThread "Reference Handler" daemon [_thread_blocked, id=7964, stack(0x0000000018db0000,0x0000000018eb0000)]
=>0x0000000002853000 JavaThread "main" [_thread_in_native, id=5688, stack(0x0000000000a00000,0x0000000000b00000)]

Other Threads:
  0x0000000017d8e000 VMThread [stack: 0x0000000018cb0000,0x0000000018db0000] [id=5632]
  0x0000000018b13000 WatcherThread [stack: 0x00000000197c0000,0x00000000198c0000] [id=5876]

VM state:not at safepoint (normal execution)

VM Mutex/Monitor currently owned by a thread: None

heap address: 0x00000000c0000000, size: 1024 MB, Compressed Oops mode: 32-bit
Narrow klass base: 0x0000000000000000, Narrow klass shift: 3
Compressed class space size: 1073741824 Address: 0x0000000100000000

Heap:
 garbage-first heap   total 262144K, used 191776K [0x00000000c0000000, 0x00000000c0100800, 0x0000000100000000)
  region size 1024K, 17 young (17408K), 2 survivors (2048K)
 Metaspace       used 139529K, capacity 154128K, committed 154312K, reserved 1183744K
  class space    used 16627K, capacity 20458K, committed 20480K, reserved 1048576K

Heap Regions: (Y=young(eden), SU=young(survivor), HS=humongous(starts), HC=humongous(continues), CS=collection set, F=free, TS=gc time stamp, PTAMS=previous top-at-mark-start, NTAMS=next top-at-mark-start)
AC   0  O    TS     0 PTAMS 0x00000000c0100000 NTAMS 0x00000000c0100000 space 1024K, 100% used [0x00000000c0000000, 0x00000000c0100000)
AC   0  O    TS     0 PTAMS 0x00000000c0200000 NTAMS 0x00000000c0200000 space 1024K, 100% used [0x00000000c0100000, 0x00000000c0200000)
AC   0  O    TS     0 PTAMS 0x00000000c0300000 NTAMS 0x00000000c0300000 space 1024K, 100% used [0x00000000c0200000, 0x00000000c0300000)
AC   0  O    TS     0 PTAMS 0x00000000c0400000 NTAMS 0x00000000c0400000 space 1024K, 100% used [0x00000000c0300000, 0x00000000c0400000)
AC   0  O    TS     0 PTAMS 0x00000000c0500000 NTAMS 0x00000000c0500000 space 1024K, 100% used [0x00000000c0400000, 0x00000000c0500000)
AC   0  O    TS     0 PTAMS 0x00000000c0600000 NTAMS 0x00000000c0600000 space 1024K, 100% used [0x00000000c0500000, 0x00000000c0600000)
AC   0  O    TS     0 PTAMS 0x00000000c0700000 NTAMS 0x00000000c0700000 space 1024K, 100% used [0x00000000c0600000, 0x00000000c0700000)
AC   0  O    TS     0 PTAMS 0x00000000c0800000 NTAMS 0x00000000c0800000 space 1024K, 100% used [0x00000000c0700000, 0x00000000c0800000)
AC   0  O    TS     3 PTAMS 0x00000000c0800000 NTAMS 0x00000000c0800000 space 1024K, 100% used [0x00000000c0800000, 0x00000000c0900000)
AC   0  O    TS     0 PTAMS 0x00000000c0a00000 NTAMS 0x00000000c0a00000 space 1024K, 100% used [0x00000000c0900000, 0x00000000c0a00000)
AC   0  O    TS     0 PTAMS 0x00000000c0b00000 NTAMS 0x00000000c0b00000 space 1024K, 100% used [0x00000000c0a00000, 0x00000000c0b00000)
AC   0  O    TS     0 PTAMS 0x00000000c0c00000 NTAMS 0x00000000c0c00000 space 1024K, 100% used [0x00000000c0b00000, 0x00000000c0c00000)
AC   0  O    TS     0 PTAMS 0x00000000c0d00000 NTAMS 0x00000000c0d00000 space 1024K, 100% used [0x00000000c0c00000, 0x00000000c0d00000)
AC   0  O    TS     0 PTAMS 0x00000000c0e00000 NTAMS 0x00000000c0e00000 space 1024K, 100% used [0x00000000c0d00000, 0x00000000c0e00000)
AC   0  O    TS     0 PTAMS 0x00000000c0f00000 NTAMS 0x00000000c0f00000 space 1024K, 100% used [0x00000000c0e00000, 0x00000000c0f00000)
AC   0  O    TS     0 PTAMS 0x00000000c1000000 NTAMS 0x00000000c1000000 space 1024K, 100% used [0x00000000c0f00000, 0x00000000c1000000)
AC   0  F    TS     0 PTAMS 0x00000000c1000000 NTAMS 0x00000000c1000000 space 1024K,   0% used [0x00000000c1000000, 0x00000000c1100000)
AC   0  O    TS     0 PTAMS 0x00000000c1200000 NTAMS 0x00000000c1200000 space 1024K, 100% used [0x00000000c1100000, 0x00000000c1200000)
AC   0  O    TS     0 PTAMS 0x00000000c1300000 NTAMS 0x00000000c1300000 space 1024K, 100% used [0x00000000c1200000, 0x00000000c1300000)
AC   0  O    TS     0 PTAMS 0x00000000c1400000 NTAMS 0x00000000c1400000 space 1024K, 100% used [0x00000000c1300000, 0x00000000c1400000)
AC   0  O    TS     0 PTAMS 0x00000000c1500000 NTAMS 0x00000000c1500000 space 1024K, 100% used [0x00000000c1400000, 0x00000000c1500000)
AC   0  O    TS     0 PTAMS 0x00000000c1600000 NTAMS 0x00000000c1600000 space 1024K, 100% used [0x00000000c1500000, 0x00000000c1600000)
AC   0  O    TS     0 PTAMS 0x00000000c1700000 NTAMS 0x00000000c1700000 space 1024K, 100% used [0x00000000c1600000, 0x00000000c1700000)
AC   0  O    TS     0 PTAMS 0x00000000c1800000 NTAMS 0x00000000c1800000 space 1024K, 100% used [0x00000000c1700000, 0x00000000c1800000)
AC   0  O    TS     0 PTAMS 0x00000000c1900000 NTAMS 0x00000000c1900000 space 1024K, 100% used [0x00000000c1800000, 0x00000000c1900000)
AC   0  O    TS     0 PTAMS 0x00000000c1a00000 NTAMS 0x00000000c1a00000 space 1024K, 100% used [0x00000000c1900000, 0x00000000c1a00000)
AC   0  O    TS     0 PTAMS 0x00000000c1b00000 NTAMS 0x00000000c1b00000 space 1024K, 100% used [0x00000000c1a00000, 0x00000000c1b00000)
AC   0  O    TS     0 PTAMS 0x00000000c1c00000 NTAMS 0x00000000c1c00000 space 1024K, 100% used [0x00000000c1b00000, 0x00000000c1c00000)
AC   0  O    TS     0 PTAMS 0x00000000c1d00000 NTAMS 0x00000000c1d00000 space 1024K, 100% used [0x00000000c1c00000, 0x00000000c1d00000)
AC   0  O    TS     0 PTAMS 0x00000000c1e00000 NTAMS 0x00000000c1e00000 space 1024K, 100% used [0x00000000c1d00000, 0x00000000c1e00000)
AC   0  O    TS     0 PTAMS 0x00000000c1f00000 NTAMS 0x00000000c1f00000 space 1024K, 100% used [0x00000000c1e00000, 0x00000000c1f00000)
AC   0  O    TS     0 PTAMS 0x00000000c2000000 NTAMS 0x00000000c2000000 space 1024K, 100% used [0x00000000c1f00000, 0x00000000c2000000)
AC   0  O    TS     0 PTAMS 0x00000000c2100000 NTAMS 0x00000000c2100000 space 1024K, 100% used [0x00000000c2000000, 0x00000000c2100000)
AC   0  O    TS     0 PTAMS 0x00000000c2200000 NTAMS 0x00000000c2200000 space 1024K, 100% used [0x00000000c2100000, 0x00000000c2200000)
AC   0  O    TS     0 PTAMS 0x00000000c2300000 NTAMS 0x00000000c2300000 space 1024K, 100% used [0x00000000c2200000, 0x00000000c2300000)
AC   0  O    TS     0 PTAMS 0x00000000c2400000 NTAMS 0x00000000c2400000 space 1024K, 100% used [0x00000000c2300000, 0x00000000c2400000)
AC   0  O    TS     0 PTAMS 0x00000000c2500000 NTAMS 0x00000000c2500000 space 1024K, 100% used [0x00000000c2400000, 0x00000000c2500000)
AC   0  O    TS     0 PTAMS 0x00000000c2600000 NTAMS 0x00000000c2600000 space 1024K, 100% used [0x00000000c2500000, 0x00000000c2600000)
AC   0  O    TS     0 PTAMS 0x00000000c2700000 NTAMS 0x00000000c2700000 space 1024K, 100% used [0x00000000c2600000, 0x00000000c2700000)
AC   0  O    TS     0 PTAMS 0x00000000c2800000 NTAMS 0x00000000c2800000 space 1024K, 100% used [0x00000000c2700000, 0x00000000c2800000)
AC   0  O    TS     0 PTAMS 0x00000000c2900000 NTAMS 0x00000000c2900000 space 1024K, 100% used [0x00000000c2800000, 0x00000000c2900000)
AC   0  O    TS     0 PTAMS 0x00000000c2a00000 NTAMS 0x00000000c2a00000 space 1024K, 100% used [0x00000000c2900000, 0x00000000c2a00000)
AC   0  O    TS     0 PTAMS 0x00000000c2b00000 NTAMS 0x00000000c2b00000 space 1024K, 100% used [0x00000000c2a00000, 0x00000000c2b00000)
AC   0  O    TS     0 PTAMS 0x00000000c2c00000 NTAMS 0x00000000c2c00000 space 1024K, 100% used [0x00000000c2b00000, 0x00000000c2c00000)
AC   0  O    TS     3 PTAMS 0x00000000c2c00000 NTAMS 0x00000000c2c00000 space 1024K,  55% used [0x00000000c2c00000, 0x00000000c2d00000)
AC   0  O    TS     0 PTAMS 0x00000000c2e00000 NTAMS 0x00000000c2e00000 space 1024K, 100% used [0x00000000c2d00000, 0x00000000c2e00000)
AC   0  O    TS     0 PTAMS 0x00000000c2f00000 NTAMS 0x00000000c2f00000 space 1024K, 100% used [0x00000000c2e00000, 0x00000000c2f00000)
AC   0  O    TS     0 PTAMS 0x00000000c3000000 NTAMS 0x00000000c3000000 space 1024K, 100% used [0x00000000c2f00000, 0x00000000c3000000)
AC   0  O    TS     0 PTAMS 0x00000000c3100000 NTAMS 0x00000000c3100000 space 1024K, 100% used [0x00000000c3000000, 0x00000000c3100000)
AC   0  O    TS     0 PTAMS 0x00000000c3200000 NTAMS 0x00000000c3200000 space 1024K, 100% used [0x00000000c3100000, 0x00000000c3200000)
AC   0  O    TS     0 PTAMS 0x00000000c3300000 NTAMS 0x00000000c3300000 space 1024K, 100% used [0x00000000c3200000, 0x00000000c3300000)
AC   0  F    TS     0 PTAMS 0x00000000c3300000 NTAMS 0x00000000c3300000 space 1024K,   0% used [0x00000000c3300000, 0x00000000c3400000)
AC   0  O    TS     0 PTAMS 0x00000000c3500000 NTAMS 0x00000000c3500000 space 1024K, 100% used [0x00000000c3400000, 0x00000000c3500000)
AC   0  O    TS     0 PTAMS 0x00000000c3600000 NTAMS 0x00000000c3600000 space 1024K, 100% used [0x00000000c3500000, 0x00000000c3600000)
AC   0  O    TS     0 PTAMS 0x00000000c3700000 NTAMS 0x00000000c3700000 space 1024K, 100% used [0x00000000c3600000, 0x00000000c3700000)
AC   0  O    TS     0 PTAMS 0x00000000c3800000 NTAMS 0x00000000c3800000 space 1024K, 100% used [0x00000000c3700000, 0x00000000c3800000)
AC   0  O    TS     0 PTAMS 0x00000000c3900000 NTAMS 0x00000000c3900000 space 1024K, 100% used [0x00000000c3800000, 0x00000000c3900000)
AC   0  O    TS     0 PTAMS 0x00000000c3a00000 NTAMS 0x00000000c3a00000 space 1024K, 100% used [0x00000000c3900000, 0x00000000c3a00000)
AC   0  O    TS     0 PTAMS 0x00000000c3b00000 NTAMS 0x00000000c3b00000 space 1024K, 100% used [0x00000000c3a00000, 0x00000000c3b00000)
AC   0  O    TS     0 PTAMS 0x00000000c3c00000 NTAMS 0x00000000c3c00000 space 1024K, 100% used [0x00000000c3b00000, 0x00000000c3c00000)
AC   0  O    TS     0 PTAMS 0x00000000c3d00000 NTAMS 0x00000000c3d00000 space 1024K, 100% used [0x00000000c3c00000, 0x00000000c3d00000)
AC   0  O    TS     0 PTAMS 0x00000000c3e00000 NTAMS 0x00000000c3e00000 space 1024K, 100% used [0x00000000c3d00000, 0x00000000c3e00000)
AC   0  O    TS     0 PTAMS 0x00000000c3f00000 NTAMS 0x00000000c3f00000 space 1024K, 100% used [0x00000000c3e00000, 0x00000000c3f00000)
AC   0  O    TS     0 PTAMS 0x00000000c4000000 NTAMS 0x00000000c4000000 space 1024K, 100% used [0x00000000c3f00000, 0x00000000c4000000)
AC   0  O    TS     0 PTAMS 0x00000000c4100000 NTAMS 0x00000000c4100000 space 1024K, 100% used [0x00000000c4000000, 0x00000000c4100000)
AC   0  O    TS     0 PTAMS 0x00000000c4200000 NTAMS 0x00000000c4200000 space 1024K, 100% used [0x00000000c4100000, 0x00000000c4200000)
AC   0  O    TS     0 PTAMS 0x00000000c4300000 NTAMS 0x00000000c4300000 space 1024K, 100% used [0x00000000c4200000, 0x00000000c4300000)
AC   0 HS    TS     0 PTAMS 0x00000000c4380010 NTAMS 0x00000000c4380010 space 1024K,  50% used [0x00000000c4300000, 0x00000000c4400000)
AC   0  O    TS     0 PTAMS 0x00000000c4500000 NTAMS 0x00000000c4500000 space 1024K, 100% used [0x00000000c4400000, 0x00000000c4500000)
AC   0  O    TS     0 PTAMS 0x00000000c4600000 NTAMS 0x00000000c4600000 space 1024K, 100% used [0x00000000c4500000, 0x00000000c4600000)
AC   0  O    TS     0 PTAMS 0x00000000c4700000 NTAMS 0x00000000c4700000 space 1024K, 100% used [0x00000000c4600000, 0x00000000c4700000)
AC   0  O    TS     0 PTAMS 0x00000000c4800000 NTAMS 0x00000000c4800000 space 1024K, 100% used [0x00000000c4700000, 0x00000000c4800000)
AC   0  O    TS     0 PTAMS 0x00000000c4900000 NTAMS 0x00000000c4900000 space 1024K, 100% used [0x00000000c4800000, 0x00000000c4900000)
AC   0  O    TS     0 PTAMS 0x00000000c4a00000 NTAMS 0x00000000c4a00000 space 1024K, 100% used [0x00000000c4900000, 0x00000000c4a00000)
AC   0  O    TS     0 PTAMS 0x00000000c4b00000 NTAMS 0x00000000c4b00000 space 1024K, 100% used [0x00000000c4a00000, 0x00000000c4b00000)
AC   0  O    TS     0 PTAMS 0x00000000c4c00000 NTAMS 0x00000000c4c00000 space 1024K, 100% used [0x00000000c4b00000, 0x00000000c4c00000)
AC   0  O    TS     0 PTAMS 0x00000000c4d00000 NTAMS 0x00000000c4d00000 space 1024K, 100% used [0x00000000c4c00000, 0x00000000c4d00000)
AC   0  O    TS     0 PTAMS 0x00000000c4e00000 NTAMS 0x00000000c4e00000 space 1024K, 100% used [0x00000000c4d00000, 0x00000000c4e00000)
AC   0  O    TS     0 PTAMS 0x00000000c4f00000 NTAMS 0x00000000c4f00000 space 1024K, 100% used [0x00000000c4e00000, 0x00000000c4f00000)
AC   0  O    TS     0 PTAMS 0x00000000c5000000 NTAMS 0x00000000c5000000 space 1024K, 100% used [0x00000000c4f00000, 0x00000000c5000000)
AC   0  O    TS     0 PTAMS 0x00000000c5100000 NTAMS 0x00000000c5100000 space 1024K, 100% used [0x00000000c5000000, 0x00000000c5100000)
AC   0  O    TS     0 PTAMS 0x00000000c5200000 NTAMS 0x00000000c5200000 space 1024K, 100% used [0x00000000c5100000, 0x00000000c5200000)
AC   0  O    TS     0 PTAMS 0x00000000c5300000 NTAMS 0x00000000c5300000 space 1024K, 100% used [0x00000000c5200000, 0x00000000c5300000)
AC   0  O    TS     0 PTAMS 0x00000000c5400000 NTAMS 0x00000000c5400000 space 1024K, 100% used [0x00000000c5300000, 0x00000000c5400000)
AC   0  O    TS     0 PTAMS 0x00000000c5500000 NTAMS 0x00000000c5500000 space 1024K, 100% used [0x00000000c5400000, 0x00000000c5500000)
AC   0  O    TS     0 PTAMS 0x00000000c5600000 NTAMS 0x00000000c5600000 space 1024K, 100% used [0x00000000c5500000, 0x00000000c5600000)
AC   0  O    TS     0 PTAMS 0x00000000c5700000 NTAMS 0x00000000c5700000 space 1024K, 100% used [0x00000000c5600000, 0x00000000c5700000)
AC   0  O    TS     0 PTAMS 0x00000000c5800000 NTAMS 0x00000000c5800000 space 1024K, 100% used [0x00000000c5700000, 0x00000000c5800000)
AC   0  O    TS     0 PTAMS 0x00000000c5900000 NTAMS 0x00000000c5900000 space 1024K, 100% used [0x00000000c5800000, 0x00000000c5900000)
AC   0  O    TS     0 PTAMS 0x00000000c5a00000 NTAMS 0x00000000c5a00000 space 1024K, 100% used [0x00000000c5900000, 0x00000000c5a00000)
AC   0  O    TS     0 PTAMS 0x00000000c5b00000 NTAMS 0x00000000c5b00000 space 1024K, 100% used [0x00000000c5a00000, 0x00000000c5b00000)
AC   0  F    TS     0 PTAMS 0x00000000c5b00000 NTAMS 0x00000000c5b00000 space 1024K,   0% used [0x00000000c5b00000, 0x00000000c5c00000)
AC   0  O    TS     0 PTAMS 0x00000000c5d00000 NTAMS 0x00000000c5d00000 space 1024K, 100% used [0x00000000c5c00000, 0x00000000c5d00000)
AC   0  F    TS     0 PTAMS 0x00000000c5d00000 NTAMS 0x00000000c5d00000 space 1024K,   0% used [0x00000000c5d00000, 0x00000000c5e00000)
AC   0  O    TS     0 PTAMS 0x00000000c5f00000 NTAMS 0x00000000c5f00000 space 1024K, 100% used [0x00000000c5e00000, 0x00000000c5f00000)
AC   0  O    TS     0 PTAMS 0x00000000c6000000 NTAMS 0x00000000c6000000 space 1024K, 100% used [0x00000000c5f00000, 0x00000000c6000000)
AC   0  O    TS     0 PTAMS 0x00000000c6100000 NTAMS 0x00000000c6100000 space 1024K, 100% used [0x00000000c6000000, 0x00000000c6100000)
AC   0  O    TS     0 PTAMS 0x00000000c6200000 NTAMS 0x00000000c6200000 space 1024K, 100% used [0x00000000c6100000, 0x00000000c6200000)
AC   0  O    TS     0 PTAMS 0x00000000c6300000 NTAMS 0x00000000c6300000 space 1024K, 100% used [0x00000000c6200000, 0x00000000c6300000)
AC   0  O    TS     0 PTAMS 0x00000000c6400000 NTAMS 0x00000000c6400000 space 1024K, 100% used [0x00000000c6300000, 0x00000000c6400000)
AC   0  O    TS     0 PTAMS 0x00000000c6500000 NTAMS 0x00000000c6500000 space 1024K, 100% used [0x00000000c6400000, 0x00000000c6500000)
AC   0  O    TS     0 PTAMS 0x00000000c6600000 NTAMS 0x00000000c6600000 space 1024K, 100% used [0x00000000c6500000, 0x00000000c6600000)
AC   0  O    TS     0 PTAMS 0x00000000c6700000 NTAMS 0x00000000c6700000 space 1024K, 100% used [0x00000000c6600000, 0x00000000c6700000)
AC   0  O    TS     0 PTAMS 0x00000000c6800000 NTAMS 0x00000000c6800000 space 1024K, 100% used [0x00000000c6700000, 0x00000000c6800000)
AC   0  O    TS     0 PTAMS 0x00000000c6900000 NTAMS 0x00000000c6900000 space 1024K, 100% used [0x00000000c6800000, 0x00000000c6900000)
AC   0  O    TS     0 PTAMS 0x00000000c6a00000 NTAMS 0x00000000c6a00000 space 1024K, 100% used [0x00000000c6900000, 0x00000000c6a00000)
AC   0  O    TS     0 PTAMS 0x00000000c6b00000 NTAMS 0x00000000c6b00000 space 1024K, 100% used [0x00000000c6a00000, 0x00000000c6b00000)
AC   0  O    TS     0 PTAMS 0x00000000c6c00000 NTAMS 0x00000000c6c00000 space 1024K, 100% used [0x00000000c6b00000, 0x00000000c6c00000)
AC   0  O    TS     0 PTAMS 0x00000000c6d00000 NTAMS 0x00000000c6d00000 space 1024K, 100% used [0x00000000c6c00000, 0x00000000c6d00000)
AC   0  O    TS     0 PTAMS 0x00000000c6e00000 NTAMS 0x00000000c6e00000 space 1024K, 100% used [0x00000000c6d00000, 0x00000000c6e00000)
AC   0  O    TS     0 PTAMS 0x00000000c6f00000 NTAMS 0x00000000c6f00000 space 1024K, 100% used [0x00000000c6e00000, 0x00000000c6f00000)
AC   0  O    TS     0 PTAMS 0x00000000c7000000 NTAMS 0x00000000c7000000 space 1024K, 100% used [0x00000000c6f00000, 0x00000000c7000000)
AC   0  O    TS     0 PTAMS 0x00000000c7100000 NTAMS 0x00000000c7100000 space 1024K, 100% used [0x00000000c7000000, 0x00000000c7100000)
AC   0  O    TS     0 PTAMS 0x00000000c7200000 NTAMS 0x00000000c7200000 space 1024K, 100% used [0x00000000c7100000, 0x00000000c7200000)
AC   0  O    TS     0 PTAMS 0x00000000c7300000 NTAMS 0x00000000c7300000 space 1024K, 100% used [0x00000000c7200000, 0x00000000c7300000)
AC   0  O    TS     0 PTAMS 0x00000000c7400000 NTAMS 0x00000000c7400000 space 1024K, 100% used [0x00000000c7300000, 0x00000000c7400000)
AC   0  O    TS     0 PTAMS 0x00000000c7500000 NTAMS 0x00000000c7500000 space 1024K, 100% used [0x00000000c7400000, 0x00000000c7500000)
AC   0  O    TS     0 PTAMS 0x00000000c7600000 NTAMS 0x00000000c7600000 space 1024K, 100% used [0x00000000c7500000, 0x00000000c7600000)
AC   0  O    TS     0 PTAMS 0x00000000c7700000 NTAMS 0x00000000c7700000 space 1024K, 100% used [0x00000000c7600000, 0x00000000c7700000)
AC   0  O    TS     0 PTAMS 0x00000000c7800000 NTAMS 0x00000000c7800000 space 1024K, 100% used [0x00000000c7700000, 0x00000000c7800000)
AC   0  O    TS     0 PTAMS 0x00000000c7900000 NTAMS 0x00000000c7900000 space 1024K, 100% used [0x00000000c7800000, 0x00000000c7900000)
AC   0  O    TS     0 PTAMS 0x00000000c7a00000 NTAMS 0x00000000c7a00000 space 1024K, 100% used [0x00000000c7900000, 0x00000000c7a00000)
AC   0  O    TS     0 PTAMS 0x00000000c7b00000 NTAMS 0x00000000c7b00000 space 1024K, 100% used [0x00000000c7a00000, 0x00000000c7b00000)
AC   0  O    TS     0 PTAMS 0x00000000c7c00000 NTAMS 0x00000000c7c00000 space 1024K, 100% used [0x00000000c7b00000, 0x00000000c7c00000)
AC   0  O    TS     0 PTAMS 0x00000000c7d00000 NTAMS 0x00000000c7d00000 space 1024K, 100% used [0x00000000c7c00000, 0x00000000c7d00000)
AC   0  O    TS     0 PTAMS 0x00000000c7e00000 NTAMS 0x00000000c7e00000 space 1024K, 100% used [0x00000000c7d00000, 0x00000000c7e00000)
AC   0  O    TS     0 PTAMS 0x00000000c7f00000 NTAMS 0x00000000c7f00000 space 1024K, 100% used [0x00000000c7e00000, 0x00000000c7f00000)
AC   0  O    TS     0 PTAMS 0x00000000c8000000 NTAMS 0x00000000c8000000 space 1024K, 100% used [0x00000000c7f00000, 0x00000000c8000000)
AC   0  O    TS     0 PTAMS 0x00000000c8100000 NTAMS 0x00000000c8100000 space 1024K, 100% used [0x00000000c8000000, 0x00000000c8100000)
AC   0  O    TS     0 PTAMS 0x00000000c8200000 NTAMS 0x00000000c8200000 space 1024K, 100% used [0x00000000c8100000, 0x00000000c8200000)
AC   0  O    TS     0 PTAMS 0x00000000c8300000 NTAMS 0x00000000c8300000 space 1024K, 100% used [0x00000000c8200000, 0x00000000c8300000)
AC   0  O    TS     0 PTAMS 0x00000000c8400000 NTAMS 0x00000000c8400000 space 1024K, 100% used [0x00000000c8300000, 0x00000000c8400000)
AC   0  O    TS     0 PTAMS 0x00000000c8500000 NTAMS 0x00000000c8500000 space 1024K, 100% used [0x00000000c8400000, 0x00000000c8500000)
AC   0  O    TS     0 PTAMS 0x00000000c8600000 NTAMS 0x00000000c8600000 space 1024K, 100% used [0x00000000c8500000, 0x00000000c8600000)
AC   0  O    TS     0 PTAMS 0x00000000c8700000 NTAMS 0x00000000c8700000 space 1024K, 100% used [0x00000000c8600000, 0x00000000c8700000)
AC   0  O    TS     0 PTAMS 0x00000000c8800000 NTAMS 0x00000000c8800000 space 1024K, 100% used [0x00000000c8700000, 0x00000000c8800000)
AC   0  F    TS     0 PTAMS 0x00000000c8800000 NTAMS 0x00000000c8800000 space 1024K,   0% used [0x00000000c8800000, 0x00000000c8900000)
AC   0  F    TS     0 PTAMS 0x00000000c8900000 NTAMS 0x00000000c8900000 space 1024K,   0% used [0x00000000c8900000, 0x00000000c8a00000)
AC   0  O    TS     0 PTAMS 0x00000000c8b00000 NTAMS 0x00000000c8b00000 space 1024K, 100% used [0x00000000c8a00000, 0x00000000c8b00000)
AC   0  O    TS     0 PTAMS 0x00000000c8c00000 NTAMS 0x00000000c8c00000 space 1024K, 100% used [0x00000000c8b00000, 0x00000000c8c00000)
AC   0  O    TS     0 PTAMS 0x00000000c8d00000 NTAMS 0x00000000c8d00000 space 1024K, 100% used [0x00000000c8c00000, 0x00000000c8d00000)
AC   0  F    TS     0 PTAMS 0x00000000c8d00000 NTAMS 0x00000000c8d00000 space 1024K,   0% used [0x00000000c8d00000, 0x00000000c8e00000)
AC   0  O    TS     0 PTAMS 0x00000000c8f00000 NTAMS 0x00000000c8f00000 space 1024K, 100% used [0x00000000c8e00000, 0x00000000c8f00000)
AC   0  O    TS     0 PTAMS 0x00000000c9000000 NTAMS 0x00000000c9000000 space 1024K, 100% used [0x00000000c8f00000, 0x00000000c9000000)
AC   0  O    TS     0 PTAMS 0x00000000c9100000 NTAMS 0x00000000c9100000 space 1024K, 100% used [0x00000000c9000000, 0x00000000c9100000)
AC   0  O    TS     0 PTAMS 0x00000000c9200000 NTAMS 0x00000000c9200000 space 1024K, 100% used [0x00000000c9100000, 0x00000000c9200000)
AC   0  O    TS     0 PTAMS 0x00000000c9300000 NTAMS 0x00000000c9300000 space 1024K, 100% used [0x00000000c9200000, 0x00000000c9300000)
AC   0  O    TS     0 PTAMS 0x00000000c9400000 NTAMS 0x00000000c9400000 space 1024K, 100% used [0x00000000c9300000, 0x00000000c9400000)
AC   0  O    TS     0 PTAMS 0x00000000c9500000 NTAMS 0x00000000c9500000 space 1024K, 100% used [0x00000000c9400000, 0x00000000c9500000)
AC   0  O    TS     0 PTAMS 0x00000000c9600000 NTAMS 0x00000000c9600000 space 1024K, 100% used [0x00000000c9500000, 0x00000000c9600000)
AC   0  F    TS     0 PTAMS 0x00000000c9600000 NTAMS 0x00000000c9600000 space 1024K,   0% used [0x00000000c9600000, 0x00000000c9700000)
AC   0  O    TS     0 PTAMS 0x00000000c9800000 NTAMS 0x00000000c9800000 space 1024K, 100% used [0x00000000c9700000, 0x00000000c9800000)
AC   0  F    TS     0 PTAMS 0x00000000c9800000 NTAMS 0x00000000c9800000 space 1024K,   0% used [0x00000000c9800000, 0x00000000c9900000)
AC   0  O    TS     0 PTAMS 0x00000000c9a00000 NTAMS 0x00000000c9a00000 space 1024K, 100% used [0x00000000c9900000, 0x00000000c9a00000)
AC   0  O    TS     0 PTAMS 0x00000000c9b00000 NTAMS 0x00000000c9b00000 space 1024K, 100% used [0x00000000c9a00000, 0x00000000c9b00000)
AC   0  O    TS     0 PTAMS 0x00000000c9c00000 NTAMS 0x00000000c9c00000 space 1024K, 100% used [0x00000000c9b00000, 0x00000000c9c00000)
AC   0  O    TS     0 PTAMS 0x00000000c9d00000 NTAMS 0x00000000c9d00000 space 1024K, 100% used [0x00000000c9c00000, 0x00000000c9d00000)
AC   0  F    TS     0 PTAMS 0x00000000c9d00000 NTAMS 0x00000000c9d00000 space 1024K,   0% used [0x00000000c9d00000, 0x00000000c9e00000)
AC   0  F    TS     0 PTAMS 0x00000000c9e00000 NTAMS 0x00000000c9e00000 space 1024K,   0% used [0x00000000c9e00000, 0x00000000c9f00000)
AC   0  O    TS     0 PTAMS 0x00000000ca000000 NTAMS 0x00000000ca000000 space 1024K, 100% used [0x00000000c9f00000, 0x00000000ca000000)
AC   0  O    TS     0 PTAMS 0x00000000ca100000 NTAMS 0x00000000ca100000 space 1024K, 100% used [0x00000000ca000000, 0x00000000ca100000)
AC   0  O    TS     0 PTAMS 0x00000000ca200000 NTAMS 0x00000000ca200000 space 1024K, 100% used [0x00000000ca100000, 0x00000000ca200000)
AC   0  F    TS     0 PTAMS 0x00000000ca200000 NTAMS 0x00000000ca200000 space 1024K,   0% used [0x00000000ca200000, 0x00000000ca300000)
AC   0  O    TS     0 PTAMS 0x00000000ca400000 NTAMS 0x00000000ca400000 space 1024K, 100% used [0x00000000ca300000, 0x00000000ca400000)
AC   0  O    TS     0 PTAMS 0x00000000ca500000 NTAMS 0x00000000ca500000 space 1024K, 100% used [0x00000000ca400000, 0x00000000ca500000)
AC   0  O    TS     0 PTAMS 0x00000000ca600000 NTAMS 0x00000000ca600000 space 1024K, 100% used [0x00000000ca500000, 0x00000000ca600000)
AC   0  F    TS     0 PTAMS 0x00000000ca600000 NTAMS 0x00000000ca600000 space 1024K,   0% used [0x00000000ca600000, 0x00000000ca700000)
AC   0  O    TS     0 PTAMS 0x00000000ca800000 NTAMS 0x00000000ca800000 space 1024K, 100% used [0x00000000ca700000, 0x00000000ca800000)
AC   0  O    TS     0 PTAMS 0x00000000ca900000 NTAMS 0x00000000ca900000 space 1024K, 100% used [0x00000000ca800000, 0x00000000ca900000)
AC   0  O    TS     0 PTAMS 0x00000000caa00000 NTAMS 0x00000000caa00000 space 1024K, 100% used [0x00000000ca900000, 0x00000000caa00000)
AC   0  O    TS     0 PTAMS 0x00000000cab00000 NTAMS 0x00000000cab00000 space 1024K, 100% used [0x00000000caa00000, 0x00000000cab00000)
AC   0  O    TS     0 PTAMS 0x00000000cac00000 NTAMS 0x00000000cac00000 space 1024K, 100% used [0x00000000cab00000, 0x00000000cac00000)
AC   0  O    TS     0 PTAMS 0x00000000cad00000 NTAMS 0x00000000cad00000 space 1024K, 100% used [0x00000000cac00000, 0x00000000cad00000)
AC   0  O    TS     0 PTAMS 0x00000000cae00000 NTAMS 0x00000000cae00000 space 1024K, 100% used [0x00000000cad00000, 0x00000000cae00000)
AC   0  O    TS     0 PTAMS 0x00000000caf00000 NTAMS 0x00000000caf00000 space 1024K, 100% used [0x00000000cae00000, 0x00000000caf00000)
AC   0  O    TS     0 PTAMS 0x00000000cb000000 NTAMS 0x00000000cb000000 space 1024K, 100% used [0x00000000caf00000, 0x00000000cb000000)
AC   0  O    TS     0 PTAMS 0x00000000cb100000 NTAMS 0x00000000cb100000 space 1024K, 100% used [0x00000000cb000000, 0x00000000cb100000)
AC   0  O    TS     0 PTAMS 0x00000000cb200000 NTAMS 0x00000000cb200000 space 1024K, 100% used [0x00000000cb100000, 0x00000000cb200000)
AC   0  O    TS     0 PTAMS 0x00000000cb300000 NTAMS 0x00000000cb300000 space 1024K, 100% used [0x00000000cb200000, 0x00000000cb300000)
AC   0  O    TS     0 PTAMS 0x00000000cb400000 NTAMS 0x00000000cb400000 space 1024K, 100% used [0x00000000cb300000, 0x00000000cb400000)
AC   0  O    TS     0 PTAMS 0x00000000cb500000 NTAMS 0x00000000cb500000 space 1024K, 100% used [0x00000000cb400000, 0x00000000cb500000)
AC   0  O    TS     0 PTAMS 0x00000000cb600000 NTAMS 0x00000000cb600000 space 1024K, 100% used [0x00000000cb500000, 0x00000000cb600000)
AC   0  O    TS     0 PTAMS 0x00000000cb700000 NTAMS 0x00000000cb700000 space 1024K, 100% used [0x00000000cb600000, 0x00000000cb700000)
AC   0  O    TS     0 PTAMS 0x00000000cb800000 NTAMS 0x00000000cb800000 space 1024K, 100% used [0x00000000cb700000, 0x00000000cb800000)
AC   0  O    TS     0 PTAMS 0x00000000cb900000 NTAMS 0x00000000cb900000 space 1024K, 100% used [0x00000000cb800000, 0x00000000cb900000)
AC   0  O    TS     3 PTAMS 0x00000000cb95bc00 NTAMS 0x00000000cb95bc00 space 1024K, 100% used [0x00000000cb900000, 0x00000000cba00000)
AC   0  F    TS     0 PTAMS 0x00000000cba00000 NTAMS 0x00000000cba00000 space 1024K,   0% used [0x00000000cba00000, 0x00000000cbb00000)
AC   0  F    TS     0 PTAMS 0x00000000cbb00000 NTAMS 0x00000000cbb00000 space 1024K,   0% used [0x00000000cbb00000, 0x00000000cbc00000)
AC   0  F    TS     0 PTAMS 0x00000000cbc00000 NTAMS 0x00000000cbc00000 space 1024K,   0% used [0x00000000cbc00000, 0x00000000cbd00000)
AC   0  F    TS     0 PTAMS 0x00000000cbd00000 NTAMS 0x00000000cbd00000 space 1024K,   0% used [0x00000000cbd00000, 0x00000000cbe00000)
AC   0  F    TS     0 PTAMS 0x00000000cbe00000 NTAMS 0x00000000cbe00000 space 1024K,   0% used [0x00000000cbe00000, 0x00000000cbf00000)
AC   0  F    TS     0 PTAMS 0x00000000cbf00000 NTAMS 0x00000000cbf00000 space 1024K,   0% used [0x00000000cbf00000, 0x00000000cc000000)
AC   0  F    TS     0 PTAMS 0x00000000cc000000 NTAMS 0x00000000cc000000 space 1024K,   0% used [0x00000000cc000000, 0x00000000cc100000)
AC   0  F    TS     0 PTAMS 0x00000000cc100000 NTAMS 0x00000000cc100000 space 1024K,   0% used [0x00000000cc100000, 0x00000000cc200000)
AC   0  F    TS     0 PTAMS 0x00000000cc200000 NTAMS 0x00000000cc200000 space 1024K,   0% used [0x00000000cc200000, 0x00000000cc300000)
AC   0  F    TS     0 PTAMS 0x00000000cc300000 NTAMS 0x00000000cc300000 space 1024K,   0% used [0x00000000cc300000, 0x00000000cc400000)
AC   0  F    TS     0 PTAMS 0x00000000cc400000 NTAMS 0x00000000cc400000 space 1024K,   0% used [0x00000000cc400000, 0x00000000cc500000)
AC   0  F    TS     0 PTAMS 0x00000000cc500000 NTAMS 0x00000000cc500000 space 1024K,   0% used [0x00000000cc500000, 0x00000000cc600000)
AC   0  F    TS     0 PTAMS 0x00000000cc600000 NTAMS 0x00000000cc600000 space 1024K,   0% used [0x00000000cc600000, 0x00000000cc700000)
AC   0  F    TS     0 PTAMS 0x00000000cc700000 NTAMS 0x00000000cc700000 space 1024K,   0% used [0x00000000cc700000, 0x00000000cc800000)
AC   0  F    TS     0 PTAMS 0x00000000cc800000 NTAMS 0x00000000cc800000 space 1024K,   0% used [0x00000000cc800000, 0x00000000cc900000)
AC   0  F    TS     0 PTAMS 0x00000000cc900000 NTAMS 0x00000000cc900000 space 1024K,   0% used [0x00000000cc900000, 0x00000000cca00000)
AC   0  F    TS     1 PTAMS 0x00000000cca00000 NTAMS 0x00000000cca00000 space 1024K,   0% used [0x00000000cca00000, 0x00000000ccb00000)
AC   0  F    TS     0 PTAMS 0x00000000ccb00000 NTAMS 0x00000000ccb00000 space 1024K,   0% used [0x00000000ccb00000, 0x00000000ccc00000)
AC   0  F    TS     1 PTAMS 0x00000000ccc00000 NTAMS 0x00000000ccc00000 space 1024K,   0% used [0x00000000ccc00000, 0x00000000ccd00000)
AC   0  F    TS     0 PTAMS 0x00000000ccd00000 NTAMS 0x00000000ccd00000 space 1024K,   0% used [0x00000000ccd00000, 0x00000000cce00000)
AC   0  F    TS     0 PTAMS 0x00000000cce00000 NTAMS 0x00000000cce00000 space 1024K,   0% used [0x00000000cce00000, 0x00000000ccf00000)
AC   0  F    TS     0 PTAMS 0x00000000ccf00000 NTAMS 0x00000000ccf00000 space 1024K,   0% used [0x00000000ccf00000, 0x00000000cd000000)
AC   0  F    TS     0 PTAMS 0x00000000cd000000 NTAMS 0x00000000cd000000 space 1024K,   0% used [0x00000000cd000000, 0x00000000cd100000)
AC   0  F    TS     0 PTAMS 0x00000000cd100000 NTAMS 0x00000000cd100000 space 1024K,   0% used [0x00000000cd100000, 0x00000000cd200000)
AC   0  F    TS     0 PTAMS 0x00000000cd200000 NTAMS 0x00000000cd200000 space 1024K,   0% used [0x00000000cd200000, 0x00000000cd300000)
AC   0  F    TS     0 PTAMS 0x00000000cd300000 NTAMS 0x00000000cd300000 space 1024K,   0% used [0x00000000cd300000, 0x00000000cd400000)
AC   0  F    TS     0 PTAMS 0x00000000cd400000 NTAMS 0x00000000cd400000 space 1024K,   0% used [0x00000000cd400000, 0x00000000cd500000)
AC   0  F    TS     0 PTAMS 0x00000000cd500000 NTAMS 0x00000000cd500000 space 1024K,   0% used [0x00000000cd500000, 0x00000000cd600000)
AC   0  F    TS     0 PTAMS 0x00000000cd600000 NTAMS 0x00000000cd600000 space 1024K,   0% used [0x00000000cd600000, 0x00000000cd700000)
AC   0  F    TS     0 PTAMS 0x00000000cd700000 NTAMS 0x00000000cd700000 space 1024K,   0% used [0x00000000cd700000, 0x00000000cd800000)
AC   0  F    TS     0 PTAMS 0x00000000cd800000 NTAMS 0x00000000cd800000 space 1024K,   0% used [0x00000000cd800000, 0x00000000cd900000)
AC   0  F    TS     0 PTAMS 0x00000000cd900000 NTAMS 0x00000000cd900000 space 1024K,   0% used [0x00000000cd900000, 0x00000000cda00000)
AC   0  F    TS     0 PTAMS 0x00000000cda00000 NTAMS 0x00000000cda00000 space 1024K,   0% used [0x00000000cda00000, 0x00000000cdb00000)
AC   0  F    TS     0 PTAMS 0x00000000cdb00000 NTAMS 0x00000000cdb00000 space 1024K,   0% used [0x00000000cdb00000, 0x00000000cdc00000)
AC   0  F    TS     0 PTAMS 0x00000000cdc00000 NTAMS 0x00000000cdc00000 space 1024K,   0% used [0x00000000cdc00000, 0x00000000cdd00000)
AC   0  F    TS     0 PTAMS 0x00000000cdd00000 NTAMS 0x00000000cdd00000 space 1024K,   0% used [0x00000000cdd00000, 0x00000000cde00000)
AC   0  F    TS     0 PTAMS 0x00000000cde00000 NTAMS 0x00000000cde00000 space 1024K,   0% used [0x00000000cde00000, 0x00000000cdf00000)
AC   0  F    TS     0 PTAMS 0x00000000cdf00000 NTAMS 0x00000000cdf00000 space 1024K,   0% used [0x00000000cdf00000, 0x00000000ce000000)
AC   0  F    TS     0 PTAMS 0x00000000ce000000 NTAMS 0x00000000ce000000 space 1024K,   0% used [0x00000000ce000000, 0x00000000ce100000)
AC   0  F    TS     0 PTAMS 0x00000000ce100000 NTAMS 0x00000000ce100000 space 1024K,   0% used [0x00000000ce100000, 0x00000000ce200000)
AC   0  F    TS     0 PTAMS 0x00000000ce200000 NTAMS 0x00000000ce200000 space 1024K,   0% used [0x00000000ce200000, 0x00000000ce300000)
AC   0  F    TS     0 PTAMS 0x00000000ce300000 NTAMS 0x00000000ce300000 space 1024K,   0% used [0x00000000ce300000, 0x00000000ce400000)
AC   0  F    TS     0 PTAMS 0x00000000ce400000 NTAMS 0x00000000ce400000 space 1024K,   0% used [0x00000000ce400000, 0x00000000ce500000)
AC   0  F    TS     0 PTAMS 0x00000000ce500000 NTAMS 0x00000000ce500000 space 1024K,   0% used [0x00000000ce500000, 0x00000000ce600000)
AC   0  F    TS     0 PTAMS 0x00000000ce600000 NTAMS 0x00000000ce600000 space 1024K,   0% used [0x00000000ce600000, 0x00000000ce700000)
AC   0  F    TS     0 PTAMS 0x00000000ce700000 NTAMS 0x00000000ce700000 space 1024K,   0% used [0x00000000ce700000, 0x00000000ce800000)
AC   0  F    TS     0 PTAMS 0x00000000ce800000 NTAMS 0x00000000ce800000 space 1024K,   0% used [0x00000000ce800000, 0x00000000ce900000)
AC   0  F    TS     0 PTAMS 0x00000000ce900000 NTAMS 0x00000000ce900000 space 1024K,   0% used [0x00000000ce900000, 0x00000000cea00000)
AC   0  F    TS     0 PTAMS 0x00000000cea00000 NTAMS 0x00000000cea00000 space 1024K,   0% used [0x00000000cea00000, 0x00000000ceb00000)
AC   0  F    TS     0 PTAMS 0x00000000ceb00000 NTAMS 0x00000000ceb00000 space 1024K,   0% used [0x00000000ceb00000, 0x00000000cec00000)
AC   0  F    TS     0 PTAMS 0x00000000cec00000 NTAMS 0x00000000cec00000 space 1024K,   0% used [0x00000000cec00000, 0x00000000ced00000)
AC   0  F    TS     0 PTAMS 0x00000000ced00000 NTAMS 0x00000000ced00000 space 1024K,   0% used [0x00000000ced00000, 0x00000000cee00000)
AC   0  F    TS     0 PTAMS 0x00000000cee00000 NTAMS 0x00000000cee00000 space 1024K,   0% used [0x00000000cee00000, 0x00000000cef00000)
AC   0  E    TS     0 PTAMS 0x00000000cef00000 NTAMS 0x00000000cef00000 space 1024K,  50% used [0x00000000cef00000, 0x00000000cf000000)
AC   0  E CS TS     0 PTAMS 0x00000000cf000000 NTAMS 0x00000000cf000000 space 1024K, 100% used [0x00000000cf000000, 0x00000000cf100000)
AC   0  E CS TS     0 PTAMS 0x00000000cf100000 NTAMS 0x00000000cf100000 space 1024K, 100% used [0x00000000cf100000, 0x00000000cf200000)
AC   0  E CS TS     0 PTAMS 0x00000000cf200000 NTAMS 0x00000000cf200000 space 1024K, 100% used [0x00000000cf200000, 0x00000000cf300000)
AC   0  E CS TS     0 PTAMS 0x00000000cf300000 NTAMS 0x00000000cf300000 space 1024K, 100% used [0x00000000cf300000, 0x00000000cf400000)
AC   0  S CS TS     3 PTAMS 0x00000000cf400000 NTAMS 0x00000000cf400000 space 1024K,  23% used [0x00000000cf400000, 0x00000000cf500000)
AC   0  S CS TS     3 PTAMS 0x00000000cf500000 NTAMS 0x00000000cf500000 space 1024K, 100% used [0x00000000cf500000, 0x00000000cf600000)
AC   0  E CS TS     0 PTAMS 0x00000000cf600000 NTAMS 0x00000000cf600000 space 1024K, 100% used [0x00000000cf600000, 0x00000000cf700000)
AC   0  E CS TS     0 PTAMS 0x00000000cf700000 NTAMS 0x00000000cf700000 space 1024K, 100% used [0x00000000cf700000, 0x00000000cf800000)
AC   0  E CS TS     0 PTAMS 0x00000000cf800000 NTAMS 0x00000000cf800000 space 1024K, 100% used [0x00000000cf800000, 0x00000000cf900000)
AC   0  E CS TS     0 PTAMS 0x00000000cf900000 NTAMS 0x00000000cf900000 space 1024K, 100% used [0x00000000cf900000, 0x00000000cfa00000)
AC   0  E CS TS     0 PTAMS 0x00000000cfa00000 NTAMS 0x00000000cfa00000 space 1024K, 100% used [0x00000000cfa00000, 0x00000000cfb00000)
AC   0  E CS TS     0 PTAMS 0x00000000cfb00000 NTAMS 0x00000000cfb00000 space 1024K, 100% used [0x00000000cfb00000, 0x00000000cfc00000)
AC   0  E CS TS     0 PTAMS 0x00000000cfc00000 NTAMS 0x00000000cfc00000 space 1024K, 100% used [0x00000000cfc00000, 0x00000000cfd00000)
AC   0  E CS TS     0 PTAMS 0x00000000cfd00000 NTAMS 0x00000000cfd00000 space 1024K, 100% used [0x00000000cfd00000, 0x00000000cfe00000)
AC   0  E CS TS     0 PTAMS 0x00000000cfe00000 NTAMS 0x00000000cfe00000 space 1024K, 100% used [0x00000000cfe00000, 0x00000000cff00000)
AC   0  E CS TS     0 PTAMS 0x00000000cff00000 NTAMS 0x00000000cff00000 space 1024K, 100% used [0x00000000cff00000, 0x00000000d0000000)

Card table byte_map: [0x0000000013370000,0x0000000013570000] byte_map_base: 0x0000000012d70000

Marking Bits (Prev, Next): (CMBitMap*) 0x000000000288b828, (CMBitMap*) 0x000000000288b880
 Prev Bits: [0x0000000013770000, 0x0000000014770000)
 Next Bits: [0x0000000014770000, 0x0000000015770000)

Polling page: 0x0000000000c70000

CodeCache: size=245760Kb used=76481Kb max_used=76488Kb free=169278Kb
 bounds [0x0000000002e70000, 0x0000000007990000, 0x0000000011e70000]
 total_blobs=20469 nmethods=19446 adapters=928
 compilation: enabled

Compilation events (10 events):
Event: 666.244 Thread 0x0000000018a69800 25966       3       org.eclipse.ui.internal.services.WorkbenchSourceProvider::selectionChanged (61 bytes)
Event: 666.246 Thread 0x0000000018a69800 nmethod 25966 0x0000000007982c90 code [0x0000000007982ee0, 0x0000000007983ec8]
Event: 666.253 Thread 0x0000000018a69800 25967       3       org.eclipse.e4.ui.workbench.addons.cleanupaddon.CleanupAddon::shouldReactToChildVisibilityChanges (41 bytes)
Event: 666.254 Thread 0x0000000018a69800 nmethod 25967 0x0000000007984550 code [0x0000000007984760, 0x0000000007985418]
Event: 666.277 Thread 0x0000000018a62000 25968       4       org.eclipse.jface.action.MenuManager::isVisible (78 bytes)
Event: 666.286 Thread 0x0000000018a69800 25969       3       org.eclipse.ui.texteditor.AbstractRulerActionDelegate::setActiveEditor (203 bytes)
Event: 666.288 Thread 0x0000000018a69800 nmethod 25969 0x0000000007985a90 code [0x0000000007985d60, 0x00000000079876a8]
Event: 666.290 Thread 0x0000000018a62000 nmethod 25968 0x0000000007971b90 code [0x0000000007971d00, 0x0000000007972678]
Event: 666.292 Thread 0x0000000018a69800 25970       3       org.eclipse.debug.core.DebugPlugin::getAdapter (76 bytes)
Event: 666.293 Thread 0x0000000018a69800 nmethod 25970 0x0000000007989b50 code [0x0000000007989dc0, 0x000000000798ad78]

GC Heap History (10 events):
Event: 645.347 GC heap before
{Heap before GC invocations=99 (full 0):
 garbage-first heap   total 262144K, used 194167K [0x00000000c0000000, 0x00000000c0100800, 0x0000000100000000)
  region size 1024K, 12 young (12288K), 1 survivors (1024K)
 Metaspace       used 139459K, capacity 154016K, committed 154312K, reserved 1183744K
  class space    used 16623K, capacity 20450K, committed 20480K, reserved 1048576K
Event: 645.367 GC heap after
Heap after GC invocations=100 (full 0):
 garbage-first heap   total 262144K, used 178110K [0x00000000c0000000, 0x00000000c0100800, 0x0000000100000000)
  region size 1024K, 1 young (1024K), 1 survivors (1024K)
 Metaspace       used 139459K, capacity 154016K, committed 154312K, reserved 1183744K
  class space    used 16623K, capacity 20450K, committed 20480K, reserved 1048576K
}
Event: 645.790 GC heap before
{Heap before GC invocations=100 (full 0):
 garbage-first heap   total 262144K, used 229310K [0x00000000c0000000, 0x00000000c0100800, 0x0000000100000000)
  region size 1024K, 51 young (52224K), 1 survivors (1024K)
 Metaspace       used 139466K, capacity 154080K, committed 154312K, reserved 1183744K
  class space    used 16623K, capacity 20450K, committed 20480K, reserved 1048576K
Event: 645.809 GC heap after
Heap after GC invocations=101 (full 0):
 garbage-first heap   total 262144K, used 178052K [0x00000000c0000000, 0x00000000c0100800, 0x0000000100000000)
  region size 1024K, 1 young (1024K), 1 survivors (1024K)
 Metaspace       used 139466K, capacity 154080K, committed 154312K, reserved 1183744K
  class space    used 16623K, capacity 20450K, committed 20480K, reserved 1048576K
}
Event: 652.946 GC heap before
{Heap before GC invocations=101 (full 0):
 garbage-first heap   total 262144K, used 230276K [0x00000000c0000000, 0x00000000c0100800, 0x0000000100000000)
  region size 1024K, 52 young (53248K), 1 survivors (1024K)
 Metaspace       used 139485K, capacity 154080K, committed 154312K, reserved 1183744K
  class space    used 16623K, capacity 20450K, committed 20480K, reserved 1048576K
Event: 652.958 GC heap after
Heap after GC invocations=102 (full 0):
 garbage-first heap   total 262144K, used 179038K [0x00000000c0000000, 0x00000000c0100800, 0x0000000100000000)
  region size 1024K, 1 young (1024K), 1 survivors (1024K)
 Metaspace       used 139485K, capacity 154080K, committed 154312K, reserved 1183744K
  class space    used 16623K, capacity 20450K, committed 20480K, reserved 1048576K
}
Event: 655.676 GC heap before
{Heap before GC invocations=103 (full 0):
 garbage-first heap   total 262144K, used 231262K [0x00000000c0000000, 0x00000000c0100800, 0x0000000100000000)
  region size 1024K, 52 young (53248K), 1 survivors (1024K)
 Metaspace       used 139521K, capacity 154128K, committed 154312K, reserved 1183744K
  class space    used 16627K, capacity 20458K, committed 20480K, reserved 1048576K
Event: 655.687 GC heap after
Heap after GC invocations=104 (full 0):
 garbage-first heap   total 262144K, used 179593K [0x00000000c0000000, 0x00000000c0100800, 0x0000000100000000)
  region size 1024K, 2 young (2048K), 2 survivors (2048K)
 Metaspace       used 139521K, capacity 154128K, committed 154312K, reserved 1183744K
  class space    used 16627K, capacity 20458K, committed 20480K, reserved 1048576K
}
Event: 656.389 GC heap before
{Heap before GC invocations=104 (full 0):
 garbage-first heap   total 262144K, used 189833K [0x00000000c0000000, 0x00000000c0100800, 0x0000000100000000)
  region size 1024K, 12 young (12288K), 2 survivors (2048K)
 Metaspace       used 139522K, capacity 154128K, committed 154312K, reserved 1183744K
  class space    used 16627K, capacity 20458K, committed 20480K, reserved 1048576K
Event: 656.437 GC heap after
Heap after GC invocations=105 (full 0):
 garbage-first heap   total 262144K, used 177440K [0x00000000c0000000, 0x00000000c0100800, 0x0000000100000000)
  region size 1024K, 2 young (2048K), 2 survivors (2048K)
 Metaspace       used 139522K, capacity 154128K, committed 154312K, reserved 1183744K
  class space    used 16627K, capacity 20458K, committed 20480K, reserved 1048576K
}

Deoptimization events (10 events):
Event: 643.859 Thread 0x000000001f283800 Uncommon trap: reason=class_check action=maybe_recompile pc=0x000000000788d614 method=org.eclipse.equinox.internal.p2.metadata.IUMap.add(Lorg/eclipse/equinox/p2/metadata/IInstallableUnit;)V @ 133
Event: 643.859 Thread 0x000000001f283800 Uncommon trap: reason=class_check action=maybe_recompile pc=0x000000000788d414 method=org.eclipse.equinox.internal.p2.metadata.IUMap.add(Lorg/eclipse/equinox/p2/metadata/IInstallableUnit;)V @ 65
Event: 643.859 Thread 0x000000001f283800 Uncommon trap: reason=class_check action=maybe_recompile pc=0x000000000788d414 method=org.eclipse.equinox.internal.p2.metadata.IUMap.add(Lorg/eclipse/equinox/p2/metadata/IInstallableUnit;)V @ 65
Event: 643.939 Thread 0x000000001f283800 Uncommon trap: reason=unstable_if action=reinterpret pc=0x00000000077cbf0c method=java.util.HashMap.compute(Ljava/lang/Object;Ljava/util/function/BiFunction;)Ljava/lang/Object; @ 280
Event: 643.993 Thread 0x000000001f283800 Uncommon trap: reason=class_check action=maybe_recompile pc=0x0000000005dbe568 method=org.eclipse.equinox.internal.p2.metadata.expression.CompoundIterator.positionNext()Z @ 38
Event: 643.993 Thread 0x000000001f283800 Uncommon trap: reason=unstable_if action=reinterpret pc=0x0000000005dbe5ac method=org.eclipse.equinox.internal.p2.metadata.expression.CompoundIterator.positionNext()Z @ 62
Event: 661.215 Thread 0x0000000002853000 Uncommon trap: reason=class_check action=maybe_recompile pc=0x0000000005f1e810 method=org.eclipse.swt.widgets.Composite.wmNotify(Lorg/eclipse/swt/internal/win32/NMHDR;JJ)Lorg/eclipse/swt/internal/win32/LRESULT; @ 184
Event: 661.235 Thread 0x0000000002853000 Uncommon trap: reason=class_check action=maybe_recompile pc=0x0000000005f1e810 method=org.eclipse.swt.widgets.Composite.wmNotify(Lorg/eclipse/swt/internal/win32/NMHDR;JJ)Lorg/eclipse/swt/internal/win32/LRESULT; @ 184
Event: 661.354 Thread 0x0000000002853000 Uncommon trap: reason=class_check action=maybe_recompile pc=0x0000000005f1e810 method=org.eclipse.swt.widgets.Composite.wmNotify(Lorg/eclipse/swt/internal/win32/NMHDR;JJ)Lorg/eclipse/swt/internal/win32/LRESULT; @ 184
Event: 661.372 Thread 0x0000000002853000 Uncommon trap: reason=class_check action=maybe_recompile pc=0x0000000005f1e810 method=org.eclipse.swt.widgets.Composite.wmNotify(Lorg/eclipse/swt/internal/win32/NMHDR;JJ)Lorg/eclipse/swt/internal/win32/LRESULT; @ 184

Classes redefined (0 events):
No events

Internal exceptions (10 events):
Event: 655.488 Thread 0x0000000002853000 Exception <a 'java/lang/IllegalArgumentException'> (0x00000000cd78c7d0) thrown at [C:\re\workspace\8-2-build-windows-amd64-cygwin\jdk8u221\13320\hotspot\src\share\vm\prims\jni.cpp, line 710]
Event: 655.488 Thread 0x0000000002853000 Exception <a 'java/lang/IllegalArgumentException'> (0x00000000cd78f598) thrown at [C:\re\workspace\8-2-build-windows-amd64-cygwin\jdk8u221\13320\hotspot\src\share\vm\prims\jni.cpp, line 710]
Event: 655.488 Thread 0x0000000002853000 Exception <a 'java/lang/IllegalArgumentException'> (0x00000000cd792370) thrown at [C:\re\workspace\8-2-build-windows-amd64-cygwin\jdk8u221\13320\hotspot\src\share\vm\prims\jni.cpp, line 710]
Event: 655.488 Thread 0x0000000002853000 Exception <a 'java/lang/IllegalArgumentException'> (0x00000000cd795138) thrown at [C:\re\workspace\8-2-build-windows-amd64-cygwin\jdk8u221\13320\hotspot\src\share\vm\prims\jni.cpp, line 710]
Event: 655.488 Thread 0x0000000002853000 Exception <a 'java/lang/IllegalArgumentException'> (0x00000000cd797f00) thrown at [C:\re\workspace\8-2-build-windows-amd64-cygwin\jdk8u221\13320\hotspot\src\share\vm\prims\jni.cpp, line 710]
Event: 655.488 Thread 0x0000000002853000 Exception <a 'java/lang/IllegalArgumentException'> (0x00000000cd79c4c8) thrown at [C:\re\workspace\8-2-build-windows-amd64-cygwin\jdk8u221\13320\hotspot\src\share\vm\prims\jni.cpp, line 710]
Event: 655.488 Thread 0x0000000002853000 Exception <a 'java/lang/IllegalArgumentException'> (0x00000000cd79f938) thrown at [C:\re\workspace\8-2-build-windows-amd64-cygwin\jdk8u221\13320\hotspot\src\share\vm\prims\jni.cpp, line 710]
Event: 655.488 Thread 0x0000000002853000 Exception <a 'java/lang/IllegalArgumentException'> (0x00000000cd7a2ca0) thrown at [C:\re\workspace\8-2-build-windows-amd64-cygwin\jdk8u221\13320\hotspot\src\share\vm\prims\jni.cpp, line 710]
Event: 655.488 Thread 0x0000000002853000 Exception <a 'java/lang/IllegalArgumentException'> (0x00000000cd7a5f78) thrown at [C:\re\workspace\8-2-build-windows-amd64-cygwin\jdk8u221\13320\hotspot\src\share\vm\prims\jni.cpp, line 710]
Event: 655.488 Thread 0x0000000002853000 Exception <a 'java/lang/IllegalArgumentException'> (0x00000000cd7a8db8) thrown at [C:\re\workspace\8-2-build-windows-amd64-cygwin\jdk8u221\13320\hotspot\src\share\vm\prims\jni.cpp, line 710]

Events (10 events):
Event: 661.235 Thread 0x0000000002853000 DEOPT PACKING pc=0x0000000005f1e810 sp=0x0000000000afbd90
Event: 661.235 Thread 0x0000000002853000 DEOPT UNPACKING pc=0x0000000002eb583b sp=0x0000000000afbd08 mode 2
Event: 661.354 Thread 0x0000000002853000 Uncommon trap: trap_request=0xffffffde fr.pc=0x0000000005f1e810
Event: 661.354 Thread 0x0000000002853000 DEOPT PACKING pc=0x0000000005f1e810 sp=0x0000000000afc400
Event: 661.354 Thread 0x0000000002853000 DEOPT UNPACKING pc=0x0000000002eb583b sp=0x0000000000afc378 mode 2
Event: 661.372 Thread 0x0000000002853000 Uncommon trap: trap_request=0xffffffde fr.pc=0x0000000005f1e810
Event: 661.372 Thread 0x0000000002853000 DEOPT PACKING pc=0x0000000005f1e810 sp=0x0000000000afbd90
Event: 661.372 Thread 0x0000000002853000 DEOPT UNPACKING pc=0x0000000002eb583b sp=0x0000000000afbd08 mode 2
Event: 666.203 Executing VM operation: RevokeBias
Event: 666.203 Executing VM operation: RevokeBias done


Dynamic libraries:
0x00007ff62cd10000 - 0x00007ff62cd7a000 	C:\Users\Joao\eclipse\jee-2019-09\eclipse\eclipse.exe
0x00007ffbd9a20000 - 0x00007ffbd9c10000 	C:\WINDOWS\SYSTEM32\ntdll.dll
0x00007ffbd91a0000 - 0x00007ffbd9252000 	C:\WINDOWS\System32\KERNEL32.DLL
0x00007ffbd7740000 - 0x00007ffbd79e3000 	C:\WINDOWS\System32\KERNELBASE.dll
0x00007ffbd8cb0000 - 0x00007ffbd8e44000 	C:\WINDOWS\System32\USER32.dll
0x00007ffbd7470000 - 0x00007ffbd7491000 	C:\WINDOWS\System32\win32u.dll
0x00007ffbd9950000 - 0x00007ffbd9976000 	C:\WINDOWS\System32\GDI32.dll
0x00007ffbd75a0000 - 0x00007ffbd7734000 	C:\WINDOWS\System32\gdi32full.dll
0x00007ffbd73d0000 - 0x00007ffbd746e000 	C:\WINDOWS\System32\msvcp_win.dll
0x00007ffbd69b0000 - 0x00007ffbd6aaa000 	C:\WINDOWS\System32\ucrtbase.dll
0x00007ffbc3020000 - 0x00007ffbc32a5000 	C:\WINDOWS\WinSxS\amd64_microsoft.windows.common-controls_6595b64144ccf1df_6.0.18362.418_none_e6c6b287130d565d\COMCTL32.dll
0x00007ffbd7c40000 - 0x00007ffbd7cde000 	C:\WINDOWS\System32\msvcrt.dll
0x00007ffbd7fc0000 - 0x00007ffbd82f6000 	C:\WINDOWS\System32\combase.dll
0x00007ffbd8910000 - 0x00007ffbd8a30000 	C:\WINDOWS\System32\RPCRT4.dll
0x00007ffbd7a50000 - 0x00007ffbd7ad0000 	C:\WINDOWS\System32\bcryptPrimitives.dll
0x00007ffbd8800000 - 0x00007ffbd882e000 	C:\WINDOWS\System32\IMM32.DLL
0x00007ffbc8d30000 - 0x00007ffbc8d59000 	C:\Users\Joao\.p2\pool\plugins\org.eclipse.equinox.launcher.win32.win32.x86_64_1.1.1100.v20190907-0426\eclipse_1902.dll
0x00007ffbd8e50000 - 0x00007ffbd8ef3000 	C:\WINDOWS\System32\ADVAPI32.dll
0x00007ffbd7cf0000 - 0x00007ffbd7d87000 	C:\WINDOWS\System32\sechost.dll
0x00007ffbd1b20000 - 0x00007ffbd1b2a000 	C:\WINDOWS\SYSTEM32\VERSION.dll
0x000000006a230000 - 0x000000006aad5000 	C:\Program Files\Java\jdk1.8.0_221\jre\bin\server\jvm.dll
0x00007ffbd7ce0000 - 0x00007ffbd7ce8000 	C:\WINDOWS\System32\PSAPI.DLL
0x00007ffbd4a70000 - 0x00007ffbd4a94000 	C:\WINDOWS\SYSTEM32\WINMM.dll
0x00007ffbd2840000 - 0x00007ffbd2849000 	C:\WINDOWS\SYSTEM32\WSOCK32.dll
0x000000006a150000 - 0x000000006a222000 	C:\WINDOWS\SYSTEM32\MSVCR100.dll
0x00007ffbd8f80000 - 0x00007ffbd8fef000 	C:\WINDOWS\System32\WS2_32.dll
0x00007ffbd4a40000 - 0x00007ffbd4a6d000 	C:\WINDOWS\SYSTEM32\WINMMBASE.dll
0x00007ffbd74a0000 - 0x00007ffbd74ea000 	C:\WINDOWS\System32\cfgmgr32.dll
0x00007ffbd1c00000 - 0x00007ffbd1c0f000 	C:\Program Files\Java\jdk1.8.0_221\jre\bin\verify.dll
0x00007ffbc1ad0000 - 0x00007ffbc1af9000 	C:\Program Files\Java\jdk1.8.0_221\jre\bin\java.dll
0x00007ffbca530000 - 0x00007ffbca546000 	C:\Program Files\Java\jdk1.8.0_221\jre\bin\zip.dll
0x00007ffbd9260000 - 0x00007ffbd9945000 	C:\WINDOWS\System32\SHELL32.dll
0x00007ffbd7f10000 - 0x00007ffbd7fb9000 	C:\WINDOWS\System32\shcore.dll
0x00007ffbd6c50000 - 0x00007ffbd73cf000 	C:\WINDOWS\System32\windows.storage.dll
0x00007ffbd6990000 - 0x00007ffbd69af000 	C:\WINDOWS\System32\profapi.dll
0x00007ffbd6940000 - 0x00007ffbd698a000 	C:\WINDOWS\System32\powrprof.dll
0x00007ffbd68f0000 - 0x00007ffbd6900000 	C:\WINDOWS\System32\UMPDC.dll
0x00007ffbd88b0000 - 0x00007ffbd8902000 	C:\WINDOWS\System32\shlwapi.dll
0x00007ffbd6900000 - 0x00007ffbd6911000 	C:\WINDOWS\System32\kernel.appcore.dll
0x00007ffbd6c30000 - 0x00007ffbd6c47000 	C:\WINDOWS\System32\cryptsp.dll
0x00007ffbd5cd0000 - 0x00007ffbd5d03000 	C:\WINDOWS\system32\rsaenh.dll
0x00007ffbd6c00000 - 0x00007ffbd6c26000 	C:\WINDOWS\System32\bcrypt.dll
0x00007ffbd67e0000 - 0x00007ffbd6805000 	C:\WINDOWS\SYSTEM32\USERENV.dll
0x00007ffbd6330000 - 0x00007ffbd633c000 	C:\WINDOWS\SYSTEM32\CRYPTBASE.dll
0x00007ffbc9e70000 - 0x00007ffbc9e8a000 	C:\Program Files\Java\jdk1.8.0_221\jre\bin\net.dll
0x00007ffbc95f0000 - 0x00007ffbc97c6000 	C:\WINDOWS\SYSTEM32\urlmon.dll
0x00007ffbc98f0000 - 0x00007ffbc9b96000 	C:\WINDOWS\SYSTEM32\iertutil.dll
0x00007ffbd6160000 - 0x00007ffbd61c7000 	C:\WINDOWS\system32\mswsock.dll
0x00007ffbd5e70000 - 0x00007ffbd5eaa000 	C:\WINDOWS\SYSTEM32\IPHLPAPI.DLL
0x00007ffbd87f0000 - 0x00007ffbd87f8000 	C:\WINDOWS\System32\NSI.dll
0x00007ffbd0250000 - 0x00007ffbd0266000 	C:\WINDOWS\SYSTEM32\dhcpcsvc6.DLL
0x00007ffbd0140000 - 0x00007ffbd015c000 	C:\WINDOWS\SYSTEM32\dhcpcsvc.DLL
0x00007ffbd5eb0000 - 0x00007ffbd5f7a000 	C:\WINDOWS\SYSTEM32\DNSAPI.dll
0x00007ffbc4780000 - 0x00007ffbc4792000 	C:\Program Files\Java\jdk1.8.0_221\jre\bin\nio.dll
0x00007ffbd4f00000 - 0x00007ffbd4f99000 	C:\WINDOWS\system32\uxtheme.dll
0x00007ffbd8b70000 - 0x00007ffbd8ca6000 	C:\WINDOWS\System32\MSCTF.dll
0x00007ffbd7d90000 - 0x00007ffbd7e54000 	C:\WINDOWS\System32\OLEAUT32.dll
0x00007ffbca750000 - 0x00007ffbca7ee000 	C:\WINDOWS\System32\TextInputFramework.dll
0x00007ffbd4270000 - 0x00007ffbd4344000 	C:\WINDOWS\System32\CoreMessaging.dll
0x00007ffbd2aa0000 - 0x00007ffbd2dca000 	C:\WINDOWS\System32\CoreUIComponents.dll
0x00007ffbd5950000 - 0x00007ffbd5981000 	C:\WINDOWS\SYSTEM32\ntmarta.dll
0x00007ffbd2940000 - 0x00007ffbd2a93000 	C:\WINDOWS\SYSTEM32\wintypes.dll
0x00007ffbbf7f0000 - 0x00007ffbbf886000 	C:\Users\Joao\eclipse\jee-2019-09\eclipse\configuration\org.eclipse.osgi\732\0\.cp\swt-win32-4928r15.dll
0x00007ffbd7ae0000 - 0x00007ffbd7c36000 	C:\WINDOWS\System32\ole32.dll
0x00007ffbd8a30000 - 0x00007ffbd8b00000 	C:\WINDOWS\System32\COMDLG32.dll
0x00007ffbd6ab0000 - 0x00007ffbd6bf9000 	C:\WINDOWS\System32\CRYPT32.dll
0x00007ffbd6920000 - 0x00007ffbd6932000 	C:\WINDOWS\System32\MSASN1.dll
0x00007ffbc4930000 - 0x00007ffbc49b9000 	C:\WINDOWS\SYSTEM32\WINSPOOL.DRV
0x00007ffbc9eb0000 - 0x00007ffbc9ec9000 	C:\WINDOWS\SYSTEM32\USP10.dll
0x00007ffbbe1a0000 - 0x00007ffbbe676000 	C:\WINDOWS\SYSTEM32\WININET.dll
0x00007ffbd3860000 - 0x00007ffbd394f000 	C:\WINDOWS\SYSTEM32\PROPSYS.dll
0x00007ffbd30f0000 - 0x00007ffbd30f7000 	C:\WINDOWS\SYSTEM32\MSIMG32.dll
0x00007ffbd7e60000 - 0x00007ffbd7f02000 	C:\WINDOWS\System32\clbcatq.dll
0x00007ffbcb480000 - 0x00007ffbcb48d000 	C:\WINDOWS\SYSTEM32\LINKINFO.dll
0x00007ffbd47f0000 - 0x00007ffbd487a000 	C:\Windows\System32\msvcp110_win.dll
0x00007ffbbf730000 - 0x00007ffbbf756000 	C:\Users\Joao\eclipse\jee-2019-09\eclipse\configuration\org.eclipse.osgi\732\0\.cp\swt-gdip-win32-4928r15.dll
0x00007ffbc3700000 - 0x00007ffbc38a3000 	C:\WINDOWS\WinSxS\amd64_microsoft.windows.gdiplus_6595b64144ccf1df_1.1.18362.418_none_17b1a56c6d9fd02b\gdiplus.dll
0x00007ffbd2690000 - 0x00007ffbd283f000 	C:\WINDOWS\SYSTEM32\WindowsCodecs.dll
0x0000000180000000 - 0x0000000180012000 	C:\Users\Joao\eclipse\jee-2019-09\eclipse\configuration\org.eclipse.osgi\120\0\.cp\os\win32\x86_64\localfile_1_0_0.dll
0x00007ffbc1ab0000 - 0x00007ffbc1ac6000 	C:\WINDOWS\system32\napinsp.dll
0x00007ffbc1440000 - 0x00007ffbc145a000 	C:\WINDOWS\system32\pnrpnsp.dll
0x00007ffbcb6f0000 - 0x00007ffbcb6fe000 	C:\WINDOWS\System32\winrnr.dll
0x00007ffbd3070000 - 0x00007ffbd308c000 	C:\WINDOWS\system32\NLAapi.dll
0x00007ffbbdc70000 - 0x00007ffbbdc85000 	C:\WINDOWS\system32\wshbth.dll
0x00007ffbce330000 - 0x00007ffbce33a000 	C:\Windows\System32\rasadhlp.dll
0x00007ffbcfa00000 - 0x00007ffbcfa77000 	C:\WINDOWS\System32\fwpuclnt.dll
0x00007ffbc4570000 - 0x00007ffbc4581000 	C:\Users\Joao\eclipse\jee-2019-09\eclipse\configuration\org.eclipse.osgi\123\0\.cp\jWinHttp-1.0.0.dll
0x00007ffbce480000 - 0x00007ffbce570000 	C:\WINDOWS\SYSTEM32\WINHTTP.dll
0x00007ffbcfc80000 - 0x00007ffbcfce5000 	C:\WINDOWS\SYSTEM32\oleacc.dll
0x00007ffbbf700000 - 0x00007ffbbf724000 	C:\Program Files\Java\jdk1.8.0_221\jre\bin\sunec.dll
0x00007ffbbdc90000 - 0x00007ffbbdcca000 	C:\WINDOWS\system32\dataexchange.dll
0x00007ffbd3950000 - 0x00007ffbd3bab000 	C:\WINDOWS\system32\d3d11.dll
0x00007ffbd4040000 - 0x00007ffbd421b000 	C:\WINDOWS\system32\dcomp.dll
0x00007ffbd55f0000 - 0x00007ffbd56db000 	C:\WINDOWS\system32\dxgi.dll
0x00007ffbd5560000 - 0x00007ffbd5580000 	C:\WINDOWS\SYSTEM32\dxcore.dll
0x00007ffbd4bb0000 - 0x00007ffbd4e0a000 	C:\WINDOWS\system32\twinapi.appcore.dll
0x00007ffbd50b0000 - 0x00007ffbd50d9000 	C:\WINDOWS\system32\RMCLIENT.dll
0x00007ffbcf9b0000 - 0x00007ffbcf9f1000 	C:\WINDOWS\system32\mlang.dll
0x00007ffbc92f0000 - 0x00007ffbc95ee000 	C:\WINDOWS\SYSTEM32\DWrite.dll
0x00007ffbbae00000 - 0x00007ffbbb005000 	C:\WINDOWS\system32\explorerframe.dll
0x00007ffbba040000 - 0x00007ffbba0be000 	C:\WINDOWS\SYSTEM32\ntshrui.dll
0x00007ffbd6810000 - 0x00007ffbd683f000 	C:\WINDOWS\SYSTEM32\SspiCli.dll
0x00007ffbc5d10000 - 0x00007ffbc5d36000 	C:\WINDOWS\SYSTEM32\srvcli.dll
0x00007ffbbb060000 - 0x00007ffbbb072000 	C:\WINDOWS\SYSTEM32\cscapi.dll
0x00007ffbd0a00000 - 0x00007ffbd0a86000 	C:\WINDOWS\SYSTEM32\policymanager.dll
0x00007ffbc0c20000 - 0x00007ffbc0c43000 	C:\WINDOWS\SYSTEM32\edputil.dll
0x00007ffbbcf00000 - 0x00007ffbbcf5e000 	C:\Windows\System32\thumbcache.dll
0x00007ffba9640000 - 0x00007ffba97d9000 	C:\Program Files\Java\jdk1.8.0_221\jre\bin\awt.dll
0x00007ffbd4950000 - 0x00007ffbd49df000 	C:\WINDOWS\SYSTEM32\apphelp.dll
0x00007ffbd4fd0000 - 0x00007ffbd4ffd000 	C:\WINDOWS\system32\DWMAPI.DLL
0x0000000025c30000 - 0x0000000025c42000 	C:\Users\Joao\eclipse\jee-2019-09\eclipse\configuration\org.eclipse.osgi\971\0\.cp\os\win32\x86_64\wbp.dll
0x00007ffb98ce0000 - 0x00007ffb993ca000 	C:\Windows\System32\ieframe.dll
0x00007ffbc5f50000 - 0x00007ffbc5f67000 	C:\Windows\System32\NETAPI32.dll
0x00007ffbd2400000 - 0x00007ffbd2417000 	C:\Windows\System32\WKSCLI.DLL
0x00007ffbd5f80000 - 0x00007ffbd5f8c000 	C:\Windows\System32\NETUTILS.DLL
0x00007ffbd8f00000 - 0x00007ffbd8f76000 	C:\WINDOWS\System32\coml2.dll
0x00007ffbd6740000 - 0x00007ffbd67dd000 	C:\WINDOWS\SYSTEM32\sxs.dll
0x00007ffbb38f0000 - 0x00007ffbb3941000 	C:\WINDOWS\SYSTEM32\msIso.dll
0x00007ffb81ac0000 - 0x00007ffb83071000 	C:\Windows\System32\mshtml.dll
0x00007ffbb8190000 - 0x00007ffbb81bc000 	C:\Windows\System32\srpapi.dll
0x00007ffb98670000 - 0x00007ffb98b1b000 	C:\Windows\System32\jscript9.dll
0x00007ffbbc530000 - 0x00007ffbbc53c000 	C:\WINDOWS\SYSTEM32\Secur32.dll
0x00007ffbb63f0000 - 0x00007ffbb6660000 	C:\Windows\System32\uiautomationcore.dll
0x00007ffbd32a0000 - 0x00007ffbd3860000 	C:\Windows\System32\d2d1.dll
0x00007ffbb9ec0000 - 0x00007ffbb9ed6000 	C:\WINDOWS\SYSTEM32\ondemandconnroutehelper.dll
0x00007ffbd0270000 - 0x00007ffbd027b000 	C:\WINDOWS\SYSTEM32\WINNSI.DLL
0x00007ffbb4a30000 - 0x00007ffbb4a42000 	C:\WINDOWS\system32\msimtf.dll
0x00007ffbad260000 - 0x00007ffbad413000 	C:\WINDOWS\SYSTEM32\DUI70.dll

VM Arguments:
jvm_args: -Dosgi.requiredJavaVersion=1.8 -Dosgi.instance.area.default=@user.home/eclipse-workspace -XX:+UseG1GC -XX:+UseStringDeduplication -Dosgi.requiredJavaVersion=1.8 -Dosgi.dataAreaRequiresExplicitInit=true -Xms256m -Xmx1024m -Declipse.p2.max.threads=10 -Doomph.update.url=http://download.eclipse.org/oomph/updates/milestone/latest -Doomph.redirection.index.redirection=index:/->http://git.eclipse.org/c/oomph/org.eclipse.oomph.git/plain/setups/ 
java_command: <unknown>
java_class_path (initial): C:\Users\Joao\eclipse\jee-2019-09\eclipse\\plugins/org.eclipse.equinox.launcher_1.5.500.v20190715-1310.jar
Launcher Type: generic

Environment Variables:
JAVA_HOME=C:\Program Files\Java\jdk1.8.0_221
CLASSPATH=.;
PATH=C:/Program Files/Java/jdk1.8.0_221/bin/../jre/bin/server;C:/Program Files/Java/jdk1.8.0_221/bin/../jre/bin;C:/Program Files/Java/jdk1.8.0_221/bin/../jre/lib/amd64;C:\Python27\;C:\Python27\Scripts;C:\Windows\system32;C:\Windows;C:\Windows\System32\Wbem;C:\Windows\System32\WindowsPowerShell\v1.0\;C:\Program Files (x86)\NVIDIA Corporation\PhysX\Common;C:\Program Files\NVIDIA Corporation\NVIDIA NvDLISR;C:\ProgramData\chocolatey\bin;C:\Program Files\Git\cmd;C:\Program Files\Java\jdk1.8.0_221\bin;C:\WINDOWS\system32;C:\WINDOWS;C:\WINDOWS\System32\Wbem;C:\WINDOWS\System32\WindowsPowerShell\v1.0\;C:\WINDOWS\System32\OpenSSH\;C:\Program Files\nodejs\;C:\Program Files\Java\jdk1.8.0_221\bin;C:\Users\Joao\AppData\Local\Microsoft\WindowsApps;C:\Users\Joao\AppData\Local\Programs\Microsoft VS Code\bin;c:\Users\Joao\AppData\Local\Android\Sdk\platform-tools;C:\Users\Joao\AppData\Roaming\npm;;C:\Users\Joao\Desktop;
USERNAME=Joao
OS=Windows_NT
PROCESSOR_IDENTIFIER=Intel64 Family 6 Model 60 Stepping 3, GenuineIntel



---------------  S Y S T E M  ---------------

OS: Windows 10.0 , 64 bit Build 18362 (10.0.18362.329)

CPU:total 4 (initial active 4) (2 cores per cpu, 2 threads per core) family 6 model 60 stepping 3, cmov, cx8, fxsr, mmx, sse, sse2, sse3, ssse3, sse4.1, sse4.2, popcnt, avx, avx2, aes, clmul, erms, lzcnt, ht, tsc, tscinvbit, bmi1, bmi2

Memory: 4k page, physical 8256180k(4517096k free), swap 13236916k(7022372k free)

vm_info: Java HotSpot(TM) 64-Bit Server VM (25.221-b11) for windows-amd64 JRE (1.8.0_221-b11), built on Jul  4 2019 04:39:29 by "java_re" with MS VC++ 10.0 (VS2010)

time: Wed Nov 06 05:01:45 2019
timezone: Hora oficial do Brasil
elapsed time: 666 seconds (0d 0h 11m 6s)

